<?xml version="1.0" encoding="UTF-8"?>
<testsuite xmlns:xsi="http://www.w3.org/2001/XMLSchema-instance" xsi:noNamespaceSchemaLocation="https://maven.apache.org/surefire/maven-surefire-plugin/xsd/surefire-test-report.xsd" version="3.0.2" name="com.menusaas.categories.CategoriesIT" time="0.598" tests="1" errors="0" skipped="0" failures="0" flakes="0">
  <properties>
[...]
</properties>
  <testcase name="categoryCrud_tenantScoped_andConflictPaths" classname="com.menusaas.categories.CategoriesIT" time="0.571">
    <system-out><![CDATA[2026-08-19T11:13:27.795-05:00  INFO 146089 --- [           main] t.c.s.AnnotationConfigContextLoaderUtils : Could not detect default configuration classes for test class [com.menusaas.categories.CategoriesIT]: CategoriesIT does not declare any static, non-private, non-final, nested classes annotated with @Configuration.
2026-08-19T11:13:27.814-05:00  INFO 146089 --- [           main] .b.t.c.SpringBootTestContextBootstrapper : Found @SpringBootConfiguration com.menusaas.MenuSaaSApplication for test class com.menusaas.categories.CategoriesIT
2026-08-19T11:13:27.824-05:00 DEBUG 146089 --- [           main] o.s.web.client.RestTemplate              : HTTP GET http://localhost:35773/api/auth/csrf
2026-08-19T11:13:27.824-05:00 DEBUG 146089 --- [           main] o.s.web.client.RestTemplate              : Accept=[application/json, application/yaml, application/*+json]
2026-08-19T11:13:27.827-05:00 DEBUG 146089 --- [o-auto-1-exec-8] o.s.security.web.FilterChainProxy        : Securing GET /api/auth/csrf
2026-08-19T11:13:27.828-05:00 TRACE 146089 --- [o-auto-1-exec-8] s.s.w.c.CsrfTokenRequestAttributeHandler : Wrote a CSRF token to the following request attributes: [_csrf, org.springframework.security.web.csrf.CsrfToken]
2026-08-19T11:13:27.828-05:00 TRACE 146089 --- [o-auto-1-exec-8] o.s.security.web.csrf.CsrfFilter         : Did not protect against CSRF since request did not match And [CsrfNotRequired [TRACE, HEAD, GET, OPTIONS], Not [Or [Deferred [Mvc [pattern='/api/auth/login'], Ant [pattern='/api/auth/login']], Deferred [Mvc [pattern='/api/auth/register'], Ant [pattern='/api/auth/register']], Deferred [Mvc [pattern='/api/webhooks/**'], Ant [pattern='/api/webhooks/**']]]]]
2026-08-19T11:13:27.828-05:00 DEBUG 146089 --- [o-auto-1-exec-8] o.s.s.w.a.AnonymousAuthenticationFilter  : Set SecurityContextHolder to anonymous SecurityContext
2026-08-19T11:13:27.829-05:00 DEBUG 146089 --- [o-auto-1-exec-8] o.s.security.web.FilterChainProxy        : Secured GET /api/auth/csrf
2026-08-19T11:13:27.829-05:00 DEBUG 146089 --- [o-auto-1-exec-8] o.s.web.servlet.DispatcherServlet        : GET "/api/auth/csrf", parameters={}
2026-08-19T11:13:27.829-05:00 DEBUG 146089 --- [o-auto-1-exec-8] s.w.s.m.m.a.RequestMappingHandlerMapping : Mapped to com.menusaas.auth.controller.AuthController#csrf(HttpServletRequest)
2026-08-19T11:13:27.831-05:00 DEBUG 146089 --- [o-auto-1-exec-8] m.m.a.RequestResponseBodyMethodProcessor : Using 'application/json', given [application/json, application/yaml, application/*+json] and supported [application/json, application/*+json, application/yaml]
2026-08-19T11:13:27.831-05:00 DEBUG 146089 --- [o-auto-1-exec-8] m.m.a.RequestResponseBodyMethodProcessor : Writing [ApiResponse[success=true, message=OK, data=11dd0fbe-70eb-411d-b0ca-50e5188b860e, timestamp=2026-08-1 (truncated)...]
2026-08-19T11:13:27.833-05:00 DEBUG 146089 --- [o-auto-1-exec-8] o.s.web.servlet.DispatcherServlet        : Completed 200 OK
2026-08-19T11:13:27.833-05:00 DEBUG 146089 --- [           main] o.s.web.client.RestTemplate              : Response 200 OK
2026-08-19T11:13:27.834-05:00 DEBUG 146089 --- [           main] o.s.web.client.RestTemplate              : Reading to [com.fasterxml.jackson.databind.JsonNode]
2026-08-19T11:13:27.835-05:00 DEBUG 146089 --- [           main] o.s.web.client.RestTemplate              : HTTP POST http://localhost:35773/api/auth/register
2026-08-19T11:13:27.836-05:00 DEBUG 146089 --- [           main] o.s.web.client.RestTemplate              : Accept=[application/json, application/yaml, application/*+json]
2026-08-19T11:13:27.836-05:00 DEBUG 146089 --- [           main] o.s.web.client.RestTemplate              : Writing [{"slug":"cat-test","password":"StrongPass123!","name":"Categories User","restaurantName":"Rest Categories User","email":"cat@test.com"}] as "application/json"
2026-08-19T11:13:27.839-05:00 DEBUG 146089 --- [o-auto-1-exec-9] o.s.security.web.FilterChainProxy        : Securing POST /api/auth/register
2026-08-19T11:13:27.839-05:00 TRACE 146089 --- [o-auto-1-exec-9] s.s.w.c.CsrfTokenRequestAttributeHandler : Wrote a CSRF token to the following request attributes: [_csrf, org.springframework.security.web.csrf.CsrfToken]
2026-08-19T11:13:27.840-05:00 TRACE 146089 --- [o-auto-1-exec-9] o.s.security.web.csrf.CsrfFilter         : Did not protect against CSRF since request did not match And [CsrfNotRequired [TRACE, HEAD, GET, OPTIONS], Not [Or [Deferred [Mvc [pattern='/api/auth/login'], Ant [pattern='/api/auth/login']], Deferred [Mvc [pattern='/api/auth/register'], Ant [pattern='/api/auth/register']], Deferred [Mvc [pattern='/api/webhooks/**'], Ant [pattern='/api/webhooks/**']]]]]
2026-08-19T11:13:27.840-05:00 DEBUG 146089 --- [o-auto-1-exec-9] o.s.s.w.a.AnonymousAuthenticationFilter  : Set SecurityContextHolder to anonymous SecurityContext
2026-08-19T11:13:27.840-05:00 DEBUG 146089 --- [o-auto-1-exec-9] o.s.security.web.FilterChainProxy        : Secured POST /api/auth/register
2026-08-19T11:13:27.841-05:00 DEBUG 146089 --- [o-auto-1-exec-9] o.s.web.servlet.DispatcherServlet        : POST "/api/auth/register", parameters={}
2026-08-19T11:13:27.841-05:00 DEBUG 146089 --- [o-auto-1-exec-9] s.w.s.m.m.a.RequestMappingHandlerMapping : Mapped to com.menusaas.auth.controller.AuthController#register(RegisterRequest, HttpServletResponse)
2026-08-19T11:13:27.842-05:00 DEBUG 146089 --- [o-auto-1-exec-9] m.m.a.RequestResponseBodyMethodProcessor : Read "application/json;charset=UTF-8" to [RegisterRequest[name=Categories User, email=cat@test.com, password=StrongPass123!, restaurantName=Re (truncated)...]
2026-08-19T11:13:27.914-05:00  INFO 146089 --- [o-auto-1-exec-9] com.menusaas.auth.service.AuthService    : Nuevo restaurante registrado: slug=cat-test, usuario=cat@test.com
2026-08-19T11:13:27.920-05:00 DEBUG 146089 --- [o-auto-1-exec-9] m.m.a.RequestResponseBodyMethodProcessor : Using 'application/json', given [application/json, application/yaml, application/*+json] and supported [application/json, application/*+json, application/yaml]
2026-08-19T11:13:27.920-05:00 DEBUG 146089 --- [o-auto-1-exec-9] m.m.a.RequestResponseBodyMethodProcessor : Writing [ApiResponse[success=true, message=Registro exitoso, data=AuthResponse[user=UserInfo[id=8, name=Categ (truncated)...]
2026-08-19T11:13:27.922-05:00 DEBUG 146089 --- [o-auto-1-exec-9] o.s.web.servlet.DispatcherServlet        : Completed 201 CREATED
2026-08-19T11:13:27.923-05:00 DEBUG 146089 --- [           main] o.s.web.client.RestTemplate              : Response 201 CREATED
2026-08-19T11:13:27.923-05:00 DEBUG 146089 --- [           main] o.s.web.client.RestTemplate              : Reading to [com.fasterxml.jackson.databind.JsonNode]
2026-08-19T11:13:27.925-05:00 DEBUG 146089 --- [           main] o.s.web.client.RestTemplate              : HTTP POST http://localhost:35773/api/categories
2026-08-19T11:13:27.926-05:00 DEBUG 146089 --- [           main] o.s.web.client.RestTemplate              : Accept=[application/json, application/yaml, application/*+json]
2026-08-19T11:13:27.926-05:00 DEBUG 146089 --- [           main] o.s.web.client.RestTemplate              : Writing [{"name":"Entradas","active":true,"position":1}] as "application/json"
2026-08-19T11:13:27.930-05:00 DEBUG 146089 --- [-auto-1-exec-10] o.s.security.web.FilterChainProxy        : Securing POST /api/categories
2026-08-19T11:13:27.930-05:00 TRACE 146089 --- [-auto-1-exec-10] s.s.w.c.CsrfTokenRequestAttributeHandler : Wrote a CSRF token to the following request attributes: [_csrf, org.springframework.security.web.csrf.CsrfToken]
2026-08-19T11:13:27.930-05:00 TRACE 146089 --- [-auto-1-exec-10] o.s.security.web.csrf.CsrfFilter         : Found a CSRF token in the request
2026-08-19T11:13:27.935-05:00 DEBUG 146089 --- [-auto-1-exec-10] o.s.security.web.FilterChainProxy        : Secured POST /api/categories
2026-08-19T11:13:27.935-05:00 DEBUG 146089 --- [-auto-1-exec-10] o.s.web.servlet.DispatcherServlet        : POST "/api/categories", parameters={}
2026-08-19T11:13:27.936-05:00 DEBUG 146089 --- [-auto-1-exec-10] s.w.s.m.m.a.RequestMappingHandlerMapping : Mapped to com.menusaas.categories.controller.CategoryController#create(CategoryRequest)
2026-08-19T11:13:27.943-05:00 DEBUG 146089 --- [-auto-1-exec-10] m.m.a.RequestResponseBodyMethodProcessor : Read "application/json;charset=UTF-8" to [CategoryRequest[name=Entradas, description=null, position=1, active=true]]
2026-08-19T11:13:27.964-05:00 DEBUG 146089 --- [-auto-1-exec-10] m.m.a.RequestResponseBodyMethodProcessor : Using 'application/json', given [application/json, application/yaml, application/*+json] and supported [application/json, application/*+json, application/yaml]
2026-08-19T11:13:27.971-05:00 DEBUG 146089 --- [-auto-1-exec-10] m.m.a.RequestResponseBodyMethodProcessor : Writing [ApiResponse[success=true, message=Categoría creada, data=CategoryResponse[id=5, restaurantId=7, name (truncated)...]
2026-08-19T11:13:27.974-05:00 DEBUG 146089 --- [-auto-1-exec-10] o.s.web.servlet.DispatcherServlet        : Completed 201 CREATED
2026-08-19T11:13:27.975-05:00 DEBUG 146089 --- [           main] o.s.web.client.RestTemplate              : Response 201 CREATED
2026-08-19T11:13:27.976-05:00 DEBUG 146089 --- [           main] o.s.web.client.RestTemplate              : Reading to [com.fasterxml.jackson.databind.JsonNode]
2026-08-19T11:13:27.978-05:00 DEBUG 146089 --- [           main] o.s.web.client.RestTemplate              : HTTP POST http://localhost:35773/api/categories
2026-08-19T11:13:27.978-05:00 DEBUG 146089 --- [           main] o.s.web.client.RestTemplate              : Accept=[application/json, application/yaml, application/*+json]
2026-08-19T11:13:27.978-05:00 DEBUG 146089 --- [           main] o.s.web.client.RestTemplate              : Writing [{"name":"entradas","active":false,"position":2}] as "application/json"
2026-08-19T11:13:27.981-05:00 DEBUG 146089 --- [o-auto-1-exec-1] o.s.security.web.FilterChainProxy        : Securing POST /api/categories
2026-08-19T11:13:27.982-05:00 TRACE 146089 --- [o-auto-1-exec-1] s.s.w.c.CsrfTokenRequestAttributeHandler : Wrote a CSRF token to the following request attributes: [_csrf, org.springframework.security.web.csrf.CsrfToken]
2026-08-19T11:13:27.982-05:00 TRACE 146089 --- [o-auto-1-exec-1] o.s.security.web.csrf.CsrfFilter         : Found a CSRF token in the request
2026-08-19T11:13:27.987-05:00 DEBUG 146089 --- [o-auto-1-exec-1] o.s.security.web.FilterChainProxy        : Secured POST /api/categories
2026-08-19T11:13:27.987-05:00 DEBUG 146089 --- [o-auto-1-exec-1] o.s.web.servlet.DispatcherServlet        : POST "/api/categories", parameters={}
2026-08-19T11:13:27.988-05:00 DEBUG 146089 --- [o-auto-1-exec-1] s.w.s.m.m.a.RequestMappingHandlerMapping : Mapped to com.menusaas.categories.controller.CategoryController#create(CategoryRequest)
2026-08-19T11:13:27.989-05:00 DEBUG 146089 --- [o-auto-1-exec-1] m.m.a.RequestResponseBodyMethodProcessor : Read "application/json;charset=UTF-8" to [CategoryRequest[name=entradas, description=null, position=2, active=false]]
2026-08-19T11:13:27.995-05:00 DEBUG 146089 --- [o-auto-1-exec-1] .m.m.a.ExceptionHandlerExceptionResolver : Using @ExceptionHandler com.menusaas.shared.api.GlobalExceptionHandler#handleConflict(ConflictException)
2026-08-19T11:13:27.995-05:00 DEBUG 146089 --- [o-auto-1-exec-1] o.s.w.s.m.m.a.HttpEntityMethodProcessor  : Using 'application/json', given [application/json, application/yaml, application/*+json] and supported [application/json, application/*+json, application/yaml]
2026-08-19T11:13:27.996-05:00 DEBUG 146089 --- [o-auto-1-exec-1] o.s.w.s.m.m.a.HttpEntityMethodProcessor  : Writing [ErrorResponse[message=Ya existe una categoría con ese nombre, code=CONFLICT, status=409, timestamp=2 (truncated)...]
2026-08-19T11:13:27.996-05:00 DEBUG 146089 --- [o-auto-1-exec-1] .m.m.a.ExceptionHandlerExceptionResolver : Resolved [com.menusaas.shared.api.ConflictException: Ya existe una categoría con ese nombre]
2026-08-19T11:13:27.997-05:00 DEBUG 146089 --- [o-auto-1-exec-1] o.s.web.servlet.DispatcherServlet        : Completed 409 CONFLICT
2026-08-19T11:13:27.997-05:00 DEBUG 146089 --- [           main] o.s.web.client.RestTemplate              : Response 409 CONFLICT
2026-08-19T11:13:27.998-05:00 DEBUG 146089 --- [           main] o.s.web.client.RestTemplate              : Reading to [com.fasterxml.jackson.databind.JsonNode]
2026-08-19T11:13:28.000-05:00 DEBUG 146089 --- [           main] o.s.web.client.RestTemplate              : HTTP POST http://localhost:35773/api/categories
2026-08-19T11:13:28.001-05:00 DEBUG 146089 --- [           main] o.s.web.client.RestTemplate              : Accept=[application/json, application/yaml, application/*+json]
2026-08-19T11:13:28.001-05:00 DEBUG 146089 --- [           main] o.s.web.client.RestTemplate              : Writing [{"name":"Principales","active":null,"position":null}] as "application/json"
2026-08-19T11:13:28.004-05:00 DEBUG 146089 --- [o-auto-1-exec-2] o.s.security.web.FilterChainProxy        : Securing POST /api/categories
2026-08-19T11:13:28.004-05:00 TRACE 146089 --- [o-auto-1-exec-2] s.s.w.c.CsrfTokenRequestAttributeHandler : Wrote a CSRF token to the following request attributes: [_csrf, org.springframework.security.web.csrf.CsrfToken]
2026-08-19T11:13:28.005-05:00 TRACE 146089 --- [o-auto-1-exec-2] o.s.security.web.csrf.CsrfFilter         : Found a CSRF token in the request
2026-08-19T11:13:28.010-05:00 DEBUG 146089 --- [o-auto-1-exec-2] o.s.security.web.FilterChainProxy        : Secured POST /api/categories
2026-08-19T11:13:28.010-05:00 DEBUG 146089 --- [o-auto-1-exec-2] o.s.web.servlet.DispatcherServlet        : POST "/api/categories", parameters={}
2026-08-19T11:13:28.010-05:00 DEBUG 146089 --- [o-auto-1-exec-2] s.w.s.m.m.a.RequestMappingHandlerMapping : Mapped to com.menusaas.categories.controller.CategoryController#create(CategoryRequest)
2026-08-19T11:13:28.012-05:00 DEBUG 146089 --- [o-auto-1-exec-2] m.m.a.RequestResponseBodyMethodProcessor : Read "application/json;charset=UTF-8" to [CategoryRequest[name=Principales, description=null, position=null, active=null]]
2026-08-19T11:13:28.025-05:00 DEBUG 146089 --- [o-auto-1-exec-2] m.m.a.RequestResponseBodyMethodProcessor : Using 'application/json', given [application/json, application/yaml, application/*+json] and supported [application/json, application/*+json, application/yaml]
2026-08-19T11:13:28.025-05:00 DEBUG 146089 --- [o-auto-1-exec-2] m.m.a.RequestResponseBodyMethodProcessor : Writing [ApiResponse[success=true, message=Categoría creada, data=CategoryResponse[id=6, restaurantId=7, name (truncated)...]
2026-08-19T11:13:28.026-05:00 DEBUG 146089 --- [o-auto-1-exec-2] o.s.web.servlet.DispatcherServlet        : Completed 201 CREATED
2026-08-19T11:13:28.027-05:00 DEBUG 146089 --- [           main] o.s.web.client.RestTemplate              : Response 201 CREATED
2026-08-19T11:13:28.027-05:00 DEBUG 146089 --- [           main] o.s.web.client.RestTemplate              : Reading to [com.fasterxml.jackson.databind.JsonNode]
2026-08-19T11:13:28.028-05:00 DEBUG 146089 --- [           main] o.s.web.client.RestTemplate              : HTTP GET http://localhost:35773/api/categories?page=0&size=1
2026-08-19T11:13:28.029-05:00 DEBUG 146089 --- [           main] o.s.web.client.RestTemplate              : Accept=[application/json, application/yaml, application/*+json]
2026-08-19T11:13:28.031-05:00 DEBUG 146089 --- [o-auto-1-exec-3] o.s.security.web.FilterChainProxy        : Securing GET /api/categories?page=0&size=1
2026-08-19T11:13:28.032-05:00 TRACE 146089 --- [o-auto-1-exec-3] s.s.w.c.CsrfTokenRequestAttributeHandler : Wrote a CSRF token to the following request attributes: [_csrf, org.springframework.security.web.csrf.CsrfToken]
2026-08-19T11:13:28.032-05:00 TRACE 146089 --- [o-auto-1-exec-3] o.s.security.web.csrf.CsrfFilter         : Did not protect against CSRF since request did not match And [CsrfNotRequired [TRACE, HEAD, GET, OPTIONS], Not [Or [Deferred [Mvc [pattern='/api/auth/login'], Ant [pattern='/api/auth/login']], Deferred [Mvc [pattern='/api/auth/register'], Ant [pattern='/api/auth/register']], Deferred [Mvc [pattern='/api/webhooks/**'], Ant [pattern='/api/webhooks/**']]]]]
2026-08-19T11:13:28.037-05:00 DEBUG 146089 --- [o-auto-1-exec-3] o.s.security.web.FilterChainProxy        : Secured GET /api/categories?page=0&size=1
2026-08-19T11:13:28.037-05:00 DEBUG 146089 --- [o-auto-1-exec-3] o.s.web.servlet.DispatcherServlet        : GET "/api/categories?page=0&size=1", parameters={masked}
2026-08-19T11:13:28.038-05:00 DEBUG 146089 --- [o-auto-1-exec-3] s.w.s.m.m.a.RequestMappingHandlerMapping : Mapped to com.menusaas.categories.controller.CategoryController#list(int, int)
2026-08-19T11:13:28.057-05:00 DEBUG 146089 --- [o-auto-1-exec-3] m.m.a.RequestResponseBodyMethodProcessor : Using 'application/json', given [application/json, application/yaml, application/*+json] and supported [application/json, application/*+json, application/yaml]
2026-08-19T11:13:28.058-05:00 DEBUG 146089 --- [o-auto-1-exec-3] m.m.a.RequestResponseBodyMethodProcessor : Writing [ApiResponse[success=true, message=OK, data=Page 1 of 2 containing com.menusaas.categories.dto.Catego (truncated)...]
2026-08-19T11:13:28.061-05:00  WARN 146089 --- [o-auto-1-exec-3] ration$PageModule$WarningLoggingModifier : Serializing PageImpl instances as-is is not supported, meaning that there is no guarantee about the stability of the resulting JSON structure!
	For a stable JSON structure, please use Spring Data's PagedModel (globally via @EnableSpringDataWebSupport(pageSerializationMode = VIA_DTO))
	or Spring HATEOAS and Spring Data's PagedResourcesAssembler as documented in https://docs.spring.io/spring-data/commons/reference/repositories/core-extensions.html#core.web.pageables.

2026-08-19T11:13:28.073-05:00 DEBUG 146089 --- [o-auto-1-exec-3] o.s.web.servlet.DispatcherServlet        : Completed 200 OK
2026-08-19T11:13:28.073-05:00 DEBUG 146089 --- [           main] o.s.web.client.RestTemplate              : Response 200 OK
2026-08-19T11:13:28.074-05:00 DEBUG 146089 --- [           main] o.s.web.client.RestTemplate              : Reading to [com.fasterxml.jackson.databind.JsonNode]
2026-08-19T11:13:28.075-05:00 DEBUG 146089 --- [           main] o.s.web.client.RestTemplate              : HTTP GET http://localhost:35773/api/categories/99999
2026-08-19T11:13:28.076-05:00 DEBUG 146089 --- [           main] o.s.web.client.RestTemplate              : Accept=[application/json, application/yaml, application/*+json]
2026-08-19T11:13:28.079-05:00 DEBUG 146089 --- [o-auto-1-exec-4] o.s.security.web.FilterChainProxy        : Securing GET /api/categories/99999
2026-08-19T11:13:28.079-05:00 TRACE 146089 --- [o-auto-1-exec-4] s.s.w.c.CsrfTokenRequestAttributeHandler : Wrote a CSRF token to the following request attributes: [_csrf, org.springframework.security.web.csrf.CsrfToken]
2026-08-19T11:13:28.079-05:00 TRACE 146089 --- [o-auto-1-exec-4] o.s.security.web.csrf.CsrfFilter         : Did not protect against CSRF since request did not match And [CsrfNotRequired [TRACE, HEAD, GET, OPTIONS], Not [Or [Deferred [Mvc [pattern='/api/auth/login'], Ant [pattern='/api/auth/login']], Deferred [Mvc [pattern='/api/auth/register'], Ant [pattern='/api/auth/register']], Deferred [Mvc [pattern='/api/webhooks/**'], Ant [pattern='/api/webhooks/**']]]]]
2026-08-19T11:13:28.084-05:00 DEBUG 146089 --- [o-auto-1-exec-4] o.s.security.web.FilterChainProxy        : Secured GET /api/categories/99999
2026-08-19T11:13:28.084-05:00 DEBUG 146089 --- [o-auto-1-exec-4] o.s.web.servlet.DispatcherServlet        : GET "/api/categories/99999", parameters={}
2026-08-19T11:13:28.085-05:00 DEBUG 146089 --- [o-auto-1-exec-4] s.w.s.m.m.a.RequestMappingHandlerMapping : Mapped to com.menusaas.categories.controller.CategoryController#get(Long)
2026-08-19T11:13:28.091-05:00 DEBUG 146089 --- [o-auto-1-exec-4] .m.m.a.ExceptionHandlerExceptionResolver : Using @ExceptionHandler com.menusaas.shared.api.GlobalExceptionHandler#handleNotFound(ResourceNotFoundException)
2026-08-19T11:13:28.091-05:00 DEBUG 146089 --- [o-auto-1-exec-4] o.s.w.s.m.m.a.HttpEntityMethodProcessor  : Using 'application/json', given [application/json, application/yaml, application/*+json] and supported [application/json, application/*+json, application/yaml]
2026-08-19T11:13:28.092-05:00 DEBUG 146089 --- [o-auto-1-exec-4] o.s.w.s.m.m.a.HttpEntityMethodProcessor  : Writing [ErrorResponse[message=Categoría no encontrada, code=NOT_FOUND, status=404, timestamp=2026-08-19T16:1 (truncated)...]
2026-08-19T11:13:28.092-05:00 DEBUG 146089 --- [o-auto-1-exec-4] .m.m.a.ExceptionHandlerExceptionResolver : Resolved [com.menusaas.shared.api.ResourceNotFoundException: Categoría no encontrada]
2026-08-19T11:13:28.093-05:00 DEBUG 146089 --- [o-auto-1-exec-4] o.s.web.servlet.DispatcherServlet        : Completed 404 NOT_FOUND
2026-08-19T11:13:28.093-05:00 DEBUG 146089 --- [           main] o.s.web.client.RestTemplate              : Response 404 NOT_FOUND
2026-08-19T11:13:28.094-05:00 DEBUG 146089 --- [           main] o.s.web.client.RestTemplate              : Reading to [com.fasterxml.jackson.databind.JsonNode]
2026-08-19T11:13:28.096-05:00 DEBUG 146089 --- [           main] o.s.web.client.RestTemplate              : HTTP PUT http://localhost:35773/api/categories/6
2026-08-19T11:13:28.096-05:00 DEBUG 146089 --- [           main] o.s.web.client.RestTemplate              : Accept=[application/json, application/yaml, application/*+json]
2026-08-19T11:13:28.097-05:00 DEBUG 146089 --- [           main] o.s.web.client.RestTemplate              : Writing [{"active":false,"name":"Platos","position":3}] as "application/json"
2026-08-19T11:13:28.100-05:00 DEBUG 146089 --- [o-auto-1-exec-5] o.s.security.web.FilterChainProxy        : Securing PUT /api/categories/6
2026-08-19T11:13:28.100-05:00 TRACE 146089 --- [o-auto-1-exec-5] s.s.w.c.CsrfTokenRequestAttributeHandler : Wrote a CSRF token to the following request attributes: [_csrf, org.springframework.security.web.csrf.CsrfToken]
2026-08-19T11:13:28.100-05:00 TRACE 146089 --- [o-auto-1-exec-5] o.s.security.web.csrf.CsrfFilter         : Found a CSRF token in the request
2026-08-19T11:13:28.105-05:00 DEBUG 146089 --- [o-auto-1-exec-5] o.s.security.web.FilterChainProxy        : Secured PUT /api/categories/6
2026-08-19T11:13:28.106-05:00 DEBUG 146089 --- [o-auto-1-exec-5] o.s.web.servlet.DispatcherServlet        : PUT "/api/categories/6", parameters={}
2026-08-19T11:13:28.106-05:00 DEBUG 146089 --- [o-auto-1-exec-5] s.w.s.m.m.a.RequestMappingHandlerMapping : Mapped to com.menusaas.categories.controller.CategoryController#update(Long, CategoryRequest)
2026-08-19T11:13:28.108-05:00 DEBUG 146089 --- [o-auto-1-exec-5] m.m.a.RequestResponseBodyMethodProcessor : Read "application/json;charset=UTF-8" to [CategoryRequest[name=Platos, description=null, position=3, active=false]]
2026-08-19T11:13:28.119-05:00 DEBUG 146089 --- [o-auto-1-exec-5] m.m.a.RequestResponseBodyMethodProcessor : Using 'application/json', given [application/json, application/yaml, application/*+json] and supported [application/json, application/*+json, application/yaml]
2026-08-19T11:13:28.120-05:00 DEBUG 146089 --- [o-auto-1-exec-5] m.m.a.RequestResponseBodyMethodProcessor : Writing [ApiResponse[success=true, message=Categoría actualizada, data=CategoryResponse[id=6, restaurantId=7, (truncated)...]
2026-08-19T11:13:28.121-05:00 DEBUG 146089 --- [o-auto-1-exec-5] o.s.web.servlet.DispatcherServlet        : Completed 200 OK
2026-08-19T11:13:28.122-05:00 DEBUG 146089 --- [           main] o.s.web.client.RestTemplate              : Response 200 OK
2026-08-19T11:13:28.122-05:00 DEBUG 146089 --- [           main] o.s.web.client.RestTemplate              : Reading to [com.fasterxml.jackson.databind.JsonNode]
2026-08-19T11:13:28.124-05:00 DEBUG 146089 --- [           main] o.s.web.client.RestTemplate              : HTTP PUT http://localhost:35773/api/categories/6
2026-08-19T11:13:28.125-05:00 DEBUG 146089 --- [           main] o.s.web.client.RestTemplate              : Accept=[application/json, application/yaml, application/*+json]
2026-08-19T11:13:28.125-05:00 DEBUG 146089 --- [           main] o.s.web.client.RestTemplate              : Writing [{"name":"Entradas"}] as "application/json"
2026-08-19T11:13:28.128-05:00 DEBUG 146089 --- [o-auto-1-exec-6] o.s.security.web.FilterChainProxy        : Securing PUT /api/categories/6
2026-08-19T11:13:28.128-05:00 TRACE 146089 --- [o-auto-1-exec-6] s.s.w.c.CsrfTokenRequestAttributeHandler : Wrote a CSRF token to the following request attributes: [_csrf, org.springframework.security.web.csrf.CsrfToken]
2026-08-19T11:13:28.129-05:00 TRACE 146089 --- [o-auto-1-exec-6] o.s.security.web.csrf.CsrfFilter         : Found a CSRF token in the request
2026-08-19T11:13:28.133-05:00 DEBUG 146089 --- [o-auto-1-exec-6] o.s.security.web.FilterChainProxy        : Secured PUT /api/categories/6
2026-08-19T11:13:28.134-05:00 DEBUG 146089 --- [o-auto-1-exec-6] o.s.web.servlet.DispatcherServlet        : PUT "/api/categories/6", parameters={}
2026-08-19T11:13:28.134-05:00 DEBUG 146089 --- [o-auto-1-exec-6] s.w.s.m.m.a.RequestMappingHandlerMapping : Mapped to com.menusaas.categories.controller.CategoryController#update(Long, CategoryRequest)
2026-08-19T11:13:28.136-05:00 DEBUG 146089 --- [o-auto-1-exec-6] m.m.a.RequestResponseBodyMethodProcessor : Read "application/json;charset=UTF-8" to [CategoryRequest[name=Entradas, description=null, position=null, active=null]]
2026-08-19T11:13:28.144-05:00 DEBUG 146089 --- [o-auto-1-exec-6] .m.m.a.ExceptionHandlerExceptionResolver : Using @ExceptionHandler com.menusaas.shared.api.GlobalExceptionHandler#handleConflict(ConflictException)
2026-08-19T11:13:28.145-05:00 DEBUG 146089 --- [o-auto-1-exec-6] o.s.w.s.m.m.a.HttpEntityMethodProcessor  : Using 'application/json', given [application/json, application/yaml, application/*+json] and supported [application/json, application/*+json, application/yaml]
2026-08-19T11:13:28.145-05:00 DEBUG 146089 --- [o-auto-1-exec-6] o.s.w.s.m.m.a.HttpEntityMethodProcessor  : Writing [ErrorResponse[message=Ya existe una categoría con ese nombre, code=CONFLICT, status=409, timestamp=2 (truncated)...]
2026-08-19T11:13:28.146-05:00 DEBUG 146089 --- [o-auto-1-exec-6] .m.m.a.ExceptionHandlerExceptionResolver : Resolved [com.menusaas.shared.api.ConflictException: Ya existe una categoría con ese nombre]
2026-08-19T11:13:28.147-05:00 DEBUG 146089 --- [o-auto-1-exec-6] o.s.web.servlet.DispatcherServlet        : Completed 409 CONFLICT
2026-08-19T11:13:28.147-05:00 DEBUG 146089 --- [           main] o.s.web.client.RestTemplate              : Response 409 CONFLICT
2026-08-19T11:13:28.147-05:00 DEBUG 146089 --- [           main] o.s.web.client.RestTemplate              : Reading to [com.fasterxml.jackson.databind.JsonNode]
2026-08-19T11:13:28.149-05:00 DEBUG 146089 --- [           main] o.s.web.client.RestTemplate              : HTTP PUT http://localhost:35773/api/categories/5
2026-08-19T11:13:28.150-05:00 DEBUG 146089 --- [           main] o.s.web.client.RestTemplate              : Accept=[application/json, application/yaml, application/*+json]
2026-08-19T11:13:28.150-05:00 DEBUG 146089 --- [           main] o.s.web.client.RestTemplate              : Writing [{"name":"Entradas"}] as "application/json"
2026-08-19T11:13:28.152-05:00 DEBUG 146089 --- [o-auto-1-exec-7] o.s.security.web.FilterChainProxy        : Securing PUT /api/categories/5
2026-08-19T11:13:28.152-05:00 TRACE 146089 --- [o-auto-1-exec-7] s.s.w.c.CsrfTokenRequestAttributeHandler : Wrote a CSRF token to the following request attributes: [_csrf, org.springframework.security.web.csrf.CsrfToken]
2026-08-19T11:13:28.153-05:00 TRACE 146089 --- [o-auto-1-exec-7] o.s.security.web.csrf.CsrfFilter         : Found a CSRF token in the request
2026-08-19T11:13:28.158-05:00 DEBUG 146089 --- [o-auto-1-exec-7] o.s.security.web.FilterChainProxy        : Secured PUT /api/categories/5
2026-08-19T11:13:28.158-05:00 DEBUG 146089 --- [o-auto-1-exec-7] o.s.web.servlet.DispatcherServlet        : PUT "/api/categories/5", parameters={}
2026-08-19T11:13:28.158-05:00 DEBUG 146089 --- [o-auto-1-exec-7] s.w.s.m.m.a.RequestMappingHandlerMapping : Mapped to com.menusaas.categories.controller.CategoryController#update(Long, CategoryRequest)
2026-08-19T11:13:28.160-05:00 DEBUG 146089 --- [o-auto-1-exec-7] m.m.a.RequestResponseBodyMethodProcessor : Read "application/json;charset=UTF-8" to [CategoryRequest[name=Entradas, description=null, position=null, active=null]]
2026-08-19T11:13:28.166-05:00 DEBUG 146089 --- [o-auto-1-exec-7] m.m.a.RequestResponseBodyMethodProcessor : Using 'application/json', given [application/json, application/yaml, application/*+json] and supported [application/json, application/*+json, application/yaml]
2026-08-19T11:13:28.166-05:00 DEBUG 146089 --- [o-auto-1-exec-7] m.m.a.RequestResponseBodyMethodProcessor : Writing [ApiResponse[success=true, message=Categoría actualizada, data=CategoryResponse[id=5, restaurantId=7, (truncated)...]
2026-08-19T11:13:28.167-05:00 DEBUG 146089 --- [o-auto-1-exec-7] o.s.web.servlet.DispatcherServlet        : Completed 200 OK
2026-08-19T11:13:28.167-05:00 DEBUG 146089 --- [           main] o.s.web.client.RestTemplate              : Response 200 OK
2026-08-19T11:13:28.168-05:00 DEBUG 146089 --- [           main] o.s.web.client.RestTemplate              : Reading to [com.fasterxml.jackson.databind.JsonNode]
2026-08-19T11:13:28.169-05:00 DEBUG 146089 --- [           main] o.s.web.client.RestTemplate              : HTTP PUT http://localhost:35773/api/categories/99999
2026-08-19T11:13:28.170-05:00 DEBUG 146089 --- [           main] o.s.web.client.RestTemplate              : Accept=[application/json, application/yaml, application/*+json]
2026-08-19T11:13:28.170-05:00 DEBUG 146089 --- [           main] o.s.web.client.RestTemplate              : Writing [{"name":"X"}] as "application/json"
2026-08-19T11:13:28.173-05:00 DEBUG 146089 --- [o-auto-1-exec-8] o.s.security.web.FilterChainProxy        : Securing PUT /api/categories/99999
2026-08-19T11:13:28.173-05:00 TRACE 146089 --- [o-auto-1-exec-8] s.s.w.c.CsrfTokenRequestAttributeHandler : Wrote a CSRF token to the following request attributes: [_csrf, org.springframework.security.web.csrf.CsrfToken]
2026-08-19T11:13:28.173-05:00 TRACE 146089 --- [o-auto-1-exec-8] o.s.security.web.csrf.CsrfFilter         : Found a CSRF token in the request
2026-08-19T11:13:28.179-05:00 DEBUG 146089 --- [o-auto-1-exec-8] o.s.security.web.FilterChainProxy        : Secured PUT /api/categories/99999
2026-08-19T11:13:28.179-05:00 DEBUG 146089 --- [o-auto-1-exec-8] o.s.web.servlet.DispatcherServlet        : PUT "/api/categories/99999", parameters={}
2026-08-19T11:13:28.179-05:00 DEBUG 146089 --- [o-auto-1-exec-8] s.w.s.m.m.a.RequestMappingHandlerMapping : Mapped to com.menusaas.categories.controller.CategoryController#update(Long, CategoryRequest)
2026-08-19T11:13:28.180-05:00 DEBUG 146089 --- [o-auto-1-exec-8] m.m.a.RequestResponseBodyMethodProcessor : Read "application/json;charset=UTF-8" to [CategoryRequest[name=X, description=null, position=null, active=null]]
2026-08-19T11:13:28.187-05:00 DEBUG 146089 --- [o-auto-1-exec-8] .m.m.a.ExceptionHandlerExceptionResolver : Using @ExceptionHandler com.menusaas.shared.api.GlobalExceptionHandler#handleNotFound(ResourceNotFoundException)
2026-08-19T11:13:28.187-05:00 DEBUG 146089 --- [o-auto-1-exec-8] o.s.w.s.m.m.a.HttpEntityMethodProcessor  : Using 'application/json', given [application/json, application/yaml, application/*+json] and supported [application/json, application/*+json, application/yaml]
2026-08-19T11:13:28.187-05:00 DEBUG 146089 --- [o-auto-1-exec-8] o.s.w.s.m.m.a.HttpEntityMethodProcessor  : Writing [ErrorResponse[message=Categoría no encontrada, code=NOT_FOUND, status=404, timestamp=2026-08-19T16:1 (truncated)...]
2026-08-19T11:13:28.188-05:00 DEBUG 146089 --- [o-auto-1-exec-8] .m.m.a.ExceptionHandlerExceptionResolver : Resolved [com.menusaas.shared.api.ResourceNotFoundException: Categoría no encontrada]
2026-08-19T11:13:28.189-05:00 DEBUG 146089 --- [o-auto-1-exec-8] o.s.web.servlet.DispatcherServlet        : Completed 404 NOT_FOUND
2026-08-19T11:13:28.189-05:00 DEBUG 146089 --- [           main] o.s.web.client.RestTemplate              : Response 404 NOT_FOUND
2026-08-19T11:13:28.190-05:00 DEBUG 146089 --- [           main] o.s.web.client.RestTemplate              : Reading to [com.fasterxml.jackson.databind.JsonNode]
2026-08-19T11:13:28.191-05:00 DEBUG 146089 --- [           main] o.s.web.client.RestTemplate              : HTTP DELETE http://localhost:35773/api/categories/6
2026-08-19T11:13:28.192-05:00 DEBUG 146089 --- [           main] o.s.web.client.RestTemplate              : Accept=[application/json, application/yaml, application/*+json]
2026-08-19T11:13:28.195-05:00 DEBUG 146089 --- [o-auto-1-exec-9] o.s.security.web.FilterChainProxy        : Securing DELETE /api/categories/6
2026-08-19T11:13:28.196-05:00 TRACE 146089 --- [o-auto-1-exec-9] s.s.w.c.CsrfTokenRequestAttributeHandler : Wrote a CSRF token to the following request attributes: [_csrf, org.springframework.security.web.csrf.CsrfToken]
2026-08-19T11:13:28.196-05:00 TRACE 146089 --- [o-auto-1-exec-9] o.s.security.web.csrf.CsrfFilter         : Found a CSRF token in the request
2026-08-19T11:13:28.201-05:00 DEBUG 146089 --- [o-auto-1-exec-9] o.s.security.web.FilterChainProxy        : Secured DELETE /api/categories/6
2026-08-19T11:13:28.202-05:00 DEBUG 146089 --- [o-auto-1-exec-9] o.s.web.servlet.DispatcherServlet        : DELETE "/api/categories/6", parameters={}
2026-08-19T11:13:28.202-05:00 DEBUG 146089 --- [o-auto-1-exec-9] s.w.s.m.m.a.RequestMappingHandlerMapping : Mapped to com.menusaas.categories.controller.CategoryController#delete(Long)
2026-08-19T11:13:28.246-05:00 DEBUG 146089 --- [o-auto-1-exec-9] m.m.a.RequestResponseBodyMethodProcessor : Using 'application/json', given [application/json, application/yaml, application/*+json] and supported [application/json, application/*+json, application/yaml]
2026-08-19T11:13:28.246-05:00 DEBUG 146089 --- [o-auto-1-exec-9] m.m.a.RequestResponseBodyMethodProcessor : Writing [ApiResponse[success=true, message=Categoría eliminada, data=null, timestamp=2026-08-19T16:13:28.2462 (truncated)...]
2026-08-19T11:13:28.248-05:00 DEBUG 146089 --- [o-auto-1-exec-9] o.s.web.servlet.DispatcherServlet        : Completed 200 OK
2026-08-19T11:13:28.248-05:00 DEBUG 146089 --- [           main] o.s.web.client.RestTemplate              : Response 200 OK
2026-08-19T11:13:28.249-05:00 DEBUG 146089 --- [           main] o.s.web.client.RestTemplate              : Reading to [com.fasterxml.jackson.databind.JsonNode]
2026-08-19T11:13:28.250-05:00 DEBUG 146089 --- [           main] o.s.web.client.RestTemplate              : HTTP GET http://localhost:35773/api/categories/6
2026-08-19T11:13:28.251-05:00 DEBUG 146089 --- [           main] o.s.web.client.RestTemplate              : Accept=[application/json, application/yaml, application/*+json]
2026-08-19T11:13:28.254-05:00 DEBUG 146089 --- [-auto-1-exec-10] o.s.security.web.FilterChainProxy        : Securing GET /api/categories/6
2026-08-19T11:13:28.254-05:00 TRACE 146089 --- [-auto-1-exec-10] s.s.w.c.CsrfTokenRequestAttributeHandler : Wrote a CSRF token to the following request attributes: [_csrf, org.springframework.security.web.csrf.CsrfToken]
2026-08-19T11:13:28.255-05:00 TRACE 146089 --- [-auto-1-exec-10] o.s.security.web.csrf.CsrfFilter         : Did not protect against CSRF since request did not match And [CsrfNotRequired [TRACE, HEAD, GET, OPTIONS], Not [Or [Deferred [Mvc [pattern='/api/auth/login'], Ant [pattern='/api/auth/login']], Deferred [Mvc [pattern='/api/auth/register'], Ant [pattern='/api/auth/register']], Deferred [Mvc [pattern='/api/webhooks/**'], Ant [pattern='/api/webhooks/**']]]]]
2026-08-19T11:13:28.260-05:00 DEBUG 146089 --- [-auto-1-exec-10] o.s.security.web.FilterChainProxy        : Secured GET /api/categories/6
2026-08-19T11:13:28.260-05:00 DEBUG 146089 --- [-auto-1-exec-10] o.s.web.servlet.DispatcherServlet        : GET "/api/categories/6", parameters={}
2026-08-19T11:13:28.261-05:00 DEBUG 146089 --- [-auto-1-exec-10] s.w.s.m.m.a.RequestMappingHandlerMapping : Mapped to com.menusaas.categories.controller.CategoryController#get(Long)
2026-08-19T11:13:28.266-05:00 DEBUG 146089 --- [-auto-1-exec-10] .m.m.a.ExceptionHandlerExceptionResolver : Using @ExceptionHandler com.menusaas.shared.api.GlobalExceptionHandler#handleNotFound(ResourceNotFoundException)
2026-08-19T11:13:28.266-05:00 DEBUG 146089 --- [-auto-1-exec-10] o.s.w.s.m.m.a.HttpEntityMethodProcessor  : Using 'application/json', given [application/json, application/yaml, application/*+json] and supported [application/json, application/*+json, application/yaml]
2026-08-19T11:13:28.267-05:00 DEBUG 146089 --- [-auto-1-exec-10] o.s.w.s.m.m.a.HttpEntityMethodProcessor  : Writing [ErrorResponse[message=Categoría no encontrada, code=NOT_FOUND, status=404, timestamp=2026-08-19T16:1 (truncated)...]
2026-08-19T11:13:28.267-05:00 DEBUG 146089 --- [-auto-1-exec-10] .m.m.a.ExceptionHandlerExceptionResolver : Resolved [com.menusaas.shared.api.ResourceNotFoundException: Categoría no encontrada]
2026-08-19T11:13:28.268-05:00 DEBUG 146089 --- [-auto-1-exec-10] o.s.web.servlet.DispatcherServlet        : Completed 404 NOT_FOUND
2026-08-19T11:13:28.268-05:00 DEBUG 146089 --- [           main] o.s.web.client.RestTemplate              : Response 404 NOT_FOUND
2026-08-19T11:13:28.268-05:00 DEBUG 146089 --- [           main] o.s.web.client.RestTemplate              : Reading to [com.fasterxml.jackson.databind.JsonNode]
2026-08-19T11:13:28.270-05:00 DEBUG 146089 --- [           main] o.s.web.client.RestTemplate              : HTTP GET http://localhost:35773/api/auth/csrf
2026-08-19T11:13:28.270-05:00 DEBUG 146089 --- [           main] o.s.web.client.RestTemplate              : Accept=[application/json, application/yaml, application/*+json]
2026-08-19T11:13:28.272-05:00 DEBUG 146089 --- [o-auto-1-exec-1] o.s.security.web.FilterChainProxy        : Securing GET /api/auth/csrf
2026-08-19T11:13:28.273-05:00 TRACE 146089 --- [o-auto-1-exec-1] s.s.w.c.CsrfTokenRequestAttributeHandler : Wrote a CSRF token to the following request attributes: [_csrf, org.springframework.security.web.csrf.CsrfToken]
2026-08-19T11:13:28.273-05:00 TRACE 146089 --- [o-auto-1-exec-1] o.s.security.web.csrf.CsrfFilter         : Did not protect against CSRF since request did not match And [CsrfNotRequired [TRACE, HEAD, GET, OPTIONS], Not [Or [Deferred [Mvc [pattern='/api/auth/login'], Ant [pattern='/api/auth/login']], Deferred [Mvc [pattern='/api/auth/register'], Ant [pattern='/api/auth/register']], Deferred [Mvc [pattern='/api/webhooks/**'], Ant [pattern='/api/webhooks/**']]]]]
2026-08-19T11:13:28.273-05:00 DEBUG 146089 --- [o-auto-1-exec-1] o.s.s.w.a.AnonymousAuthenticationFilter  : Set SecurityContextHolder to anonymous SecurityContext
2026-08-19T11:13:28.274-05:00 DEBUG 146089 --- [o-auto-1-exec-1] o.s.security.web.FilterChainProxy        : Secured GET /api/auth/csrf
2026-08-19T11:13:28.274-05:00 DEBUG 146089 --- [o-auto-1-exec-1] o.s.web.servlet.DispatcherServlet        : GET "/api/auth/csrf", parameters={}
2026-08-19T11:13:28.275-05:00 DEBUG 146089 --- [o-auto-1-exec-1] s.w.s.m.m.a.RequestMappingHandlerMapping : Mapped to com.menusaas.auth.controller.AuthController#csrf(HttpServletRequest)
2026-08-19T11:13:28.276-05:00 DEBUG 146089 --- [o-auto-1-exec-1] m.m.a.RequestResponseBodyMethodProcessor : Using 'application/json', given [application/json, application/yaml, application/*+json] and supported [application/json, application/*+json, application/yaml]
2026-08-19T11:13:28.276-05:00 DEBUG 146089 --- [o-auto-1-exec-1] m.m.a.RequestResponseBodyMethodProcessor : Writing [ApiResponse[success=true, message=OK, data=3897bb42-c063-4072-95ac-0fab29497fe3, timestamp=2026-08-1 (truncated)...]
2026-08-19T11:13:28.277-05:00 DEBUG 146089 --- [o-auto-1-exec-1] o.s.web.servlet.DispatcherServlet        : Completed 200 OK
2026-08-19T11:13:28.277-05:00 DEBUG 146089 --- [           main] o.s.web.client.RestTemplate              : Response 200 OK
2026-08-19T11:13:28.277-05:00 DEBUG 146089 --- [           main] o.s.web.client.RestTemplate              : Reading to [com.fasterxml.jackson.databind.JsonNode]
2026-08-19T11:13:28.279-05:00 DEBUG 146089 --- [           main] o.s.web.client.RestTemplate              : HTTP POST http://localhost:35773/api/auth/register
2026-08-19T11:13:28.279-05:00 DEBUG 146089 --- [           main] o.s.web.client.RestTemplate              : Accept=[application/json, application/yaml, application/*+json]
2026-08-19T11:13:28.279-05:00 DEBUG 146089 --- [           main] o.s.web.client.RestTemplate              : Writing [{"slug":"cat-test2","password":"StrongPass123!","name":"Categories User 2","restaurantName":"Rest Categories User 2","email":"cat2@test.com"}] as "application/json"
2026-08-19T11:13:28.282-05:00 DEBUG 146089 --- [o-auto-1-exec-2] o.s.security.web.FilterChainProxy        : Securing POST /api/auth/register
2026-08-19T11:13:28.282-05:00 TRACE 146089 --- [o-auto-1-exec-2] s.s.w.c.CsrfTokenRequestAttributeHandler : Wrote a CSRF token to the following request attributes: [_csrf, org.springframework.security.web.csrf.CsrfToken]
2026-08-19T11:13:28.282-05:00 TRACE 146089 --- [o-auto-1-exec-2] o.s.security.web.csrf.CsrfFilter         : Did not protect against CSRF since request did not match And [CsrfNotRequired [TRACE, HEAD, GET, OPTIONS], Not [Or [Deferred [Mvc [pattern='/api/auth/login'], Ant [pattern='/api/auth/login']], Deferred [Mvc [pattern='/api/auth/register'], Ant [pattern='/api/auth/register']], Deferred [Mvc [pattern='/api/webhooks/**'], Ant [pattern='/api/webhooks/**']]]]]
2026-08-19T11:13:28.283-05:00 DEBUG 146089 --- [o-auto-1-exec-2] o.s.s.w.a.AnonymousAuthenticationFilter  : Set SecurityContextHolder to anonymous SecurityContext
2026-08-19T11:13:28.283-05:00 DEBUG 146089 --- [o-auto-1-exec-2] o.s.security.web.FilterChainProxy        : Secured POST /api/auth/register
2026-08-19T11:13:28.283-05:00 DEBUG 146089 --- [o-auto-1-exec-2] o.s.web.servlet.DispatcherServlet        : POST "/api/auth/register", parameters={}
2026-08-19T11:13:28.283-05:00 DEBUG 146089 --- [o-auto-1-exec-2] s.w.s.m.m.a.RequestMappingHandlerMapping : Mapped to com.menusaas.auth.controller.AuthController#register(RegisterRequest, HttpServletResponse)
2026-08-19T11:13:28.284-05:00 DEBUG 146089 --- [o-auto-1-exec-2] m.m.a.RequestResponseBodyMethodProcessor : Read "application/json;charset=UTF-8" to [RegisterRequest[name=Categories User 2, email=cat2@test.com, password=StrongPass123!, restaurantName (truncated)...]
2026-08-19T11:13:28.356-05:00  INFO 146089 --- [o-auto-1-exec-2] com.menusaas.auth.service.AuthService    : Nuevo restaurante registrado: slug=cat-test2, usuario=cat2@test.com
2026-08-19T11:13:28.361-05:00 DEBUG 146089 --- [o-auto-1-exec-2] m.m.a.RequestResponseBodyMethodProcessor : Using 'application/json', given [application/json, application/yaml, application/*+json] and supported [application/json, application/*+json, application/yaml]
2026-08-19T11:13:28.361-05:00 DEBUG 146089 --- [o-auto-1-exec-2] m.m.a.RequestResponseBodyMethodProcessor : Writing [ApiResponse[success=true, message=Registro exitoso, data=AuthResponse[user=UserInfo[id=9, name=Categ (truncated)...]
2026-08-19T11:13:28.363-05:00 DEBUG 146089 --- [o-auto-1-exec-2] o.s.web.servlet.DispatcherServlet        : Completed 201 CREATED
2026-08-19T11:13:28.363-05:00 DEBUG 146089 --- [           main] o.s.web.client.RestTemplate              : Response 201 CREATED
2026-08-19T11:13:28.363-05:00 DEBUG 146089 --- [           main] o.s.web.client.RestTemplate              : Reading to [com.fasterxml.jackson.databind.JsonNode]
2026-08-19T11:13:28.365-05:00 DEBUG 146089 --- [           main] o.s.web.client.RestTemplate              : HTTP GET http://localhost:35773/api/categories/5
2026-08-19T11:13:28.366-05:00 DEBUG 146089 --- [           main] o.s.web.client.RestTemplate              : Accept=[application/json, application/yaml, application/*+json]
2026-08-19T11:13:28.369-05:00 DEBUG 146089 --- [o-auto-1-exec-3] o.s.security.web.FilterChainProxy        : Securing GET /api/categories/5
2026-08-19T11:13:28.370-05:00 TRACE 146089 --- [o-auto-1-exec-3] s.s.w.c.CsrfTokenRequestAttributeHandler : Wrote a CSRF token to the following request attributes: [_csrf, org.springframework.security.web.csrf.CsrfToken]
2026-08-19T11:13:28.370-05:00 TRACE 146089 --- [o-auto-1-exec-3] o.s.security.web.csrf.CsrfFilter         : Did not protect against CSRF since request did not match And [CsrfNotRequired [TRACE, HEAD, GET, OPTIONS], Not [Or [Deferred [Mvc [pattern='/api/auth/login'], Ant [pattern='/api/auth/login']], Deferred [Mvc [pattern='/api/auth/register'], Ant [pattern='/api/auth/register']], Deferred [Mvc [pattern='/api/webhooks/**'], Ant [pattern='/api/webhooks/**']]]]]
2026-08-19T11:13:28.374-05:00 DEBUG 146089 --- [o-auto-1-exec-3] o.s.security.web.FilterChainProxy        : Secured GET /api/categories/5
2026-08-19T11:13:28.375-05:00 DEBUG 146089 --- [o-auto-1-exec-3] o.s.web.servlet.DispatcherServlet        : GET "/api/categories/5", parameters={}
2026-08-19T11:13:28.375-05:00 DEBUG 146089 --- [o-auto-1-exec-3] s.w.s.m.m.a.RequestMappingHandlerMapping : Mapped to com.menusaas.categories.controller.CategoryController#get(Long)
2026-08-19T11:13:28.380-05:00 DEBUG 146089 --- [o-auto-1-exec-3] .m.m.a.ExceptionHandlerExceptionResolver : Using @ExceptionHandler com.menusaas.shared.api.GlobalExceptionHandler#handleNotFound(ResourceNotFoundException)
2026-08-19T11:13:28.380-05:00 DEBUG 146089 --- [o-auto-1-exec-3] o.s.w.s.m.m.a.HttpEntityMethodProcessor  : Using 'application/json', given [application/json, application/yaml, application/*+json] and supported [application/json, application/*+json, application/yaml]
2026-08-19T11:13:28.380-05:00 DEBUG 146089 --- [o-auto-1-exec-3] o.s.w.s.m.m.a.HttpEntityMethodProcessor  : Writing [ErrorResponse[message=Categoría no encontrada, code=NOT_FOUND, status=404, timestamp=2026-08-19T16:1 (truncated)...]
2026-08-19T11:13:28.381-05:00 DEBUG 146089 --- [o-auto-1-exec-3] .m.m.a.ExceptionHandlerExceptionResolver : Resolved [com.menusaas.shared.api.ResourceNotFoundException: Categoría no encontrada]
2026-08-19T11:13:28.381-05:00 DEBUG 146089 --- [o-auto-1-exec-3] o.s.web.servlet.DispatcherServlet        : Completed 404 NOT_FOUND
2026-08-19T11:13:28.382-05:00 DEBUG 146089 --- [           main] o.s.web.client.RestTemplate              : Response 404 NOT_FOUND
2026-08-19T11:13:28.382-05:00 DEBUG 146089 --- [           main] o.s.web.client.RestTemplate              : Reading to [com.fasterxml.jackson.databind.JsonNode]
]]></system-out>
  </testcase>
</testsuite>