<?xml version="1.0" encoding="UTF-8"?>
<testsuite xmlns:xsi="http://www.w3.org/2001/XMLSchema-instance" xsi:noNamespaceSchemaLocation="https://maven.apache.org/surefire/maven-surefire-plugin/xsd/surefire-test-report.xsd" version="3.0.2" name="com.menusaas.auth.AuthFlowIT" time="1.009" tests="6" errors="0" skipped="0" failures="0" flakes="0">
  <properties>
[...]
</properties>
  <testcase name="duplicateEmailOrSlug_rejected" classname="com.menusaas.auth.AuthFlowIT" time="0.163">
    <system-out><![CDATA[2026-08-19T11:13:28.398-05:00  INFO 146089 --- [           main] t.c.s.AnnotationConfigContextLoaderUtils : Could not detect default configuration classes for test class [com.menusaas.auth.AuthFlowIT]: AuthFlowIT does not declare any static, non-private, non-final, nested classes annotated with @Configuration.
2026-08-19T11:13:28.410-05:00  INFO 146089 --- [           main] .b.t.c.SpringBootTestContextBootstrapper : Found @SpringBootConfiguration com.menusaas.MenuSaaSApplication for test class com.menusaas.auth.AuthFlowIT
2026-08-19T11:13:28.419-05:00 DEBUG 146089 --- [           main] o.s.web.client.RestTemplate              : HTTP GET http://localhost:35773/api/auth/csrf
2026-08-19T11:13:28.420-05:00 DEBUG 146089 --- [           main] o.s.web.client.RestTemplate              : Accept=[application/json, application/yaml, application/*+json]
2026-08-19T11:13:28.423-05:00 DEBUG 146089 --- [o-auto-1-exec-4] o.s.security.web.FilterChainProxy        : Securing GET /api/auth/csrf
2026-08-19T11:13:28.424-05:00 TRACE 146089 --- [o-auto-1-exec-4] s.s.w.c.CsrfTokenRequestAttributeHandler : Wrote a CSRF token to the following request attributes: [_csrf, org.springframework.security.web.csrf.CsrfToken]
2026-08-19T11:13:28.424-05:00 TRACE 146089 --- [o-auto-1-exec-4] o.s.security.web.csrf.CsrfFilter         : Did not protect against CSRF since request did not match And [CsrfNotRequired [TRACE, HEAD, GET, OPTIONS], Not [Or [Deferred [Mvc [pattern='/api/auth/login'], Ant [pattern='/api/auth/login']], Deferred [Mvc [pattern='/api/auth/register'], Ant [pattern='/api/auth/register']], Deferred [Mvc [pattern='/api/webhooks/**'], Ant [pattern='/api/webhooks/**']]]]]
2026-08-19T11:13:28.424-05:00 DEBUG 146089 --- [o-auto-1-exec-4] o.s.s.w.a.AnonymousAuthenticationFilter  : Set SecurityContextHolder to anonymous SecurityContext
2026-08-19T11:13:28.425-05:00 DEBUG 146089 --- [o-auto-1-exec-4] o.s.security.web.FilterChainProxy        : Secured GET /api/auth/csrf
2026-08-19T11:13:28.425-05:00 DEBUG 146089 --- [o-auto-1-exec-4] o.s.web.servlet.DispatcherServlet        : GET "/api/auth/csrf", parameters={}
2026-08-19T11:13:28.425-05:00 DEBUG 146089 --- [o-auto-1-exec-4] s.w.s.m.m.a.RequestMappingHandlerMapping : Mapped to com.menusaas.auth.controller.AuthController#csrf(HttpServletRequest)
2026-08-19T11:13:28.426-05:00 DEBUG 146089 --- [o-auto-1-exec-4] m.m.a.RequestResponseBodyMethodProcessor : Using 'application/json', given [application/json, application/yaml, application/*+json] and supported [application/json, application/*+json, application/yaml]
2026-08-19T11:13:28.427-05:00 DEBUG 146089 --- [o-auto-1-exec-4] m.m.a.RequestResponseBodyMethodProcessor : Writing [ApiResponse[success=true, message=OK, data=6203779d-ffcd-4096-a105-2b97132bbadd, timestamp=2026-08-1 (truncated)...]
2026-08-19T11:13:28.428-05:00 DEBUG 146089 --- [o-auto-1-exec-4] o.s.web.servlet.DispatcherServlet        : Completed 200 OK
2026-08-19T11:13:28.429-05:00 DEBUG 146089 --- [           main] o.s.web.client.RestTemplate              : Response 200 OK
2026-08-19T11:13:28.429-05:00 DEBUG 146089 --- [           main] o.s.web.client.RestTemplate              : Reading to [com.fasterxml.jackson.databind.JsonNode]
2026-08-19T11:13:28.430-05:00 DEBUG 146089 --- [           main] o.s.web.client.RestTemplate              : HTTP POST http://localhost:35773/api/auth/register
2026-08-19T11:13:28.431-05:00 DEBUG 146089 --- [           main] o.s.web.client.RestTemplate              : Accept=[application/json, application/yaml, application/*+json]
2026-08-19T11:13:28.431-05:00 DEBUG 146089 --- [           main] o.s.web.client.RestTemplate              : Writing [{"slug":"dup-burger","password":"StrongPass123!","name":"Dup User","restaurantName":"Rest Dup User","email":"dup@example.com"}] as "application/json"
2026-08-19T11:13:28.434-05:00 DEBUG 146089 --- [o-auto-1-exec-5] o.s.security.web.FilterChainProxy        : Securing POST /api/auth/register
2026-08-19T11:13:28.434-05:00 TRACE 146089 --- [o-auto-1-exec-5] s.s.w.c.CsrfTokenRequestAttributeHandler : Wrote a CSRF token to the following request attributes: [_csrf, org.springframework.security.web.csrf.CsrfToken]
2026-08-19T11:13:28.435-05:00 TRACE 146089 --- [o-auto-1-exec-5] o.s.security.web.csrf.CsrfFilter         : Did not protect against CSRF since request did not match And [CsrfNotRequired [TRACE, HEAD, GET, OPTIONS], Not [Or [Deferred [Mvc [pattern='/api/auth/login'], Ant [pattern='/api/auth/login']], Deferred [Mvc [pattern='/api/auth/register'], Ant [pattern='/api/auth/register']], Deferred [Mvc [pattern='/api/webhooks/**'], Ant [pattern='/api/webhooks/**']]]]]
2026-08-19T11:13:28.435-05:00 DEBUG 146089 --- [o-auto-1-exec-5] o.s.s.w.a.AnonymousAuthenticationFilter  : Set SecurityContextHolder to anonymous SecurityContext
2026-08-19T11:13:28.436-05:00 DEBUG 146089 --- [o-auto-1-exec-5] o.s.security.web.FilterChainProxy        : Secured POST /api/auth/register
2026-08-19T11:13:28.436-05:00 DEBUG 146089 --- [o-auto-1-exec-5] o.s.web.servlet.DispatcherServlet        : POST "/api/auth/register", parameters={}
2026-08-19T11:13:28.436-05:00 DEBUG 146089 --- [o-auto-1-exec-5] s.w.s.m.m.a.RequestMappingHandlerMapping : Mapped to com.menusaas.auth.controller.AuthController#register(RegisterRequest, HttpServletResponse)
2026-08-19T11:13:28.438-05:00 DEBUG 146089 --- [o-auto-1-exec-5] m.m.a.RequestResponseBodyMethodProcessor : Read "application/json;charset=UTF-8" to [RegisterRequest[name=Dup User, email=dup@example.com, password=StrongPass123!, restaurantName=Rest D (truncated)...]
2026-08-19T11:13:28.511-05:00  INFO 146089 --- [o-auto-1-exec-5] com.menusaas.auth.service.AuthService    : Nuevo restaurante registrado: slug=dup-burger, usuario=dup@example.com
2026-08-19T11:13:28.516-05:00 DEBUG 146089 --- [o-auto-1-exec-5] m.m.a.RequestResponseBodyMethodProcessor : Using 'application/json', given [application/json, application/yaml, application/*+json] and supported [application/json, application/*+json, application/yaml]
2026-08-19T11:13:28.517-05:00 DEBUG 146089 --- [o-auto-1-exec-5] m.m.a.RequestResponseBodyMethodProcessor : Writing [ApiResponse[success=true, message=Registro exitoso, data=AuthResponse[user=UserInfo[id=10, name=Dup  (truncated)...]
2026-08-19T11:13:28.518-05:00 DEBUG 146089 --- [o-auto-1-exec-5] o.s.web.servlet.DispatcherServlet        : Completed 201 CREATED
2026-08-19T11:13:28.519-05:00 DEBUG 146089 --- [           main] o.s.web.client.RestTemplate              : Response 201 CREATED
2026-08-19T11:13:28.519-05:00 DEBUG 146089 --- [           main] o.s.web.client.RestTemplate              : Reading to [com.fasterxml.jackson.databind.JsonNode]
2026-08-19T11:13:28.520-05:00 DEBUG 146089 --- [           main] o.s.web.client.RestTemplate              : HTTP GET http://localhost:35773/api/auth/csrf
2026-08-19T11:13:28.521-05:00 DEBUG 146089 --- [           main] o.s.web.client.RestTemplate              : Accept=[application/json, application/yaml, application/*+json]
2026-08-19T11:13:28.523-05:00 DEBUG 146089 --- [o-auto-1-exec-6] o.s.security.web.FilterChainProxy        : Securing GET /api/auth/csrf
2026-08-19T11:13:28.523-05:00 TRACE 146089 --- [o-auto-1-exec-6] s.s.w.c.CsrfTokenRequestAttributeHandler : Wrote a CSRF token to the following request attributes: [_csrf, org.springframework.security.web.csrf.CsrfToken]
2026-08-19T11:13:28.523-05:00 TRACE 146089 --- [o-auto-1-exec-6] o.s.security.web.csrf.CsrfFilter         : Did not protect against CSRF since request did not match And [CsrfNotRequired [TRACE, HEAD, GET, OPTIONS], Not [Or [Deferred [Mvc [pattern='/api/auth/login'], Ant [pattern='/api/auth/login']], Deferred [Mvc [pattern='/api/auth/register'], Ant [pattern='/api/auth/register']], Deferred [Mvc [pattern='/api/webhooks/**'], Ant [pattern='/api/webhooks/**']]]]]
2026-08-19T11:13:28.524-05:00 DEBUG 146089 --- [o-auto-1-exec-6] o.s.s.w.a.AnonymousAuthenticationFilter  : Set SecurityContextHolder to anonymous SecurityContext
2026-08-19T11:13:28.524-05:00 DEBUG 146089 --- [o-auto-1-exec-6] o.s.security.web.FilterChainProxy        : Secured GET /api/auth/csrf
2026-08-19T11:13:28.524-05:00 DEBUG 146089 --- [o-auto-1-exec-6] o.s.web.servlet.DispatcherServlet        : GET "/api/auth/csrf", parameters={}
2026-08-19T11:13:28.525-05:00 DEBUG 146089 --- [o-auto-1-exec-6] s.w.s.m.m.a.RequestMappingHandlerMapping : Mapped to com.menusaas.auth.controller.AuthController#csrf(HttpServletRequest)
2026-08-19T11:13:28.525-05:00 DEBUG 146089 --- [o-auto-1-exec-6] m.m.a.RequestResponseBodyMethodProcessor : Using 'application/json', given [application/json, application/yaml, application/*+json] and supported [application/json, application/*+json, application/yaml]
2026-08-19T11:13:28.526-05:00 DEBUG 146089 --- [o-auto-1-exec-6] m.m.a.RequestResponseBodyMethodProcessor : Writing [ApiResponse[success=true, message=OK, data=5f817047-e35e-4a78-b808-c3a192ca824f, timestamp=2026-08-1 (truncated)...]
2026-08-19T11:13:28.526-05:00 DEBUG 146089 --- [o-auto-1-exec-6] o.s.web.servlet.DispatcherServlet        : Completed 200 OK
2026-08-19T11:13:28.527-05:00 DEBUG 146089 --- [           main] o.s.web.client.RestTemplate              : Response 200 OK
2026-08-19T11:13:28.527-05:00 DEBUG 146089 --- [           main] o.s.web.client.RestTemplate              : Reading to [com.fasterxml.jackson.databind.JsonNode]
2026-08-19T11:13:28.529-05:00 DEBUG 146089 --- [           main] o.s.web.client.RestTemplate              : HTTP POST http://localhost:35773/api/auth/register
2026-08-19T11:13:28.529-05:00 DEBUG 146089 --- [           main] o.s.web.client.RestTemplate              : Accept=[application/json, application/yaml, application/*+json]
2026-08-19T11:13:28.529-05:00 DEBUG 146089 --- [           main] o.s.web.client.RestTemplate              : Writing [{"slug":"other-burger","password":"StrongPass123!","name":"Dup User 2","restaurantName":"Other Burger","email":"dup@example.com"}] as "application/json"
2026-08-19T11:13:28.532-05:00 DEBUG 146089 --- [o-auto-1-exec-7] o.s.security.web.FilterChainProxy        : Securing POST /api/auth/register
2026-08-19T11:13:28.532-05:00 TRACE 146089 --- [o-auto-1-exec-7] s.s.w.c.CsrfTokenRequestAttributeHandler : Wrote a CSRF token to the following request attributes: [_csrf, org.springframework.security.web.csrf.CsrfToken]
2026-08-19T11:13:28.532-05:00 TRACE 146089 --- [o-auto-1-exec-7] o.s.security.web.csrf.CsrfFilter         : Did not protect against CSRF since request did not match And [CsrfNotRequired [TRACE, HEAD, GET, OPTIONS], Not [Or [Deferred [Mvc [pattern='/api/auth/login'], Ant [pattern='/api/auth/login']], Deferred [Mvc [pattern='/api/auth/register'], Ant [pattern='/api/auth/register']], Deferred [Mvc [pattern='/api/webhooks/**'], Ant [pattern='/api/webhooks/**']]]]]
2026-08-19T11:13:28.533-05:00 DEBUG 146089 --- [o-auto-1-exec-7] o.s.s.w.a.AnonymousAuthenticationFilter  : Set SecurityContextHolder to anonymous SecurityContext
2026-08-19T11:13:28.533-05:00 DEBUG 146089 --- [o-auto-1-exec-7] o.s.security.web.FilterChainProxy        : Secured POST /api/auth/register
2026-08-19T11:13:28.533-05:00 DEBUG 146089 --- [o-auto-1-exec-7] o.s.web.servlet.DispatcherServlet        : POST "/api/auth/register", parameters={}
2026-08-19T11:13:28.534-05:00 DEBUG 146089 --- [o-auto-1-exec-7] s.w.s.m.m.a.RequestMappingHandlerMapping : Mapped to com.menusaas.auth.controller.AuthController#register(RegisterRequest, HttpServletResponse)
2026-08-19T11:13:28.535-05:00 DEBUG 146089 --- [o-auto-1-exec-7] m.m.a.RequestResponseBodyMethodProcessor : Read "application/json;charset=UTF-8" to [RegisterRequest[name=Dup User 2, email=dup@example.com, password=StrongPass123!, restaurantName=Othe (truncated)...]
2026-08-19T11:13:28.540-05:00 DEBUG 146089 --- [o-auto-1-exec-7] .m.m.a.ExceptionHandlerExceptionResolver : Using @ExceptionHandler com.menusaas.shared.api.GlobalExceptionHandler#handleConflict(ConflictException)
2026-08-19T11:13:28.541-05:00 DEBUG 146089 --- [o-auto-1-exec-7] o.s.w.s.m.m.a.HttpEntityMethodProcessor  : Using 'application/json', given [application/json, application/yaml, application/*+json] and supported [application/json, application/*+json, application/yaml]
2026-08-19T11:13:28.541-05:00 DEBUG 146089 --- [o-auto-1-exec-7] o.s.w.s.m.m.a.HttpEntityMethodProcessor  : Writing [ErrorResponse[message=Ya existe una cuenta con este correo, code=CONFLICT, status=409, timestamp=202 (truncated)...]
2026-08-19T11:13:28.542-05:00 DEBUG 146089 --- [o-auto-1-exec-7] .m.m.a.ExceptionHandlerExceptionResolver : Resolved [com.menusaas.shared.api.ConflictException: Ya existe una cuenta con este correo]
2026-08-19T11:13:28.542-05:00 DEBUG 146089 --- [o-auto-1-exec-7] o.s.web.servlet.DispatcherServlet        : Completed 409 CONFLICT
2026-08-19T11:13:28.543-05:00 DEBUG 146089 --- [           main] o.s.web.client.RestTemplate              : Response 409 CONFLICT
2026-08-19T11:13:28.544-05:00 DEBUG 146089 --- [           main] o.s.web.client.RestTemplate              : Reading to [com.fasterxml.jackson.databind.JsonNode]
2026-08-19T11:13:28.545-05:00 DEBUG 146089 --- [           main] o.s.web.client.RestTemplate              : HTTP GET http://localhost:35773/api/auth/csrf
2026-08-19T11:13:28.545-05:00 DEBUG 146089 --- [           main] o.s.web.client.RestTemplate              : Accept=[application/json, application/yaml, application/*+json]
2026-08-19T11:13:28.548-05:00 DEBUG 146089 --- [o-auto-1-exec-8] o.s.security.web.FilterChainProxy        : Securing GET /api/auth/csrf
2026-08-19T11:13:28.548-05:00 TRACE 146089 --- [o-auto-1-exec-8] s.s.w.c.CsrfTokenRequestAttributeHandler : Wrote a CSRF token to the following request attributes: [_csrf, org.springframework.security.web.csrf.CsrfToken]
2026-08-19T11:13:28.549-05:00 TRACE 146089 --- [o-auto-1-exec-8] o.s.security.web.csrf.CsrfFilter         : Did not protect against CSRF since request did not match And [CsrfNotRequired [TRACE, HEAD, GET, OPTIONS], Not [Or [Deferred [Mvc [pattern='/api/auth/login'], Ant [pattern='/api/auth/login']], Deferred [Mvc [pattern='/api/auth/register'], Ant [pattern='/api/auth/register']], Deferred [Mvc [pattern='/api/webhooks/**'], Ant [pattern='/api/webhooks/**']]]]]
2026-08-19T11:13:28.549-05:00 DEBUG 146089 --- [o-auto-1-exec-8] o.s.s.w.a.AnonymousAuthenticationFilter  : Set SecurityContextHolder to anonymous SecurityContext
2026-08-19T11:13:28.549-05:00 DEBUG 146089 --- [o-auto-1-exec-8] o.s.security.web.FilterChainProxy        : Secured GET /api/auth/csrf
2026-08-19T11:13:28.549-05:00 DEBUG 146089 --- [o-auto-1-exec-8] o.s.web.servlet.DispatcherServlet        : GET "/api/auth/csrf", parameters={}
2026-08-19T11:13:28.550-05:00 DEBUG 146089 --- [o-auto-1-exec-8] s.w.s.m.m.a.RequestMappingHandlerMapping : Mapped to com.menusaas.auth.controller.AuthController#csrf(HttpServletRequest)
2026-08-19T11:13:28.551-05:00 DEBUG 146089 --- [o-auto-1-exec-8] m.m.a.RequestResponseBodyMethodProcessor : Using 'application/json', given [application/json, application/yaml, application/*+json] and supported [application/json, application/*+json, application/yaml]
2026-08-19T11:13:28.551-05:00 DEBUG 146089 --- [o-auto-1-exec-8] m.m.a.RequestResponseBodyMethodProcessor : Writing [ApiResponse[success=true, message=OK, data=1be61e36-2b5d-47fd-880b-64df3f42d128, timestamp=2026-08-1 (truncated)...]
2026-08-19T11:13:28.552-05:00 DEBUG 146089 --- [o-auto-1-exec-8] o.s.web.servlet.DispatcherServlet        : Completed 200 OK
2026-08-19T11:13:28.553-05:00 DEBUG 146089 --- [           main] o.s.web.client.RestTemplate              : Response 200 OK
2026-08-19T11:13:28.553-05:00 DEBUG 146089 --- [           main] o.s.web.client.RestTemplate              : Reading to [com.fasterxml.jackson.databind.JsonNode]
2026-08-19T11:13:28.554-05:00 DEBUG 146089 --- [           main] o.s.web.client.RestTemplate              : HTTP POST http://localhost:35773/api/auth/register
2026-08-19T11:13:28.554-05:00 DEBUG 146089 --- [           main] o.s.web.client.RestTemplate              : Accept=[application/json, application/yaml, application/*+json]
2026-08-19T11:13:28.555-05:00 DEBUG 146089 --- [           main] o.s.web.client.RestTemplate              : Writing [{"slug":"dup-burger","password":"StrongPass123!","name":"Dup User 3","restaurantName":"Other Burger","email":"dup3@example.com"}] as "application/json"
2026-08-19T11:13:28.557-05:00 DEBUG 146089 --- [o-auto-1-exec-9] o.s.security.web.FilterChainProxy        : Securing POST /api/auth/register
2026-08-19T11:13:28.558-05:00 TRACE 146089 --- [o-auto-1-exec-9] s.s.w.c.CsrfTokenRequestAttributeHandler : Wrote a CSRF token to the following request attributes: [_csrf, org.springframework.security.web.csrf.CsrfToken]
2026-08-19T11:13:28.558-05:00 TRACE 146089 --- [o-auto-1-exec-9] o.s.security.web.csrf.CsrfFilter         : Did not protect against CSRF since request did not match And [CsrfNotRequired [TRACE, HEAD, GET, OPTIONS], Not [Or [Deferred [Mvc [pattern='/api/auth/login'], Ant [pattern='/api/auth/login']], Deferred [Mvc [pattern='/api/auth/register'], Ant [pattern='/api/auth/register']], Deferred [Mvc [pattern='/api/webhooks/**'], Ant [pattern='/api/webhooks/**']]]]]
2026-08-19T11:13:28.558-05:00 DEBUG 146089 --- [o-auto-1-exec-9] o.s.s.w.a.AnonymousAuthenticationFilter  : Set SecurityContextHolder to anonymous SecurityContext
2026-08-19T11:13:28.559-05:00 DEBUG 146089 --- [o-auto-1-exec-9] o.s.security.web.FilterChainProxy        : Secured POST /api/auth/register
2026-08-19T11:13:28.559-05:00 DEBUG 146089 --- [o-auto-1-exec-9] o.s.web.servlet.DispatcherServlet        : POST "/api/auth/register", parameters={}
2026-08-19T11:13:28.559-05:00 DEBUG 146089 --- [o-auto-1-exec-9] s.w.s.m.m.a.RequestMappingHandlerMapping : Mapped to com.menusaas.auth.controller.AuthController#register(RegisterRequest, HttpServletResponse)
2026-08-19T11:13:28.560-05:00 DEBUG 146089 --- [o-auto-1-exec-9] m.m.a.RequestResponseBodyMethodProcessor : Read "application/json;charset=UTF-8" to [RegisterRequest[name=Dup User 3, email=dup3@example.com, password=StrongPass123!, restaurantName=Oth (truncated)...]
2026-08-19T11:13:28.567-05:00 DEBUG 146089 --- [o-auto-1-exec-9] .m.m.a.ExceptionHandlerExceptionResolver : Using @ExceptionHandler com.menusaas.shared.api.GlobalExceptionHandler#handleConflict(ConflictException)
2026-08-19T11:13:28.568-05:00 DEBUG 146089 --- [o-auto-1-exec-9] o.s.w.s.m.m.a.HttpEntityMethodProcessor  : Using 'application/json', given [application/json, application/yaml, application/*+json] and supported [application/json, application/*+json, application/yaml]
2026-08-19T11:13:28.568-05:00 DEBUG 146089 --- [o-auto-1-exec-9] o.s.w.s.m.m.a.HttpEntityMethodProcessor  : Writing [ErrorResponse[message=El slug 'dup-burger' ya está en uso, code=CONFLICT, status=409, timestamp=2026 (truncated)...]
2026-08-19T11:13:28.569-05:00 DEBUG 146089 --- [o-auto-1-exec-9] .m.m.a.ExceptionHandlerExceptionResolver : Resolved [com.menusaas.shared.api.ConflictException: El slug 'dup-burger' ya está en uso]
2026-08-19T11:13:28.569-05:00 DEBUG 146089 --- [o-auto-1-exec-9] o.s.web.servlet.DispatcherServlet        : Completed 409 CONFLICT
2026-08-19T11:13:28.569-05:00 DEBUG 146089 --- [           main] o.s.web.client.RestTemplate              : Response 409 CONFLICT
2026-08-19T11:13:28.570-05:00 DEBUG 146089 --- [           main] o.s.web.client.RestTemplate              : Reading to [com.fasterxml.jackson.databind.JsonNode]
]]></system-out>
  </testcase>
  <testcase name="weakPassword_rejected" classname="com.menusaas.auth.AuthFlowIT" time="0.051">
    <system-out><![CDATA[2026-08-19T11:13:28.583-05:00 DEBUG 146089 --- [           main] o.s.web.client.RestTemplate              : HTTP GET http://localhost:35773/api/auth/csrf
2026-08-19T11:13:28.584-05:00 DEBUG 146089 --- [           main] o.s.web.client.RestTemplate              : Accept=[application/json, application/yaml, application/*+json]
2026-08-19T11:13:28.586-05:00 DEBUG 146089 --- [-auto-1-exec-10] o.s.security.web.FilterChainProxy        : Securing GET /api/auth/csrf
2026-08-19T11:13:28.587-05:00 TRACE 146089 --- [-auto-1-exec-10] s.s.w.c.CsrfTokenRequestAttributeHandler : Wrote a CSRF token to the following request attributes: [_csrf, org.springframework.security.web.csrf.CsrfToken]
2026-08-19T11:13:28.587-05:00 TRACE 146089 --- [-auto-1-exec-10] o.s.security.web.csrf.CsrfFilter         : Did not protect against CSRF since request did not match And [CsrfNotRequired [TRACE, HEAD, GET, OPTIONS], Not [Or [Deferred [Mvc [pattern='/api/auth/login'], Ant [pattern='/api/auth/login']], Deferred [Mvc [pattern='/api/auth/register'], Ant [pattern='/api/auth/register']], Deferred [Mvc [pattern='/api/webhooks/**'], Ant [pattern='/api/webhooks/**']]]]]
2026-08-19T11:13:28.588-05:00 DEBUG 146089 --- [-auto-1-exec-10] o.s.s.w.a.AnonymousAuthenticationFilter  : Set SecurityContextHolder to anonymous SecurityContext
2026-08-19T11:13:28.588-05:00 DEBUG 146089 --- [-auto-1-exec-10] o.s.security.web.FilterChainProxy        : Secured GET /api/auth/csrf
2026-08-19T11:13:28.588-05:00 DEBUG 146089 --- [-auto-1-exec-10] o.s.web.servlet.DispatcherServlet        : GET "/api/auth/csrf", parameters={}
2026-08-19T11:13:28.588-05:00 DEBUG 146089 --- [-auto-1-exec-10] s.w.s.m.m.a.RequestMappingHandlerMapping : Mapped to com.menusaas.auth.controller.AuthController#csrf(HttpServletRequest)
2026-08-19T11:13:28.589-05:00 DEBUG 146089 --- [-auto-1-exec-10] m.m.a.RequestResponseBodyMethodProcessor : Using 'application/json', given [application/json, application/yaml, application/*+json] and supported [application/json, application/*+json, application/yaml]
2026-08-19T11:13:28.590-05:00 DEBUG 146089 --- [-auto-1-exec-10] m.m.a.RequestResponseBodyMethodProcessor : Writing [ApiResponse[success=true, message=OK, data=b74ce0cc-8e59-4b47-826b-010807e323b4, timestamp=2026-08-1 (truncated)...]
2026-08-19T11:13:28.591-05:00 DEBUG 146089 --- [-auto-1-exec-10] o.s.web.servlet.DispatcherServlet        : Completed 200 OK
2026-08-19T11:13:28.592-05:00 DEBUG 146089 --- [           main] o.s.web.client.RestTemplate              : Response 200 OK
2026-08-19T11:13:28.593-05:00 DEBUG 146089 --- [           main] o.s.web.client.RestTemplate              : Reading to [com.fasterxml.jackson.databind.JsonNode]
2026-08-19T11:13:28.594-05:00 DEBUG 146089 --- [           main] o.s.web.client.RestTemplate              : HTTP POST http://localhost:35773/api/auth/register
2026-08-19T11:13:28.595-05:00 DEBUG 146089 --- [           main] o.s.web.client.RestTemplate              : Accept=[application/json, application/yaml, application/*+json]
2026-08-19T11:13:28.595-05:00 DEBUG 146089 --- [           main] o.s.web.client.RestTemplate              : Writing [{"slug":"weak-burger","password":"123","name":"Weak User","restaurantName":"Weak Burger","email":"weak@example.com"}] as "application/json"
2026-08-19T11:13:28.599-05:00 DEBUG 146089 --- [o-auto-1-exec-1] o.s.security.web.FilterChainProxy        : Securing POST /api/auth/register
2026-08-19T11:13:28.600-05:00 TRACE 146089 --- [o-auto-1-exec-1] s.s.w.c.CsrfTokenRequestAttributeHandler : Wrote a CSRF token to the following request attributes: [_csrf, org.springframework.security.web.csrf.CsrfToken]
2026-08-19T11:13:28.600-05:00 TRACE 146089 --- [o-auto-1-exec-1] o.s.security.web.csrf.CsrfFilter         : Did not protect against CSRF since request did not match And [CsrfNotRequired [TRACE, HEAD, GET, OPTIONS], Not [Or [Deferred [Mvc [pattern='/api/auth/login'], Ant [pattern='/api/auth/login']], Deferred [Mvc [pattern='/api/auth/register'], Ant [pattern='/api/auth/register']], Deferred [Mvc [pattern='/api/webhooks/**'], Ant [pattern='/api/webhooks/**']]]]]
2026-08-19T11:13:28.600-05:00 DEBUG 146089 --- [o-auto-1-exec-1] o.s.s.w.a.AnonymousAuthenticationFilter  : Set SecurityContextHolder to anonymous SecurityContext
2026-08-19T11:13:28.601-05:00 DEBUG 146089 --- [o-auto-1-exec-1] o.s.security.web.FilterChainProxy        : Secured POST /api/auth/register
2026-08-19T11:13:28.601-05:00 DEBUG 146089 --- [o-auto-1-exec-1] o.s.web.servlet.DispatcherServlet        : POST "/api/auth/register", parameters={}
2026-08-19T11:13:28.601-05:00 DEBUG 146089 --- [o-auto-1-exec-1] s.w.s.m.m.a.RequestMappingHandlerMapping : Mapped to com.menusaas.auth.controller.AuthController#register(RegisterRequest, HttpServletResponse)
2026-08-19T11:13:28.603-05:00 DEBUG 146089 --- [o-auto-1-exec-1] m.m.a.RequestResponseBodyMethodProcessor : Read "application/json;charset=UTF-8" to [RegisterRequest[name=Weak User, email=weak@example.com, password=123, restaurantName=Weak Burger, sl (truncated)...]
2026-08-19T11:13:28.616-05:00 DEBUG 146089 --- [o-auto-1-exec-1] .m.m.a.ExceptionHandlerExceptionResolver : Using @ExceptionHandler com.menusaas.shared.api.GlobalExceptionHandler#handleValidation(MethodArgumentNotValidException)
2026-08-19T11:13:28.617-05:00 DEBUG 146089 --- [o-auto-1-exec-1] o.s.w.s.m.m.a.HttpEntityMethodProcessor  : Using 'application/json', given [application/json, application/yaml, application/*+json] and supported [application/json, application/*+json, application/yaml]
2026-08-19T11:13:28.617-05:00 DEBUG 146089 --- [o-auto-1-exec-1] o.s.w.s.m.m.a.HttpEntityMethodProcessor  : Writing [ErrorResponse[message=Datos inválidos, code=VALIDATION_ERROR, status=400, timestamp=2026-08-19T16:13 (truncated)...]
2026-08-19T11:13:28.619-05:00 DEBUG 146089 --- [o-auto-1-exec-1] .m.m.a.ExceptionHandlerExceptionResolver : Resolved [org.springframework.web.bind.MethodArgumentNotValidException: Validation failed for argument [0] in public com.menusaas.shared.api.ApiResponse<com.menusaas.auth.dto.AuthResponse> com.menusaas.auth.controller.AuthController.register(com.menusaas.auth.dto.RegisterRequest,jakarta.servlet.http.HttpServletResponse) with 2 errors: [Field error in object 'registerRequest' on field 'password': rejected value [123]; codes [Size.registerRequest.password,Size.password,Size.java.lang.String,Size]; arguments [org.springframework.context.support.DefaultMessageSourceResolvable: codes [registerRequest.password,password]; arguments []; default message [password],72,8]; default message [La contraseña debe tener entre 8 y 72 caracteres]] [Field error in object 'registerRequest' on field 'password': rejected value [123]; codes [Pattern.registerRequest.password,Pattern.password,Pattern.java.lang.String,Pattern]; arguments [org.springframework.context.support.DefaultMessageSourceResolvable: codes [registerRequest.password,password]; arguments []; default message [password],[Ljakarta.validation.constraints.Pattern$Flag;@5a1a5271,^(?=.*[a-z])(?=.*[A-Z])(?=.*\d)(?=.*[^A-Za-z0-9]).+$]; default message [La contraseña debe incluir mayúscula, minúscula, número y símbolo]] ]
2026-08-19T11:13:28.619-05:00 DEBUG 146089 --- [           main] o.s.web.client.RestTemplate              : Response 400 BAD_REQUEST
2026-08-19T11:13:28.619-05:00 DEBUG 146089 --- [o-auto-1-exec-1] o.s.web.servlet.DispatcherServlet        : Completed 400 BAD_REQUEST
2026-08-19T11:13:28.620-05:00 DEBUG 146089 --- [           main] o.s.web.client.RestTemplate              : Reading to [com.fasterxml.jackson.databind.JsonNode]
]]></system-out>
  </testcase>
  <testcase name="negativeProductPrice_rejected" classname="com.menusaas.auth.AuthFlowIT" time="0.176">
    <system-out><![CDATA[2026-08-19T11:13:28.635-05:00 DEBUG 146089 --- [           main] o.s.web.client.RestTemplate              : HTTP GET http://localhost:35773/api/auth/csrf
2026-08-19T11:13:28.635-05:00 DEBUG 146089 --- [           main] o.s.web.client.RestTemplate              : Accept=[application/json, application/yaml, application/*+json]
2026-08-19T11:13:28.638-05:00 DEBUG 146089 --- [o-auto-1-exec-2] o.s.security.web.FilterChainProxy        : Securing GET /api/auth/csrf
2026-08-19T11:13:28.639-05:00 TRACE 146089 --- [o-auto-1-exec-2] s.s.w.c.CsrfTokenRequestAttributeHandler : Wrote a CSRF token to the following request attributes: [_csrf, org.springframework.security.web.csrf.CsrfToken]
2026-08-19T11:13:28.639-05:00 TRACE 146089 --- [o-auto-1-exec-2] o.s.security.web.csrf.CsrfFilter         : Did not protect against CSRF since request did not match And [CsrfNotRequired [TRACE, HEAD, GET, OPTIONS], Not [Or [Deferred [Mvc [pattern='/api/auth/login'], Ant [pattern='/api/auth/login']], Deferred [Mvc [pattern='/api/auth/register'], Ant [pattern='/api/auth/register']], Deferred [Mvc [pattern='/api/webhooks/**'], Ant [pattern='/api/webhooks/**']]]]]
2026-08-19T11:13:28.639-05:00 DEBUG 146089 --- [o-auto-1-exec-2] o.s.s.w.a.AnonymousAuthenticationFilter  : Set SecurityContextHolder to anonymous SecurityContext
2026-08-19T11:13:28.640-05:00 DEBUG 146089 --- [o-auto-1-exec-2] o.s.security.web.FilterChainProxy        : Secured GET /api/auth/csrf
2026-08-19T11:13:28.640-05:00 DEBUG 146089 --- [o-auto-1-exec-2] o.s.web.servlet.DispatcherServlet        : GET "/api/auth/csrf", parameters={}
2026-08-19T11:13:28.640-05:00 DEBUG 146089 --- [o-auto-1-exec-2] s.w.s.m.m.a.RequestMappingHandlerMapping : Mapped to com.menusaas.auth.controller.AuthController#csrf(HttpServletRequest)
2026-08-19T11:13:28.641-05:00 DEBUG 146089 --- [o-auto-1-exec-2] m.m.a.RequestResponseBodyMethodProcessor : Using 'application/json', given [application/json, application/yaml, application/*+json] and supported [application/json, application/*+json, application/yaml]
2026-08-19T11:13:28.642-05:00 DEBUG 146089 --- [o-auto-1-exec-2] m.m.a.RequestResponseBodyMethodProcessor : Writing [ApiResponse[success=true, message=OK, data=c08cd5e5-f840-439b-8c75-41cb2a62ef1e, timestamp=2026-08-1 (truncated)...]
2026-08-19T11:13:28.643-05:00 DEBUG 146089 --- [o-auto-1-exec-2] o.s.web.servlet.DispatcherServlet        : Completed 200 OK
2026-08-19T11:13:28.643-05:00 DEBUG 146089 --- [           main] o.s.web.client.RestTemplate              : Response 200 OK
2026-08-19T11:13:28.643-05:00 DEBUG 146089 --- [           main] o.s.web.client.RestTemplate              : Reading to [com.fasterxml.jackson.databind.JsonNode]
2026-08-19T11:13:28.644-05:00 DEBUG 146089 --- [           main] o.s.web.client.RestTemplate              : HTTP POST http://localhost:35773/api/auth/register
2026-08-19T11:13:28.645-05:00 DEBUG 146089 --- [           main] o.s.web.client.RestTemplate              : Accept=[application/json, application/yaml, application/*+json]
2026-08-19T11:13:28.645-05:00 DEBUG 146089 --- [           main] o.s.web.client.RestTemplate              : Writing [{"slug":"price-burger","password":"StrongPass123!","name":"Price User","restaurantName":"Rest Price User","email":"price@example.com"}] as "application/json"
2026-08-19T11:13:28.647-05:00 DEBUG 146089 --- [o-auto-1-exec-3] o.s.security.web.FilterChainProxy        : Securing POST /api/auth/register
2026-08-19T11:13:28.648-05:00 TRACE 146089 --- [o-auto-1-exec-3] s.s.w.c.CsrfTokenRequestAttributeHandler : Wrote a CSRF token to the following request attributes: [_csrf, org.springframework.security.web.csrf.CsrfToken]
2026-08-19T11:13:28.648-05:00 TRACE 146089 --- [o-auto-1-exec-3] o.s.security.web.csrf.CsrfFilter         : Did not protect against CSRF since request did not match And [CsrfNotRequired [TRACE, HEAD, GET, OPTIONS], Not [Or [Deferred [Mvc [pattern='/api/auth/login'], Ant [pattern='/api/auth/login']], Deferred [Mvc [pattern='/api/auth/register'], Ant [pattern='/api/auth/register']], Deferred [Mvc [pattern='/api/webhooks/**'], Ant [pattern='/api/webhooks/**']]]]]
2026-08-19T11:13:28.648-05:00 DEBUG 146089 --- [o-auto-1-exec-3] o.s.s.w.a.AnonymousAuthenticationFilter  : Set SecurityContextHolder to anonymous SecurityContext
2026-08-19T11:13:28.649-05:00 DEBUG 146089 --- [o-auto-1-exec-3] o.s.security.web.FilterChainProxy        : Secured POST /api/auth/register
2026-08-19T11:13:28.649-05:00 DEBUG 146089 --- [o-auto-1-exec-3] o.s.web.servlet.DispatcherServlet        : POST "/api/auth/register", parameters={}
2026-08-19T11:13:28.649-05:00 DEBUG 146089 --- [o-auto-1-exec-3] s.w.s.m.m.a.RequestMappingHandlerMapping : Mapped to com.menusaas.auth.controller.AuthController#register(RegisterRequest, HttpServletResponse)
2026-08-19T11:13:28.651-05:00 DEBUG 146089 --- [o-auto-1-exec-3] m.m.a.RequestResponseBodyMethodProcessor : Read "application/json;charset=UTF-8" to [RegisterRequest[name=Price User, email=price@example.com, password=StrongPass123!, restaurantName=Re (truncated)...]
2026-08-19T11:13:28.721-05:00  INFO 146089 --- [o-auto-1-exec-3] com.menusaas.auth.service.AuthService    : Nuevo restaurante registrado: slug=price-burger, usuario=price@example.com
2026-08-19T11:13:28.727-05:00 DEBUG 146089 --- [o-auto-1-exec-3] m.m.a.RequestResponseBodyMethodProcessor : Using 'application/json', given [application/json, application/yaml, application/*+json] and supported [application/json, application/*+json, application/yaml]
2026-08-19T11:13:28.728-05:00 DEBUG 146089 --- [o-auto-1-exec-3] m.m.a.RequestResponseBodyMethodProcessor : Writing [ApiResponse[success=true, message=Registro exitoso, data=AuthResponse[user=UserInfo[id=11, name=Pric (truncated)...]
2026-08-19T11:13:28.729-05:00 DEBUG 146089 --- [o-auto-1-exec-3] o.s.web.servlet.DispatcherServlet        : Completed 201 CREATED
2026-08-19T11:13:28.730-05:00 DEBUG 146089 --- [           main] o.s.web.client.RestTemplate              : Response 201 CREATED
2026-08-19T11:13:28.730-05:00 DEBUG 146089 --- [           main] o.s.web.client.RestTemplate              : Reading to [com.fasterxml.jackson.databind.JsonNode]
2026-08-19T11:13:28.731-05:00 DEBUG 146089 --- [           main] o.s.web.client.RestTemplate              : HTTP POST http://localhost:35773/api/categories
2026-08-19T11:13:28.732-05:00 DEBUG 146089 --- [           main] o.s.web.client.RestTemplate              : Accept=[application/json, application/yaml, application/*+json]
2026-08-19T11:13:28.732-05:00 DEBUG 146089 --- [           main] o.s.web.client.RestTemplate              : Writing [{"position":"1","name":"Cat P"}] as "application/json"
2026-08-19T11:13:28.735-05:00 DEBUG 146089 --- [o-auto-1-exec-4] o.s.security.web.FilterChainProxy        : Securing POST /api/categories
2026-08-19T11:13:28.735-05:00 TRACE 146089 --- [o-auto-1-exec-4] s.s.w.c.CsrfTokenRequestAttributeHandler : Wrote a CSRF token to the following request attributes: [_csrf, org.springframework.security.web.csrf.CsrfToken]
2026-08-19T11:13:28.735-05:00 TRACE 146089 --- [o-auto-1-exec-4] o.s.security.web.csrf.CsrfFilter         : Found a CSRF token in the request
2026-08-19T11:13:28.740-05:00 DEBUG 146089 --- [o-auto-1-exec-4] o.s.security.web.FilterChainProxy        : Secured POST /api/categories
2026-08-19T11:13:28.740-05:00 DEBUG 146089 --- [o-auto-1-exec-4] o.s.web.servlet.DispatcherServlet        : POST "/api/categories", parameters={}
2026-08-19T11:13:28.740-05:00 DEBUG 146089 --- [o-auto-1-exec-4] s.w.s.m.m.a.RequestMappingHandlerMapping : Mapped to com.menusaas.categories.controller.CategoryController#create(CategoryRequest)
2026-08-19T11:13:28.742-05:00 DEBUG 146089 --- [o-auto-1-exec-4] m.m.a.RequestResponseBodyMethodProcessor : Read "application/json;charset=UTF-8" to [CategoryRequest[name=Cat P, description=null, position=1, active=null]]
2026-08-19T11:13:28.750-05:00 DEBUG 146089 --- [o-auto-1-exec-4] m.m.a.RequestResponseBodyMethodProcessor : Using 'application/json', given [application/json, application/yaml, application/*+json] and supported [application/json, application/*+json, application/yaml]
2026-08-19T11:13:28.750-05:00 DEBUG 146089 --- [o-auto-1-exec-4] m.m.a.RequestResponseBodyMethodProcessor : Writing [ApiResponse[success=true, message=Categoría creada, data=CategoryResponse[id=7, restaurantId=10, nam (truncated)...]
2026-08-19T11:13:28.751-05:00 DEBUG 146089 --- [o-auto-1-exec-4] o.s.web.servlet.DispatcherServlet        : Completed 201 CREATED
2026-08-19T11:13:28.752-05:00 DEBUG 146089 --- [           main] o.s.web.client.RestTemplate              : Response 201 CREATED
2026-08-19T11:13:28.752-05:00 DEBUG 146089 --- [           main] o.s.web.client.RestTemplate              : Reading to [com.fasterxml.jackson.databind.JsonNode]
2026-08-19T11:13:28.754-05:00 DEBUG 146089 --- [           main] o.s.web.client.RestTemplate              : HTTP POST http://localhost:35773/api/products
2026-08-19T11:13:28.754-05:00 DEBUG 146089 --- [           main] o.s.web.client.RestTemplate              : Accept=[application/json, application/yaml, application/*+json]
2026-08-19T11:13:28.755-05:00 DEBUG 146089 --- [           main] o.s.web.client.RestTemplate              : Writing [{"categoryId":"7","name":"Prod","price":"-5"}] as "application/json"
2026-08-19T11:13:28.757-05:00 DEBUG 146089 --- [o-auto-1-exec-5] o.s.security.web.FilterChainProxy        : Securing POST /api/products
2026-08-19T11:13:28.758-05:00 TRACE 146089 --- [o-auto-1-exec-5] s.s.w.c.CsrfTokenRequestAttributeHandler : Wrote a CSRF token to the following request attributes: [_csrf, org.springframework.security.web.csrf.CsrfToken]
2026-08-19T11:13:28.758-05:00 TRACE 146089 --- [o-auto-1-exec-5] o.s.security.web.csrf.CsrfFilter         : Found a CSRF token in the request
2026-08-19T11:13:28.763-05:00 DEBUG 146089 --- [o-auto-1-exec-5] o.s.security.web.FilterChainProxy        : Secured POST /api/products
2026-08-19T11:13:28.763-05:00 DEBUG 146089 --- [o-auto-1-exec-5] o.s.web.servlet.DispatcherServlet        : POST "/api/products", parameters={}
2026-08-19T11:13:28.764-05:00 DEBUG 146089 --- [o-auto-1-exec-5] s.w.s.m.m.a.RequestMappingHandlerMapping : Mapped to com.menusaas.products.controller.ProductController#create(ProductRequest)
2026-08-19T11:13:28.783-05:00 DEBUG 146089 --- [o-auto-1-exec-5] m.m.a.RequestResponseBodyMethodProcessor : Read "application/json;charset=UTF-8" to [ProductRequest[categoryId=7, name=Prod, description=null, price=-5, imageUrl=null, available=null, p (truncated)...]
2026-08-19T11:13:28.795-05:00 DEBUG 146089 --- [o-auto-1-exec-5] .m.m.a.ExceptionHandlerExceptionResolver : Using @ExceptionHandler com.menusaas.shared.api.GlobalExceptionHandler#handleValidation(MethodArgumentNotValidException)
2026-08-19T11:13:28.796-05:00 DEBUG 146089 --- [o-auto-1-exec-5] o.s.w.s.m.m.a.HttpEntityMethodProcessor  : Using 'application/json', given [application/json, application/yaml, application/*+json] and supported [application/json, application/*+json, application/yaml]
2026-08-19T11:13:28.796-05:00 DEBUG 146089 --- [o-auto-1-exec-5] o.s.w.s.m.m.a.HttpEntityMethodProcessor  : Writing [ErrorResponse[message=Datos inválidos, code=VALIDATION_ERROR, status=400, timestamp=2026-08-19T16:13 (truncated)...]
2026-08-19T11:13:28.797-05:00 DEBUG 146089 --- [o-auto-1-exec-5] .m.m.a.ExceptionHandlerExceptionResolver : Resolved [org.springframework.web.bind.MethodArgumentNotValidException: Validation failed for argument [0] in public com.menusaas.shared.api.ApiResponse<com.menusaas.products.dto.ProductResponse> com.menusaas.products.controller.ProductController.create(com.menusaas.products.dto.ProductRequest): [Field error in object 'productRequest' on field 'price': rejected value [-5]; codes [DecimalMin.productRequest.price,DecimalMin.price,DecimalMin.java.math.BigDecimal,DecimalMin]; arguments [org.springframework.context.support.DefaultMessageSourceResolvable: codes [productRequest.price,price]; arguments []; default message [price],true,0.00]; default message [El precio no puede ser negativo]] ]
2026-08-19T11:13:28.798-05:00 DEBUG 146089 --- [           main] o.s.web.client.RestTemplate              : Response 400 BAD_REQUEST
2026-08-19T11:13:28.798-05:00 DEBUG 146089 --- [o-auto-1-exec-5] o.s.web.servlet.DispatcherServlet        : Completed 400 BAD_REQUEST
2026-08-19T11:13:28.798-05:00 DEBUG 146089 --- [           main] o.s.web.client.RestTemplate              : Reading to [com.fasterxml.jackson.databind.JsonNode]
]]></system-out>
  </testcase>
  <testcase name="passwordWithoutSymbol_rejected" classname="com.menusaas.auth.AuthFlowIT" time="0.037">
    <system-out><![CDATA[2026-08-19T11:13:28.814-05:00 DEBUG 146089 --- [           main] o.s.web.client.RestTemplate              : HTTP GET http://localhost:35773/api/auth/csrf
2026-08-19T11:13:28.814-05:00 DEBUG 146089 --- [           main] o.s.web.client.RestTemplate              : Accept=[application/json, application/yaml, application/*+json]
2026-08-19T11:13:28.817-05:00 DEBUG 146089 --- [o-auto-1-exec-6] o.s.security.web.FilterChainProxy        : Securing GET /api/auth/csrf
2026-08-19T11:13:28.818-05:00 TRACE 146089 --- [o-auto-1-exec-6] s.s.w.c.CsrfTokenRequestAttributeHandler : Wrote a CSRF token to the following request attributes: [_csrf, org.springframework.security.web.csrf.CsrfToken]
2026-08-19T11:13:28.818-05:00 TRACE 146089 --- [o-auto-1-exec-6] o.s.security.web.csrf.CsrfFilter         : Did not protect against CSRF since request did not match And [CsrfNotRequired [TRACE, HEAD, GET, OPTIONS], Not [Or [Deferred [Mvc [pattern='/api/auth/login'], Ant [pattern='/api/auth/login']], Deferred [Mvc [pattern='/api/auth/register'], Ant [pattern='/api/auth/register']], Deferred [Mvc [pattern='/api/webhooks/**'], Ant [pattern='/api/webhooks/**']]]]]
2026-08-19T11:13:28.818-05:00 DEBUG 146089 --- [o-auto-1-exec-6] o.s.s.w.a.AnonymousAuthenticationFilter  : Set SecurityContextHolder to anonymous SecurityContext
2026-08-19T11:13:28.818-05:00 DEBUG 146089 --- [o-auto-1-exec-6] o.s.security.web.FilterChainProxy        : Secured GET /api/auth/csrf
2026-08-19T11:13:28.818-05:00 DEBUG 146089 --- [o-auto-1-exec-6] o.s.web.servlet.DispatcherServlet        : GET "/api/auth/csrf", parameters={}
2026-08-19T11:13:28.819-05:00 DEBUG 146089 --- [o-auto-1-exec-6] s.w.s.m.m.a.RequestMappingHandlerMapping : Mapped to com.menusaas.auth.controller.AuthController#csrf(HttpServletRequest)
2026-08-19T11:13:28.820-05:00 DEBUG 146089 --- [o-auto-1-exec-6] m.m.a.RequestResponseBodyMethodProcessor : Using 'application/json', given [application/json, application/yaml, application/*+json] and supported [application/json, application/*+json, application/yaml]
2026-08-19T11:13:28.820-05:00 DEBUG 146089 --- [o-auto-1-exec-6] m.m.a.RequestResponseBodyMethodProcessor : Writing [ApiResponse[success=true, message=OK, data=3080d43f-5cc0-42e6-95a2-7c580ecad9c4, timestamp=2026-08-1 (truncated)...]
2026-08-19T11:13:28.821-05:00 DEBUG 146089 --- [o-auto-1-exec-6] o.s.web.servlet.DispatcherServlet        : Completed 200 OK
2026-08-19T11:13:28.822-05:00 DEBUG 146089 --- [           main] o.s.web.client.RestTemplate              : Response 200 OK
2026-08-19T11:13:28.822-05:00 DEBUG 146089 --- [           main] o.s.web.client.RestTemplate              : Reading to [com.fasterxml.jackson.databind.JsonNode]
2026-08-19T11:13:28.824-05:00 DEBUG 146089 --- [           main] o.s.web.client.RestTemplate              : HTTP POST http://localhost:35773/api/auth/register
2026-08-19T11:13:28.824-05:00 DEBUG 146089 --- [           main] o.s.web.client.RestTemplate              : Accept=[application/json, application/yaml, application/*+json]
2026-08-19T11:13:28.825-05:00 DEBUG 146089 --- [           main] o.s.web.client.RestTemplate              : Writing [{"slug":"nosym-burger","password":"StrongPass123","name":"NoSym User","restaurantName":"NoSym Burger","email":"nosym@example.com"}] as "application/json"
2026-08-19T11:13:28.828-05:00 DEBUG 146089 --- [o-auto-1-exec-7] o.s.security.web.FilterChainProxy        : Securing POST /api/auth/register
2026-08-19T11:13:28.828-05:00 TRACE 146089 --- [o-auto-1-exec-7] s.s.w.c.CsrfTokenRequestAttributeHandler : Wrote a CSRF token to the following request attributes: [_csrf, org.springframework.security.web.csrf.CsrfToken]
2026-08-19T11:13:28.828-05:00 TRACE 146089 --- [o-auto-1-exec-7] o.s.security.web.csrf.CsrfFilter         : Did not protect against CSRF since request did not match And [CsrfNotRequired [TRACE, HEAD, GET, OPTIONS], Not [Or [Deferred [Mvc [pattern='/api/auth/login'], Ant [pattern='/api/auth/login']], Deferred [Mvc [pattern='/api/auth/register'], Ant [pattern='/api/auth/register']], Deferred [Mvc [pattern='/api/webhooks/**'], Ant [pattern='/api/webhooks/**']]]]]
2026-08-19T11:13:28.829-05:00 DEBUG 146089 --- [o-auto-1-exec-7] o.s.s.w.a.AnonymousAuthenticationFilter  : Set SecurityContextHolder to anonymous SecurityContext
2026-08-19T11:13:28.829-05:00 DEBUG 146089 --- [o-auto-1-exec-7] o.s.security.web.FilterChainProxy        : Secured POST /api/auth/register
2026-08-19T11:13:28.829-05:00 DEBUG 146089 --- [o-auto-1-exec-7] o.s.web.servlet.DispatcherServlet        : POST "/api/auth/register", parameters={}
2026-08-19T11:13:28.830-05:00 DEBUG 146089 --- [o-auto-1-exec-7] s.w.s.m.m.a.RequestMappingHandlerMapping : Mapped to com.menusaas.auth.controller.AuthController#register(RegisterRequest, HttpServletResponse)
2026-08-19T11:13:28.831-05:00 DEBUG 146089 --- [o-auto-1-exec-7] m.m.a.RequestResponseBodyMethodProcessor : Read "application/json;charset=UTF-8" to [RegisterRequest[name=NoSym User, email=nosym@example.com, password=StrongPass123, restaurantName=NoS (truncated)...]
2026-08-19T11:13:28.832-05:00 DEBUG 146089 --- [o-auto-1-exec-7] .m.m.a.ExceptionHandlerExceptionResolver : Using @ExceptionHandler com.menusaas.shared.api.GlobalExceptionHandler#handleValidation(MethodArgumentNotValidException)
2026-08-19T11:13:28.832-05:00 DEBUG 146089 --- [o-auto-1-exec-7] o.s.w.s.m.m.a.HttpEntityMethodProcessor  : Using 'application/json', given [application/json, application/yaml, application/*+json] and supported [application/json, application/*+json, application/yaml]
2026-08-19T11:13:28.832-05:00 DEBUG 146089 --- [o-auto-1-exec-7] o.s.w.s.m.m.a.HttpEntityMethodProcessor  : Writing [ErrorResponse[message=Datos inválidos, code=VALIDATION_ERROR, status=400, timestamp=2026-08-19T16:13 (truncated)...]
2026-08-19T11:13:28.833-05:00 DEBUG 146089 --- [o-auto-1-exec-7] .m.m.a.ExceptionHandlerExceptionResolver : Resolved [org.springframework.web.bind.MethodArgumentNotValidException: Validation failed for argument [0] in public com.menusaas.shared.api.ApiResponse<com.menusaas.auth.dto.AuthResponse> com.menusaas.auth.controller.AuthController.register(com.menusaas.auth.dto.RegisterRequest,jakarta.servlet.http.HttpServletResponse): [Field error in object 'registerRequest' on field 'password': rejected value [StrongPass123]; codes [Pattern.registerRequest.password,Pattern.password,Pattern.java.lang.String,Pattern]; arguments [org.springframework.context.support.DefaultMessageSourceResolvable: codes [registerRequest.password,password]; arguments []; default message [password],[Ljakarta.validation.constraints.Pattern$Flag;@5a1a5271,^(?=.*[a-z])(?=.*[A-Z])(?=.*\d)(?=.*[^A-Za-z0-9]).+$]; default message [La contraseña debe incluir mayúscula, minúscula, número y símbolo]] ]
2026-08-19T11:13:28.834-05:00 DEBUG 146089 --- [o-auto-1-exec-7] o.s.web.servlet.DispatcherServlet        : Completed 400 BAD_REQUEST
2026-08-19T11:13:28.836-05:00 DEBUG 146089 --- [           main] o.s.web.client.RestTemplate              : Response 400 BAD_REQUEST
2026-08-19T11:13:28.837-05:00 DEBUG 146089 --- [           main] o.s.web.client.RestTemplate              : Reading to [com.fasterxml.jackson.databind.JsonNode]
]]></system-out>
  </testcase>
  <testcase name="mutatingRequests_withoutCsrfToken_areRejected" classname="com.menusaas.auth.AuthFlowIT" time="0.143">
    <system-out><![CDATA[2026-08-19T11:13:28.852-05:00 DEBUG 146089 --- [           main] o.s.web.client.RestTemplate              : HTTP GET http://localhost:35773/api/auth/csrf
2026-08-19T11:13:28.852-05:00 DEBUG 146089 --- [           main] o.s.web.client.RestTemplate              : Accept=[application/json, application/yaml, application/*+json]
2026-08-19T11:13:28.856-05:00 DEBUG 146089 --- [o-auto-1-exec-8] o.s.security.web.FilterChainProxy        : Securing GET /api/auth/csrf
2026-08-19T11:13:28.857-05:00 TRACE 146089 --- [o-auto-1-exec-8] s.s.w.c.CsrfTokenRequestAttributeHandler : Wrote a CSRF token to the following request attributes: [_csrf, org.springframework.security.web.csrf.CsrfToken]
2026-08-19T11:13:28.857-05:00 TRACE 146089 --- [o-auto-1-exec-8] o.s.security.web.csrf.CsrfFilter         : Did not protect against CSRF since request did not match And [CsrfNotRequired [TRACE, HEAD, GET, OPTIONS], Not [Or [Deferred [Mvc [pattern='/api/auth/login'], Ant [pattern='/api/auth/login']], Deferred [Mvc [pattern='/api/auth/register'], Ant [pattern='/api/auth/register']], Deferred [Mvc [pattern='/api/webhooks/**'], Ant [pattern='/api/webhooks/**']]]]]
2026-08-19T11:13:28.858-05:00 DEBUG 146089 --- [o-auto-1-exec-8] o.s.s.w.a.AnonymousAuthenticationFilter  : Set SecurityContextHolder to anonymous SecurityContext
2026-08-19T11:13:28.858-05:00 DEBUG 146089 --- [o-auto-1-exec-8] o.s.security.web.FilterChainProxy        : Secured GET /api/auth/csrf
2026-08-19T11:13:28.858-05:00 DEBUG 146089 --- [o-auto-1-exec-8] o.s.web.servlet.DispatcherServlet        : GET "/api/auth/csrf", parameters={}
2026-08-19T11:13:28.859-05:00 DEBUG 146089 --- [o-auto-1-exec-8] s.w.s.m.m.a.RequestMappingHandlerMapping : Mapped to com.menusaas.auth.controller.AuthController#csrf(HttpServletRequest)
2026-08-19T11:13:28.859-05:00 DEBUG 146089 --- [o-auto-1-exec-8] m.m.a.RequestResponseBodyMethodProcessor : Using 'application/json', given [application/json, application/yaml, application/*+json] and supported [application/json, application/*+json, application/yaml]
2026-08-19T11:13:28.860-05:00 DEBUG 146089 --- [o-auto-1-exec-8] m.m.a.RequestResponseBodyMethodProcessor : Writing [ApiResponse[success=true, message=OK, data=aae8c6f1-aa17-406c-baef-42d5012fd86b, timestamp=2026-08-1 (truncated)...]
2026-08-19T11:13:28.861-05:00 DEBUG 146089 --- [o-auto-1-exec-8] o.s.web.servlet.DispatcherServlet        : Completed 200 OK
2026-08-19T11:13:28.861-05:00 DEBUG 146089 --- [           main] o.s.web.client.RestTemplate              : Response 200 OK
2026-08-19T11:13:28.862-05:00 DEBUG 146089 --- [           main] o.s.web.client.RestTemplate              : Reading to [com.fasterxml.jackson.databind.JsonNode]
2026-08-19T11:13:28.864-05:00 DEBUG 146089 --- [           main] o.s.web.client.RestTemplate              : HTTP POST http://localhost:35773/api/auth/register
2026-08-19T11:13:28.864-05:00 DEBUG 146089 --- [           main] o.s.web.client.RestTemplate              : Accept=[application/json, application/yaml, application/*+json]
2026-08-19T11:13:28.864-05:00 DEBUG 146089 --- [           main] o.s.web.client.RestTemplate              : Writing [{"slug":"csrf-burger","password":"StrongPass123!","name":"Csrf User","restaurantName":"Rest Csrf User","email":"csrf@example.com"}] as "application/json"
2026-08-19T11:13:28.867-05:00 DEBUG 146089 --- [o-auto-1-exec-9] o.s.security.web.FilterChainProxy        : Securing POST /api/auth/register
2026-08-19T11:13:28.868-05:00 TRACE 146089 --- [o-auto-1-exec-9] s.s.w.c.CsrfTokenRequestAttributeHandler : Wrote a CSRF token to the following request attributes: [_csrf, org.springframework.security.web.csrf.CsrfToken]
2026-08-19T11:13:28.868-05:00 TRACE 146089 --- [o-auto-1-exec-9] o.s.security.web.csrf.CsrfFilter         : Did not protect against CSRF since request did not match And [CsrfNotRequired [TRACE, HEAD, GET, OPTIONS], Not [Or [Deferred [Mvc [pattern='/api/auth/login'], Ant [pattern='/api/auth/login']], Deferred [Mvc [pattern='/api/auth/register'], Ant [pattern='/api/auth/register']], Deferred [Mvc [pattern='/api/webhooks/**'], Ant [pattern='/api/webhooks/**']]]]]
2026-08-19T11:13:28.868-05:00 DEBUG 146089 --- [o-auto-1-exec-9] o.s.s.w.a.AnonymousAuthenticationFilter  : Set SecurityContextHolder to anonymous SecurityContext
2026-08-19T11:13:28.869-05:00 DEBUG 146089 --- [o-auto-1-exec-9] o.s.security.web.FilterChainProxy        : Secured POST /api/auth/register
2026-08-19T11:13:28.869-05:00 DEBUG 146089 --- [o-auto-1-exec-9] o.s.web.servlet.DispatcherServlet        : POST "/api/auth/register", parameters={}
2026-08-19T11:13:28.869-05:00 DEBUG 146089 --- [o-auto-1-exec-9] s.w.s.m.m.a.RequestMappingHandlerMapping : Mapped to com.menusaas.auth.controller.AuthController#register(RegisterRequest, HttpServletResponse)
2026-08-19T11:13:28.870-05:00 DEBUG 146089 --- [o-auto-1-exec-9] m.m.a.RequestResponseBodyMethodProcessor : Read "application/json;charset=UTF-8" to [RegisterRequest[name=Csrf User, email=csrf@example.com, password=StrongPass123!, restaurantName=Rest (truncated)...]
2026-08-19T11:13:28.939-05:00  INFO 146089 --- [o-auto-1-exec-9] com.menusaas.auth.service.AuthService    : Nuevo restaurante registrado: slug=csrf-burger, usuario=csrf@example.com
2026-08-19T11:13:28.946-05:00 DEBUG 146089 --- [o-auto-1-exec-9] m.m.a.RequestResponseBodyMethodProcessor : Using 'application/json', given [application/json, application/yaml, application/*+json] and supported [application/json, application/*+json, application/yaml]
2026-08-19T11:13:28.946-05:00 DEBUG 146089 --- [o-auto-1-exec-9] m.m.a.RequestResponseBodyMethodProcessor : Writing [ApiResponse[success=true, message=Registro exitoso, data=AuthResponse[user=UserInfo[id=12, name=Csrf (truncated)...]
2026-08-19T11:13:28.947-05:00 DEBUG 146089 --- [o-auto-1-exec-9] o.s.web.servlet.DispatcherServlet        : Completed 201 CREATED
2026-08-19T11:13:28.947-05:00 DEBUG 146089 --- [           main] o.s.web.client.RestTemplate              : Response 201 CREATED
2026-08-19T11:13:28.948-05:00 DEBUG 146089 --- [           main] o.s.web.client.RestTemplate              : Reading to [com.fasterxml.jackson.databind.JsonNode]
2026-08-19T11:13:28.949-05:00 DEBUG 146089 --- [           main] o.s.web.client.RestTemplate              : HTTP POST http://localhost:35773/api/categories
2026-08-19T11:13:28.950-05:00 DEBUG 146089 --- [           main] o.s.web.client.RestTemplate              : Accept=[application/json, application/yaml, application/*+json]
2026-08-19T11:13:28.950-05:00 DEBUG 146089 --- [           main] o.s.web.client.RestTemplate              : Writing [{"position":"1","name":"Cat X"}] with org.springframework.http.converter.StringHttpMessageConverter
2026-08-19T11:13:28.953-05:00 DEBUG 146089 --- [-auto-1-exec-10] o.s.security.web.FilterChainProxy        : Securing POST /api/categories
2026-08-19T11:13:28.953-05:00 TRACE 146089 --- [-auto-1-exec-10] s.s.w.c.CsrfTokenRequestAttributeHandler : Wrote a CSRF token to the following request attributes: [_csrf, org.springframework.security.web.csrf.CsrfToken]
2026-08-19T11:13:28.953-05:00 TRACE 146089 --- [-auto-1-exec-10] o.s.s.web.csrf.CsrfTokenRequestHandler   : Did not find a CSRF token in the [X-XSRF-TOKEN] request header
2026-08-19T11:13:28.953-05:00 TRACE 146089 --- [-auto-1-exec-10] o.s.s.web.csrf.CsrfTokenRequestHandler   : Did not find a CSRF token in the [_csrf] request parameter
2026-08-19T11:13:28.954-05:00 DEBUG 146089 --- [-auto-1-exec-10] o.s.security.web.csrf.CsrfFilter         : Invalid CSRF token found for http://localhost:35773/api/categories
2026-08-19T11:13:28.954-05:00 DEBUG 146089 --- [-auto-1-exec-10] o.s.s.w.access.AccessDeniedHandlerImpl   : Responding with 403 status code
2026-08-19T11:13:28.955-05:00 DEBUG 146089 --- [-auto-1-exec-10] o.s.security.web.FilterChainProxy        : Securing POST /error
2026-08-19T11:13:28.956-05:00 DEBUG 146089 --- [-auto-1-exec-10] o.s.s.w.a.AnonymousAuthenticationFilter  : Set SecurityContextHolder to anonymous SecurityContext
2026-08-19T11:13:28.957-05:00 DEBUG 146089 --- [-auto-1-exec-10] o.s.security.web.FilterChainProxy        : Secured POST /error
2026-08-19T11:13:28.957-05:00 DEBUG 146089 --- [-auto-1-exec-10] o.s.web.servlet.DispatcherServlet        : "ERROR" dispatch for POST "/error", parameters={}
2026-08-19T11:13:28.957-05:00 DEBUG 146089 --- [-auto-1-exec-10] s.w.s.m.m.a.RequestMappingHandlerMapping : Mapped to org.springframework.boot.autoconfigure.web.servlet.error.BasicErrorController#error(HttpServletRequest)
2026-08-19T11:13:28.958-05:00 DEBUG 146089 --- [-auto-1-exec-10] o.s.w.s.m.m.a.HttpEntityMethodProcessor  : Using 'application/json', given [application/json, application/yaml, application/*+json] and supported [application/json, application/*+json, application/yaml]
2026-08-19T11:13:28.959-05:00 DEBUG 146089 --- [-auto-1-exec-10] o.s.w.s.m.m.a.HttpEntityMethodProcessor  : Writing [{timestamp=Wed Aug 19 11:13:28 COT 2026, status=403, error=Forbidden, path=/api/categories}]
2026-08-19T11:13:28.961-05:00 DEBUG 146089 --- [-auto-1-exec-10] o.s.web.servlet.DispatcherServlet        : Exiting from "ERROR" dispatch, status 403
2026-08-19T11:13:28.961-05:00 DEBUG 146089 --- [           main] o.s.web.client.RestTemplate              : Response 403 FORBIDDEN
2026-08-19T11:13:28.961-05:00 DEBUG 146089 --- [           main] o.s.web.client.RestTemplate              : Reading to [com.fasterxml.jackson.databind.JsonNode]
2026-08-19T11:13:28.964-05:00 DEBUG 146089 --- [           main] o.s.web.client.RestTemplate              : HTTP POST http://localhost:35773/api/categories
2026-08-19T11:13:28.964-05:00 DEBUG 146089 --- [           main] o.s.web.client.RestTemplate              : Accept=[application/json, application/yaml, application/*+json]
2026-08-19T11:13:28.964-05:00 DEBUG 146089 --- [           main] o.s.web.client.RestTemplate              : Writing [{"position":"1","name":"Cat X"}] as "application/json"
2026-08-19T11:13:28.966-05:00 DEBUG 146089 --- [o-auto-1-exec-1] o.s.security.web.FilterChainProxy        : Securing POST /api/categories
2026-08-19T11:13:28.967-05:00 TRACE 146089 --- [o-auto-1-exec-1] s.s.w.c.CsrfTokenRequestAttributeHandler : Wrote a CSRF token to the following request attributes: [_csrf, org.springframework.security.web.csrf.CsrfToken]
2026-08-19T11:13:28.967-05:00 TRACE 146089 --- [o-auto-1-exec-1] o.s.security.web.csrf.CsrfFilter         : Found a CSRF token in the request
2026-08-19T11:13:28.973-05:00 DEBUG 146089 --- [o-auto-1-exec-1] o.s.security.web.FilterChainProxy        : Secured POST /api/categories
2026-08-19T11:13:28.973-05:00 DEBUG 146089 --- [o-auto-1-exec-1] o.s.web.servlet.DispatcherServlet        : POST "/api/categories", parameters={}
2026-08-19T11:13:28.973-05:00 DEBUG 146089 --- [o-auto-1-exec-1] s.w.s.m.m.a.RequestMappingHandlerMapping : Mapped to com.menusaas.categories.controller.CategoryController#create(CategoryRequest)
2026-08-19T11:13:28.974-05:00 DEBUG 146089 --- [o-auto-1-exec-1] m.m.a.RequestResponseBodyMethodProcessor : Read "application/json;charset=UTF-8" to [CategoryRequest[name=Cat X, description=null, position=1, active=null]]
2026-08-19T11:13:28.981-05:00 DEBUG 146089 --- [o-auto-1-exec-1] m.m.a.RequestResponseBodyMethodProcessor : Using 'application/json', given [application/json, application/yaml, application/*+json] and supported [application/json, application/*+json, application/yaml]
2026-08-19T11:13:28.981-05:00 DEBUG 146089 --- [o-auto-1-exec-1] m.m.a.RequestResponseBodyMethodProcessor : Writing [ApiResponse[success=true, message=Categoría creada, data=CategoryResponse[id=8, restaurantId=11, nam (truncated)...]
2026-08-19T11:13:28.983-05:00 DEBUG 146089 --- [o-auto-1-exec-1] o.s.web.servlet.DispatcherServlet        : Completed 201 CREATED
2026-08-19T11:13:28.983-05:00 DEBUG 146089 --- [           main] o.s.web.client.RestTemplate              : Response 201 CREATED
2026-08-19T11:13:28.984-05:00 DEBUG 146089 --- [           main] o.s.web.client.RestTemplate              : Reading to [com.fasterxml.jackson.databind.JsonNode]
]]></system-out>
  </testcase>
  <testcase name="fullAuthFlow_register_login_refresh_logout" classname="com.menusaas.auth.AuthFlowIT" time="0.413">
    <system-out><![CDATA[2026-08-19T11:13:28.996-05:00 DEBUG 146089 --- [           main] o.s.web.client.RestTemplate              : HTTP GET http://localhost:35773/api/auth/csrf
2026-08-19T11:13:28.997-05:00 DEBUG 146089 --- [           main] o.s.web.client.RestTemplate              : Accept=[application/json, application/yaml, application/*+json]
2026-08-19T11:13:28.999-05:00 DEBUG 146089 --- [o-auto-1-exec-2] o.s.security.web.FilterChainProxy        : Securing GET /api/auth/csrf
2026-08-19T11:13:28.999-05:00 TRACE 146089 --- [o-auto-1-exec-2] s.s.w.c.CsrfTokenRequestAttributeHandler : Wrote a CSRF token to the following request attributes: [_csrf, org.springframework.security.web.csrf.CsrfToken]
2026-08-19T11:13:28.999-05:00 TRACE 146089 --- [o-auto-1-exec-2] o.s.security.web.csrf.CsrfFilter         : Did not protect against CSRF since request did not match And [CsrfNotRequired [TRACE, HEAD, GET, OPTIONS], Not [Or [Deferred [Mvc [pattern='/api/auth/login'], Ant [pattern='/api/auth/login']], Deferred [Mvc [pattern='/api/auth/register'], Ant [pattern='/api/auth/register']], Deferred [Mvc [pattern='/api/webhooks/**'], Ant [pattern='/api/webhooks/**']]]]]
2026-08-19T11:13:29.000-05:00 DEBUG 146089 --- [o-auto-1-exec-2] o.s.s.w.a.AnonymousAuthenticationFilter  : Set SecurityContextHolder to anonymous SecurityContext
2026-08-19T11:13:29.000-05:00 DEBUG 146089 --- [o-auto-1-exec-2] o.s.security.web.FilterChainProxy        : Secured GET /api/auth/csrf
2026-08-19T11:13:29.000-05:00 DEBUG 146089 --- [o-auto-1-exec-2] o.s.web.servlet.DispatcherServlet        : GET "/api/auth/csrf", parameters={}
2026-08-19T11:13:29.001-05:00 DEBUG 146089 --- [o-auto-1-exec-2] s.w.s.m.m.a.RequestMappingHandlerMapping : Mapped to com.menusaas.auth.controller.AuthController#csrf(HttpServletRequest)
2026-08-19T11:13:29.002-05:00 DEBUG 146089 --- [o-auto-1-exec-2] m.m.a.RequestResponseBodyMethodProcessor : Using 'application/json', given [application/json, application/yaml, application/*+json] and supported [application/json, application/*+json, application/yaml]
2026-08-19T11:13:29.002-05:00 DEBUG 146089 --- [o-auto-1-exec-2] m.m.a.RequestResponseBodyMethodProcessor : Writing [ApiResponse[success=true, message=OK, data=717f0d06-74f3-4524-a9b2-bad88933c0d8, timestamp=2026-08-1 (truncated)...]
2026-08-19T11:13:29.003-05:00 DEBUG 146089 --- [o-auto-1-exec-2] o.s.web.servlet.DispatcherServlet        : Completed 200 OK
2026-08-19T11:13:29.004-05:00 DEBUG 146089 --- [           main] o.s.web.client.RestTemplate              : Response 200 OK
2026-08-19T11:13:29.004-05:00 DEBUG 146089 --- [           main] o.s.web.client.RestTemplate              : Reading to [com.fasterxml.jackson.databind.JsonNode]
2026-08-19T11:13:29.006-05:00 DEBUG 146089 --- [           main] o.s.web.client.RestTemplate              : HTTP POST http://localhost:35773/api/auth/register
2026-08-19T11:13:29.006-05:00 DEBUG 146089 --- [           main] o.s.web.client.RestTemplate              : Accept=[application/json, application/yaml, application/*+json]
2026-08-19T11:13:29.006-05:00 DEBUG 146089 --- [           main] o.s.web.client.RestTemplate              : Writing [{"slug":"test-burger","password":"StrongPass123!","name":"Test User","restaurantName":"Rest Test User","email":"test@example.com"}] as "application/json"
2026-08-19T11:13:29.009-05:00 DEBUG 146089 --- [o-auto-1-exec-3] o.s.security.web.FilterChainProxy        : Securing POST /api/auth/register
2026-08-19T11:13:29.009-05:00 TRACE 146089 --- [o-auto-1-exec-3] s.s.w.c.CsrfTokenRequestAttributeHandler : Wrote a CSRF token to the following request attributes: [_csrf, org.springframework.security.web.csrf.CsrfToken]
2026-08-19T11:13:29.010-05:00 TRACE 146089 --- [o-auto-1-exec-3] o.s.security.web.csrf.CsrfFilter         : Did not protect against CSRF since request did not match And [CsrfNotRequired [TRACE, HEAD, GET, OPTIONS], Not [Or [Deferred [Mvc [pattern='/api/auth/login'], Ant [pattern='/api/auth/login']], Deferred [Mvc [pattern='/api/auth/register'], Ant [pattern='/api/auth/register']], Deferred [Mvc [pattern='/api/webhooks/**'], Ant [pattern='/api/webhooks/**']]]]]
2026-08-19T11:13:29.010-05:00 DEBUG 146089 --- [o-auto-1-exec-3] o.s.s.w.a.AnonymousAuthenticationFilter  : Set SecurityContextHolder to anonymous SecurityContext
2026-08-19T11:13:29.010-05:00 DEBUG 146089 --- [o-auto-1-exec-3] o.s.security.web.FilterChainProxy        : Secured POST /api/auth/register
2026-08-19T11:13:29.011-05:00 DEBUG 146089 --- [o-auto-1-exec-3] o.s.web.servlet.DispatcherServlet        : POST "/api/auth/register", parameters={}
2026-08-19T11:13:29.011-05:00 DEBUG 146089 --- [o-auto-1-exec-3] s.w.s.m.m.a.RequestMappingHandlerMapping : Mapped to com.menusaas.auth.controller.AuthController#register(RegisterRequest, HttpServletResponse)
2026-08-19T11:13:29.012-05:00 DEBUG 146089 --- [o-auto-1-exec-3] m.m.a.RequestResponseBodyMethodProcessor : Read "application/json;charset=UTF-8" to [RegisterRequest[name=Test User, email=test@example.com, password=StrongPass123!, restaurantName=Rest (truncated)...]
2026-08-19T11:13:29.082-05:00  INFO 146089 --- [o-auto-1-exec-3] com.menusaas.auth.service.AuthService    : Nuevo restaurante registrado: slug=test-burger, usuario=test@example.com
2026-08-19T11:13:29.087-05:00 DEBUG 146089 --- [o-auto-1-exec-3] m.m.a.RequestResponseBodyMethodProcessor : Using 'application/json', given [application/json, application/yaml, application/*+json] and supported [application/json, application/*+json, application/yaml]
2026-08-19T11:13:29.087-05:00 DEBUG 146089 --- [o-auto-1-exec-3] m.m.a.RequestResponseBodyMethodProcessor : Writing [ApiResponse[success=true, message=Registro exitoso, data=AuthResponse[user=UserInfo[id=13, name=Test (truncated)...]
2026-08-19T11:13:29.089-05:00 DEBUG 146089 --- [o-auto-1-exec-3] o.s.web.servlet.DispatcherServlet        : Completed 201 CREATED
2026-08-19T11:13:29.089-05:00 DEBUG 146089 --- [           main] o.s.web.client.RestTemplate              : Response 201 CREATED
2026-08-19T11:13:29.090-05:00 DEBUG 146089 --- [           main] o.s.web.client.RestTemplate              : Reading to [com.fasterxml.jackson.databind.JsonNode]
2026-08-19T11:13:29.091-05:00 DEBUG 146089 --- [           main] o.s.web.client.RestTemplate              : HTTP GET http://localhost:35773/api/auth/csrf
2026-08-19T11:13:29.091-05:00 DEBUG 146089 --- [           main] o.s.web.client.RestTemplate              : Accept=[application/json, application/yaml, application/*+json]
2026-08-19T11:13:29.094-05:00 DEBUG 146089 --- [o-auto-1-exec-4] o.s.security.web.FilterChainProxy        : Securing GET /api/auth/csrf
2026-08-19T11:13:29.094-05:00 TRACE 146089 --- [o-auto-1-exec-4] s.s.w.c.CsrfTokenRequestAttributeHandler : Wrote a CSRF token to the following request attributes: [_csrf, org.springframework.security.web.csrf.CsrfToken]
2026-08-19T11:13:29.094-05:00 TRACE 146089 --- [o-auto-1-exec-4] o.s.security.web.csrf.CsrfFilter         : Did not protect against CSRF since request did not match And [CsrfNotRequired [TRACE, HEAD, GET, OPTIONS], Not [Or [Deferred [Mvc [pattern='/api/auth/login'], Ant [pattern='/api/auth/login']], Deferred [Mvc [pattern='/api/auth/register'], Ant [pattern='/api/auth/register']], Deferred [Mvc [pattern='/api/webhooks/**'], Ant [pattern='/api/webhooks/**']]]]]
2026-08-19T11:13:29.095-05:00 DEBUG 146089 --- [o-auto-1-exec-4] o.s.s.w.a.AnonymousAuthenticationFilter  : Set SecurityContextHolder to anonymous SecurityContext
2026-08-19T11:13:29.095-05:00 DEBUG 146089 --- [o-auto-1-exec-4] o.s.security.web.FilterChainProxy        : Secured GET /api/auth/csrf
2026-08-19T11:13:29.095-05:00 DEBUG 146089 --- [o-auto-1-exec-4] o.s.web.servlet.DispatcherServlet        : GET "/api/auth/csrf", parameters={}
2026-08-19T11:13:29.096-05:00 DEBUG 146089 --- [o-auto-1-exec-4] s.w.s.m.m.a.RequestMappingHandlerMapping : Mapped to com.menusaas.auth.controller.AuthController#csrf(HttpServletRequest)
2026-08-19T11:13:29.096-05:00 DEBUG 146089 --- [o-auto-1-exec-4] m.m.a.RequestResponseBodyMethodProcessor : Using 'application/json', given [application/json, application/yaml, application/*+json] and supported [application/json, application/*+json, application/yaml]
2026-08-19T11:13:29.097-05:00 DEBUG 146089 --- [o-auto-1-exec-4] m.m.a.RequestResponseBodyMethodProcessor : Writing [ApiResponse[success=true, message=OK, data=72b16d33-e16d-44ca-8761-9996acfe8df3, timestamp=2026-08-1 (truncated)...]
2026-08-19T11:13:29.098-05:00 DEBUG 146089 --- [o-auto-1-exec-4] o.s.web.servlet.DispatcherServlet        : Completed 200 OK
2026-08-19T11:13:29.098-05:00 DEBUG 146089 --- [           main] o.s.web.client.RestTemplate              : Response 200 OK
2026-08-19T11:13:29.098-05:00 DEBUG 146089 --- [           main] o.s.web.client.RestTemplate              : Reading to [com.fasterxml.jackson.databind.JsonNode]
2026-08-19T11:13:29.100-05:00 DEBUG 146089 --- [           main] o.s.web.client.RestTemplate              : HTTP POST http://localhost:35773/api/auth/login
2026-08-19T11:13:29.101-05:00 DEBUG 146089 --- [           main] o.s.web.client.RestTemplate              : Accept=[application/json, application/yaml, application/*+json]
2026-08-19T11:13:29.101-05:00 DEBUG 146089 --- [           main] o.s.web.client.RestTemplate              : Writing [{"password":"StrongPass123!","email":"test@example.com"}] as "application/json"
2026-08-19T11:13:29.104-05:00 DEBUG 146089 --- [o-auto-1-exec-5] o.s.security.web.FilterChainProxy        : Securing POST /api/auth/login
2026-08-19T11:13:29.104-05:00 TRACE 146089 --- [o-auto-1-exec-5] s.s.w.c.CsrfTokenRequestAttributeHandler : Wrote a CSRF token to the following request attributes: [_csrf, org.springframework.security.web.csrf.CsrfToken]
2026-08-19T11:13:29.104-05:00 TRACE 146089 --- [o-auto-1-exec-5] o.s.security.web.csrf.CsrfFilter         : Did not protect against CSRF since request did not match And [CsrfNotRequired [TRACE, HEAD, GET, OPTIONS], Not [Or [Deferred [Mvc [pattern='/api/auth/login'], Ant [pattern='/api/auth/login']], Deferred [Mvc [pattern='/api/auth/register'], Ant [pattern='/api/auth/register']], Deferred [Mvc [pattern='/api/webhooks/**'], Ant [pattern='/api/webhooks/**']]]]]
2026-08-19T11:13:29.105-05:00 DEBUG 146089 --- [o-auto-1-exec-5] o.s.s.w.a.AnonymousAuthenticationFilter  : Set SecurityContextHolder to anonymous SecurityContext
2026-08-19T11:13:29.105-05:00 DEBUG 146089 --- [o-auto-1-exec-5] o.s.security.web.FilterChainProxy        : Secured POST /api/auth/login
2026-08-19T11:13:29.105-05:00 DEBUG 146089 --- [o-auto-1-exec-5] o.s.web.servlet.DispatcherServlet        : POST "/api/auth/login", parameters={}
2026-08-19T11:13:29.106-05:00 DEBUG 146089 --- [o-auto-1-exec-5] s.w.s.m.m.a.RequestMappingHandlerMapping : Mapped to com.menusaas.auth.controller.AuthController#login(LoginRequest, HttpServletResponse)
2026-08-19T11:13:29.109-05:00 DEBUG 146089 --- [o-auto-1-exec-5] m.m.a.RequestResponseBodyMethodProcessor : Read "application/json;charset=UTF-8" to [LoginRequest[email=test@example.com, password=StrongPass123!]]
2026-08-19T11:13:29.249-05:00 DEBUG 146089 --- [o-auto-1-exec-5] o.s.s.a.dao.DaoAuthenticationProvider    : Authenticated user
2026-08-19T11:13:29.260-05:00 DEBUG 146089 --- [o-auto-1-exec-5] m.m.a.RequestResponseBodyMethodProcessor : Using 'application/json', given [application/json, application/yaml, application/*+json] and supported [application/json, application/*+json, application/yaml]
2026-08-19T11:13:29.260-05:00 DEBUG 146089 --- [o-auto-1-exec-5] m.m.a.RequestResponseBodyMethodProcessor : Writing [ApiResponse[success=true, message=Login exitoso, data=AuthResponse[user=UserInfo[id=13, name=Test Us (truncated)...]
2026-08-19T11:13:29.261-05:00 DEBUG 146089 --- [o-auto-1-exec-5] o.s.web.servlet.DispatcherServlet        : Completed 200 OK
2026-08-19T11:13:29.261-05:00 DEBUG 146089 --- [           main] o.s.web.client.RestTemplate              : Response 200 OK
2026-08-19T11:13:29.262-05:00 DEBUG 146089 --- [           main] o.s.web.client.RestTemplate              : Reading to [com.fasterxml.jackson.databind.JsonNode]
2026-08-19T11:13:29.263-05:00 DEBUG 146089 --- [           main] o.s.web.client.RestTemplate              : HTTP GET http://localhost:35773/api/restaurants/me
2026-08-19T11:13:29.263-05:00 DEBUG 146089 --- [           main] o.s.web.client.RestTemplate              : Accept=[application/json, application/yaml, application/*+json]
2026-08-19T11:13:29.266-05:00 DEBUG 146089 --- [o-auto-1-exec-6] o.s.security.web.FilterChainProxy        : Securing GET /api/restaurants/me
2026-08-19T11:13:29.266-05:00 TRACE 146089 --- [o-auto-1-exec-6] s.s.w.c.CsrfTokenRequestAttributeHandler : Wrote a CSRF token to the following request attributes: [_csrf, org.springframework.security.web.csrf.CsrfToken]
2026-08-19T11:13:29.266-05:00 TRACE 146089 --- [o-auto-1-exec-6] o.s.security.web.csrf.CsrfFilter         : Did not protect against CSRF since request did not match And [CsrfNotRequired [TRACE, HEAD, GET, OPTIONS], Not [Or [Deferred [Mvc [pattern='/api/auth/login'], Ant [pattern='/api/auth/login']], Deferred [Mvc [pattern='/api/auth/register'], Ant [pattern='/api/auth/register']], Deferred [Mvc [pattern='/api/webhooks/**'], Ant [pattern='/api/webhooks/**']]]]]
2026-08-19T11:13:29.270-05:00 DEBUG 146089 --- [o-auto-1-exec-6] o.s.security.web.FilterChainProxy        : Secured GET /api/restaurants/me
2026-08-19T11:13:29.270-05:00 DEBUG 146089 --- [o-auto-1-exec-6] o.s.web.servlet.DispatcherServlet        : GET "/api/restaurants/me", parameters={}
2026-08-19T11:13:29.271-05:00 DEBUG 146089 --- [o-auto-1-exec-6] s.w.s.m.m.a.RequestMappingHandlerMapping : Mapped to com.menusaas.restaurants.controller.RestaurantController#getMine()
2026-08-19T11:13:29.276-05:00 DEBUG 146089 --- [o-auto-1-exec-6] m.m.a.RequestResponseBodyMethodProcessor : Using 'application/json', given [application/json, application/yaml, application/*+json] and supported [application/json, application/*+json, application/yaml]
2026-08-19T11:13:29.286-05:00 DEBUG 146089 --- [o-auto-1-exec-6] m.m.a.RequestResponseBodyMethodProcessor : Writing [ApiResponse[success=true, message=OK, data=RestaurantResponse[id=12, name=Rest Test User, slug=test- (truncated)...]
2026-08-19T11:13:29.289-05:00 DEBUG 146089 --- [o-auto-1-exec-6] o.s.web.servlet.DispatcherServlet        : Completed 200 OK
2026-08-19T11:13:29.289-05:00 DEBUG 146089 --- [           main] o.s.web.client.RestTemplate              : Response 200 OK
2026-08-19T11:13:29.289-05:00 DEBUG 146089 --- [           main] o.s.web.client.RestTemplate              : Reading to [com.fasterxml.jackson.databind.JsonNode]
2026-08-19T11:13:29.291-05:00 DEBUG 146089 --- [           main] o.s.web.client.RestTemplate              : HTTP GET http://localhost:35773/api/auth/me
2026-08-19T11:13:29.292-05:00 DEBUG 146089 --- [           main] o.s.web.client.RestTemplate              : Accept=[application/json, application/yaml, application/*+json]
2026-08-19T11:13:29.295-05:00 DEBUG 146089 --- [o-auto-1-exec-7] o.s.security.web.FilterChainProxy        : Securing GET /api/auth/me
2026-08-19T11:13:29.296-05:00 TRACE 146089 --- [o-auto-1-exec-7] s.s.w.c.CsrfTokenRequestAttributeHandler : Wrote a CSRF token to the following request attributes: [_csrf, org.springframework.security.web.csrf.CsrfToken]
2026-08-19T11:13:29.296-05:00 TRACE 146089 --- [o-auto-1-exec-7] o.s.security.web.csrf.CsrfFilter         : Did not protect against CSRF since request did not match And [CsrfNotRequired [TRACE, HEAD, GET, OPTIONS], Not [Or [Deferred [Mvc [pattern='/api/auth/login'], Ant [pattern='/api/auth/login']], Deferred [Mvc [pattern='/api/auth/register'], Ant [pattern='/api/auth/register']], Deferred [Mvc [pattern='/api/webhooks/**'], Ant [pattern='/api/webhooks/**']]]]]
2026-08-19T11:13:29.303-05:00 DEBUG 146089 --- [o-auto-1-exec-7] o.s.security.web.FilterChainProxy        : Secured GET /api/auth/me
2026-08-19T11:13:29.303-05:00 DEBUG 146089 --- [o-auto-1-exec-7] o.s.web.servlet.DispatcherServlet        : GET "/api/auth/me", parameters={}
2026-08-19T11:13:29.303-05:00 DEBUG 146089 --- [o-auto-1-exec-7] s.w.s.m.m.a.RequestMappingHandlerMapping : Mapped to com.menusaas.auth.controller.AuthController#me()
2026-08-19T11:13:29.307-05:00 DEBUG 146089 --- [o-auto-1-exec-7] m.m.a.RequestResponseBodyMethodProcessor : Using 'application/json', given [application/json, application/yaml, application/*+json] and supported [application/json, application/*+json, application/yaml]
2026-08-19T11:13:29.307-05:00 DEBUG 146089 --- [o-auto-1-exec-7] m.m.a.RequestResponseBodyMethodProcessor : Writing [ApiResponse[success=true, message=OK, data=UserInfo[id=13, name=Test User, email=test@example.com, r (truncated)...]
2026-08-19T11:13:29.309-05:00 DEBUG 146089 --- [o-auto-1-exec-7] o.s.web.servlet.DispatcherServlet        : Completed 200 OK
2026-08-19T11:13:29.309-05:00 DEBUG 146089 --- [           main] o.s.web.client.RestTemplate              : Response 200 OK
2026-08-19T11:13:29.310-05:00 DEBUG 146089 --- [           main] o.s.web.client.RestTemplate              : Reading to [com.fasterxml.jackson.databind.JsonNode]
2026-08-19T11:13:29.311-05:00 DEBUG 146089 --- [           main] o.s.web.client.RestTemplate              : HTTP POST http://localhost:35773/api/auth/refresh
2026-08-19T11:13:29.312-05:00 DEBUG 146089 --- [           main] o.s.web.client.RestTemplate              : Accept=[application/json, application/yaml, application/*+json]
2026-08-19T11:13:29.314-05:00 DEBUG 146089 --- [o-auto-1-exec-8] o.s.security.web.FilterChainProxy        : Securing POST /api/auth/refresh
2026-08-19T11:13:29.315-05:00 TRACE 146089 --- [o-auto-1-exec-8] s.s.w.c.CsrfTokenRequestAttributeHandler : Wrote a CSRF token to the following request attributes: [_csrf, org.springframework.security.web.csrf.CsrfToken]
2026-08-19T11:13:29.315-05:00 TRACE 146089 --- [o-auto-1-exec-8] o.s.security.web.csrf.CsrfFilter         : Found a CSRF token in the request
2026-08-19T11:13:29.321-05:00 DEBUG 146089 --- [o-auto-1-exec-8] o.s.security.web.FilterChainProxy        : Secured POST /api/auth/refresh
2026-08-19T11:13:29.321-05:00 DEBUG 146089 --- [o-auto-1-exec-8] o.s.web.servlet.DispatcherServlet        : POST "/api/auth/refresh", parameters={}
2026-08-19T11:13:29.321-05:00 DEBUG 146089 --- [o-auto-1-exec-8] s.w.s.m.m.a.RequestMappingHandlerMapping : Mapped to com.menusaas.auth.controller.AuthController#refresh(HttpServletRequest, HttpServletResponse)
2026-08-19T11:13:29.337-05:00 DEBUG 146089 --- [o-auto-1-exec-8] m.m.a.RequestResponseBodyMethodProcessor : Using 'application/json', given [application/json, application/yaml, application/*+json] and supported [application/json, application/*+json, application/yaml]
2026-08-19T11:13:29.338-05:00 DEBUG 146089 --- [o-auto-1-exec-8] m.m.a.RequestResponseBodyMethodProcessor : Writing [ApiResponse[success=true, message=Tokens renovados, data=AuthResponse[user=UserInfo[id=13, name=Test (truncated)...]
2026-08-19T11:13:29.339-05:00 DEBUG 146089 --- [o-auto-1-exec-8] o.s.web.servlet.DispatcherServlet        : Completed 200 OK
2026-08-19T11:13:29.339-05:00 DEBUG 146089 --- [           main] o.s.web.client.RestTemplate              : Response 200 OK
2026-08-19T11:13:29.340-05:00 DEBUG 146089 --- [           main] o.s.web.client.RestTemplate              : Reading to [com.fasterxml.jackson.databind.JsonNode]
2026-08-19T11:13:29.341-05:00 DEBUG 146089 --- [           main] o.s.web.client.RestTemplate              : HTTP POST http://localhost:35773/api/auth/refresh
2026-08-19T11:13:29.342-05:00 DEBUG 146089 --- [           main] o.s.web.client.RestTemplate              : Accept=[application/json, application/yaml, application/*+json]
2026-08-19T11:13:29.344-05:00 DEBUG 146089 --- [o-auto-1-exec-9] o.s.security.web.FilterChainProxy        : Securing POST /api/auth/refresh
2026-08-19T11:13:29.345-05:00 TRACE 146089 --- [o-auto-1-exec-9] s.s.w.c.CsrfTokenRequestAttributeHandler : Wrote a CSRF token to the following request attributes: [_csrf, org.springframework.security.web.csrf.CsrfToken]
2026-08-19T11:13:29.345-05:00 TRACE 146089 --- [o-auto-1-exec-9] o.s.security.web.csrf.CsrfFilter         : Found a CSRF token in the request
2026-08-19T11:13:29.350-05:00 DEBUG 146089 --- [o-auto-1-exec-9] o.s.security.web.FilterChainProxy        : Secured POST /api/auth/refresh
2026-08-19T11:13:29.350-05:00 DEBUG 146089 --- [o-auto-1-exec-9] o.s.web.servlet.DispatcherServlet        : POST "/api/auth/refresh", parameters={}
2026-08-19T11:13:29.351-05:00 DEBUG 146089 --- [o-auto-1-exec-9] s.w.s.m.m.a.RequestMappingHandlerMapping : Mapped to com.menusaas.auth.controller.AuthController#refresh(HttpServletRequest, HttpServletResponse)
2026-08-19T11:13:29.355-05:00 DEBUG 146089 --- [o-auto-1-exec-9] .m.m.a.ExceptionHandlerExceptionResolver : Using @ExceptionHandler com.menusaas.shared.api.GlobalExceptionHandler#handleBadRequest(BadRequestException)
2026-08-19T11:13:29.356-05:00 DEBUG 146089 --- [o-auto-1-exec-9] o.s.w.s.m.m.a.HttpEntityMethodProcessor  : Using 'application/json', given [application/json, application/yaml, application/*+json] and supported [application/json, application/*+json, application/yaml]
2026-08-19T11:13:29.356-05:00 DEBUG 146089 --- [o-auto-1-exec-9] o.s.w.s.m.m.a.HttpEntityMethodProcessor  : Writing [ErrorResponse[message=Sesión expirada, inicie sesión nuevamente, code=BAD_REQUEST, status=400, times (truncated)...]
2026-08-19T11:13:29.357-05:00 DEBUG 146089 --- [o-auto-1-exec-9] .m.m.a.ExceptionHandlerExceptionResolver : Resolved [com.menusaas.shared.api.BadRequestException: Sesión expirada, inicie sesión nuevamente]
2026-08-19T11:13:29.357-05:00 DEBUG 146089 --- [o-auto-1-exec-9] o.s.web.servlet.DispatcherServlet        : Completed 400 BAD_REQUEST
2026-08-19T11:13:29.357-05:00 DEBUG 146089 --- [           main] o.s.web.client.RestTemplate              : Response 400 BAD_REQUEST
2026-08-19T11:13:29.358-05:00 DEBUG 146089 --- [           main] o.s.web.client.RestTemplate              : Reading to [com.fasterxml.jackson.databind.JsonNode]
2026-08-19T11:13:29.359-05:00 DEBUG 146089 --- [           main] o.s.web.client.RestTemplate              : HTTP POST http://localhost:35773/api/auth/logout
2026-08-19T11:13:29.360-05:00 DEBUG 146089 --- [           main] o.s.web.client.RestTemplate              : Accept=[application/json, application/yaml, application/*+json]
2026-08-19T11:13:29.362-05:00 DEBUG 146089 --- [-auto-1-exec-10] o.s.security.web.FilterChainProxy        : Securing POST /api/auth/logout
2026-08-19T11:13:29.363-05:00 TRACE 146089 --- [-auto-1-exec-10] s.s.w.c.CsrfTokenRequestAttributeHandler : Wrote a CSRF token to the following request attributes: [_csrf, org.springframework.security.web.csrf.CsrfToken]
2026-08-19T11:13:29.363-05:00 TRACE 146089 --- [-auto-1-exec-10] o.s.security.web.csrf.CsrfFilter         : Found a CSRF token in the request
2026-08-19T11:13:29.369-05:00 DEBUG 146089 --- [-auto-1-exec-10] o.s.security.web.FilterChainProxy        : Secured POST /api/auth/logout
2026-08-19T11:13:29.369-05:00 DEBUG 146089 --- [-auto-1-exec-10] o.s.web.servlet.DispatcherServlet        : POST "/api/auth/logout", parameters={}
2026-08-19T11:13:29.369-05:00 DEBUG 146089 --- [-auto-1-exec-10] s.w.s.m.m.a.RequestMappingHandlerMapping : Mapped to com.menusaas.auth.controller.AuthController#logout(HttpServletRequest, HttpServletResponse)
2026-08-19T11:13:29.377-05:00 DEBUG 146089 --- [-auto-1-exec-10] m.m.a.RequestResponseBodyMethodProcessor : Using 'application/json', given [application/json, application/yaml, application/*+json] and supported [application/json, application/*+json, application/yaml]
2026-08-19T11:13:29.377-05:00 DEBUG 146089 --- [-auto-1-exec-10] m.m.a.RequestResponseBodyMethodProcessor : Writing [ApiResponse[success=true, message=Sesión cerrada, data=null, timestamp=2026-08-19T16:13:29.376822352 (truncated)...]
2026-08-19T11:13:29.378-05:00 DEBUG 146089 --- [-auto-1-exec-10] o.s.web.servlet.DispatcherServlet        : Completed 200 OK
2026-08-19T11:13:29.378-05:00 DEBUG 146089 --- [           main] o.s.web.client.RestTemplate              : Response 200 OK
2026-08-19T11:13:29.379-05:00 DEBUG 146089 --- [           main] o.s.web.client.RestTemplate              : Reading to [com.fasterxml.jackson.databind.JsonNode]
2026-08-19T11:13:29.380-05:00 DEBUG 146089 --- [           main] o.s.web.client.RestTemplate              : HTTP POST http://localhost:35773/api/auth/refresh
2026-08-19T11:13:29.380-05:00 DEBUG 146089 --- [           main] o.s.web.client.RestTemplate              : Accept=[application/json, application/yaml, application/*+json]
2026-08-19T11:13:29.383-05:00 DEBUG 146089 --- [o-auto-1-exec-1] o.s.security.web.FilterChainProxy        : Securing POST /api/auth/refresh
2026-08-19T11:13:29.383-05:00 TRACE 146089 --- [o-auto-1-exec-1] s.s.w.c.CsrfTokenRequestAttributeHandler : Wrote a CSRF token to the following request attributes: [_csrf, org.springframework.security.web.csrf.CsrfToken]
2026-08-19T11:13:29.383-05:00 TRACE 146089 --- [o-auto-1-exec-1] o.s.security.web.csrf.CsrfFilter         : Found a CSRF token in the request
2026-08-19T11:13:29.389-05:00 DEBUG 146089 --- [o-auto-1-exec-1] o.s.security.web.FilterChainProxy        : Secured POST /api/auth/refresh
2026-08-19T11:13:29.390-05:00 DEBUG 146089 --- [o-auto-1-exec-1] o.s.web.servlet.DispatcherServlet        : POST "/api/auth/refresh", parameters={}
2026-08-19T11:13:29.390-05:00 DEBUG 146089 --- [o-auto-1-exec-1] s.w.s.m.m.a.RequestMappingHandlerMapping : Mapped to com.menusaas.auth.controller.AuthController#refresh(HttpServletRequest, HttpServletResponse)
2026-08-19T11:13:29.395-05:00 DEBUG 146089 --- [o-auto-1-exec-1] .m.m.a.ExceptionHandlerExceptionResolver : Using @ExceptionHandler com.menusaas.shared.api.GlobalExceptionHandler#handleBadRequest(BadRequestException)
2026-08-19T11:13:29.395-05:00 DEBUG 146089 --- [o-auto-1-exec-1] o.s.w.s.m.m.a.HttpEntityMethodProcessor  : Using 'application/json', given [application/json, application/yaml, application/*+json] and supported [application/json, application/*+json, application/yaml]
2026-08-19T11:13:29.395-05:00 DEBUG 146089 --- [o-auto-1-exec-1] o.s.w.s.m.m.a.HttpEntityMethodProcessor  : Writing [ErrorResponse[message=Sesión expirada, inicie sesión nuevamente, code=BAD_REQUEST, status=400, times (truncated)...]
2026-08-19T11:13:29.396-05:00 DEBUG 146089 --- [o-auto-1-exec-1] .m.m.a.ExceptionHandlerExceptionResolver : Resolved [com.menusaas.shared.api.BadRequestException: Sesión expirada, inicie sesión nuevamente]
2026-08-19T11:13:29.397-05:00 DEBUG 146089 --- [o-auto-1-exec-1] o.s.web.servlet.DispatcherServlet        : Completed 400 BAD_REQUEST
2026-08-19T11:13:29.397-05:00 DEBUG 146089 --- [           main] o.s.web.client.RestTemplate              : Response 400 BAD_REQUEST
2026-08-19T11:13:29.397-05:00 DEBUG 146089 --- [           main] o.s.web.client.RestTemplate              : Reading to [com.fasterxml.jackson.databind.JsonNode]
]]></system-out>
  </testcase>
</testsuite>