<?xml version="1.0" encoding="UTF-8"?>
<testsuite xmlns:xsi="http://www.w3.org/2001/XMLSchema-instance" xsi:noNamespaceSchemaLocation="https://maven.apache.org/surefire/maven-surefire-plugin/xsd/surefire-test-report.xsd" version="3.0.2" name="com.menusaas.subscriptions.SubscriptionsIT" time="0.779" tests="1" errors="0" skipped="0" failures="0" flakes="0">
  <properties>
[...]
</properties>
  <testcase name="subscriptionLifecycle_manualMode" classname="com.menusaas.subscriptions.SubscriptionsIT" time="0.715">
    <system-out><![CDATA[2026-08-19T11:13:21.902-05:00  INFO 146089 --- [           main] t.c.s.AnnotationConfigContextLoaderUtils : Could not detect default configuration classes for test class [com.menusaas.subscriptions.SubscriptionsIT]: SubscriptionsIT does not declare any static, non-private, non-final, nested classes annotated with @Configuration.
2026-08-19T11:13:21.951-05:00  INFO 146089 --- [           main] .b.t.c.SpringBootTestContextBootstrapper : Found @SpringBootConfiguration com.menusaas.MenuSaaSApplication for test class com.menusaas.subscriptions.SubscriptionsIT
2026-08-19T11:13:21.974-05:00 DEBUG 146089 --- [           main] o.s.web.client.RestTemplate              : HTTP GET http://localhost:35773/api/auth/csrf
2026-08-19T11:13:21.976-05:00 DEBUG 146089 --- [           main] o.s.web.client.RestTemplate              : Accept=[application/json, application/yaml, application/*+json]
2026-08-19T11:13:21.982-05:00 DEBUG 146089 --- [o-auto-1-exec-8] o.s.security.web.FilterChainProxy        : Securing GET /api/auth/csrf
2026-08-19T11:13:21.984-05:00 TRACE 146089 --- [o-auto-1-exec-8] s.s.w.c.CsrfTokenRequestAttributeHandler : Wrote a CSRF token to the following request attributes: [_csrf, org.springframework.security.web.csrf.CsrfToken]
2026-08-19T11:13:21.984-05:00 TRACE 146089 --- [o-auto-1-exec-8] o.s.security.web.csrf.CsrfFilter         : Did not protect against CSRF since request did not match And [CsrfNotRequired [TRACE, HEAD, GET, OPTIONS], Not [Or [Deferred [Mvc [pattern='/api/auth/login'], Ant [pattern='/api/auth/login']], Deferred [Mvc [pattern='/api/auth/register'], Ant [pattern='/api/auth/register']], Deferred [Mvc [pattern='/api/webhooks/**'], Ant [pattern='/api/webhooks/**']]]]]
2026-08-19T11:13:21.985-05:00 DEBUG 146089 --- [o-auto-1-exec-8] o.s.s.w.a.AnonymousAuthenticationFilter  : Set SecurityContextHolder to anonymous SecurityContext
2026-08-19T11:13:21.987-05:00 DEBUG 146089 --- [o-auto-1-exec-8] o.s.security.web.FilterChainProxy        : Secured GET /api/auth/csrf
2026-08-19T11:13:21.988-05:00 DEBUG 146089 --- [o-auto-1-exec-8] o.s.web.servlet.DispatcherServlet        : GET "/api/auth/csrf", parameters={}
2026-08-19T11:13:21.990-05:00 DEBUG 146089 --- [o-auto-1-exec-8] s.w.s.m.m.a.RequestMappingHandlerMapping : Mapped to com.menusaas.auth.controller.AuthController#csrf(HttpServletRequest)
2026-08-19T11:13:21.992-05:00 DEBUG 146089 --- [o-auto-1-exec-8] m.m.a.RequestResponseBodyMethodProcessor : Using 'application/json', given [application/json, application/yaml, application/*+json] and supported [application/json, application/*+json, application/yaml]
2026-08-19T11:13:21.994-05:00 DEBUG 146089 --- [o-auto-1-exec-8] m.m.a.RequestResponseBodyMethodProcessor : Writing [ApiResponse[success=true, message=OK, data=8cfc87ac-4efe-47d6-ac7f-f8a7809dc724, timestamp=2026-08-1 (truncated)...]
2026-08-19T11:13:21.996-05:00 DEBUG 146089 --- [o-auto-1-exec-8] o.s.web.servlet.DispatcherServlet        : Completed 200 OK
2026-08-19T11:13:21.997-05:00 DEBUG 146089 --- [           main] o.s.web.client.RestTemplate              : Response 200 OK
2026-08-19T11:13:21.998-05:00 DEBUG 146089 --- [           main] o.s.web.client.RestTemplate              : Reading to [com.fasterxml.jackson.databind.JsonNode]
2026-08-19T11:13:22.001-05:00 DEBUG 146089 --- [           main] o.s.web.client.RestTemplate              : HTTP POST http://localhost:35773/api/auth/register
2026-08-19T11:13:22.001-05:00 DEBUG 146089 --- [           main] o.s.web.client.RestTemplate              : Accept=[application/json, application/yaml, application/*+json]
2026-08-19T11:13:22.002-05:00 DEBUG 146089 --- [           main] o.s.web.client.RestTemplate              : Writing [{"slug":"subs-test","password":"StrongPass123!","name":"Subs User","restaurantName":"Rest Subs User","email":"subs@test.com"}] as "application/json"
2026-08-19T11:13:22.006-05:00 DEBUG 146089 --- [o-auto-1-exec-9] o.s.security.web.FilterChainProxy        : Securing POST /api/auth/register
2026-08-19T11:13:22.009-05:00 TRACE 146089 --- [o-auto-1-exec-9] s.s.w.c.CsrfTokenRequestAttributeHandler : Wrote a CSRF token to the following request attributes: [_csrf, org.springframework.security.web.csrf.CsrfToken]
2026-08-19T11:13:22.009-05:00 TRACE 146089 --- [o-auto-1-exec-9] o.s.security.web.csrf.CsrfFilter         : Did not protect against CSRF since request did not match And [CsrfNotRequired [TRACE, HEAD, GET, OPTIONS], Not [Or [Deferred [Mvc [pattern='/api/auth/login'], Ant [pattern='/api/auth/login']], Deferred [Mvc [pattern='/api/auth/register'], Ant [pattern='/api/auth/register']], Deferred [Mvc [pattern='/api/webhooks/**'], Ant [pattern='/api/webhooks/**']]]]]
2026-08-19T11:13:22.010-05:00 DEBUG 146089 --- [o-auto-1-exec-9] o.s.s.w.a.AnonymousAuthenticationFilter  : Set SecurityContextHolder to anonymous SecurityContext
2026-08-19T11:13:22.012-05:00 DEBUG 146089 --- [o-auto-1-exec-9] o.s.security.web.FilterChainProxy        : Secured POST /api/auth/register
2026-08-19T11:13:22.013-05:00 DEBUG 146089 --- [o-auto-1-exec-9] o.s.web.servlet.DispatcherServlet        : POST "/api/auth/register", parameters={}
2026-08-19T11:13:22.013-05:00 DEBUG 146089 --- [o-auto-1-exec-9] s.w.s.m.m.a.RequestMappingHandlerMapping : Mapped to com.menusaas.auth.controller.AuthController#register(RegisterRequest, HttpServletResponse)
2026-08-19T11:13:22.016-05:00 DEBUG 146089 --- [o-auto-1-exec-9] m.m.a.RequestResponseBodyMethodProcessor : Read "application/json;charset=UTF-8" to [RegisterRequest[name=Subs User, email=subs@test.com, password=StrongPass123!, restaurantName=Rest Su (truncated)...]
2026-08-19T11:13:22.225-05:00  INFO 146089 --- [o-auto-1-exec-9] com.menusaas.auth.service.AuthService    : Nuevo restaurante registrado: slug=subs-test, usuario=subs@test.com
2026-08-19T11:13:22.234-05:00 DEBUG 146089 --- [o-auto-1-exec-9] m.m.a.RequestResponseBodyMethodProcessor : Using 'application/json', given [application/json, application/yaml, application/*+json] and supported [application/json, application/*+json, application/yaml]
2026-08-19T11:13:22.234-05:00 DEBUG 146089 --- [o-auto-1-exec-9] m.m.a.RequestResponseBodyMethodProcessor : Writing [ApiResponse[success=true, message=Registro exitoso, data=AuthResponse[user=UserInfo[id=7, name=Subs  (truncated)...]
2026-08-19T11:13:22.237-05:00 DEBUG 146089 --- [o-auto-1-exec-9] o.s.web.servlet.DispatcherServlet        : Completed 201 CREATED
2026-08-19T11:13:22.238-05:00 DEBUG 146089 --- [           main] o.s.web.client.RestTemplate              : Response 201 CREATED
2026-08-19T11:13:22.238-05:00 DEBUG 146089 --- [           main] o.s.web.client.RestTemplate              : Reading to [com.fasterxml.jackson.databind.JsonNode]
2026-08-19T11:13:22.241-05:00 DEBUG 146089 --- [           main] o.s.web.client.RestTemplate              : HTTP GET http://localhost:35773/api/subscriptions/plans
2026-08-19T11:13:22.242-05:00 DEBUG 146089 --- [           main] o.s.web.client.RestTemplate              : Accept=[application/json, application/yaml, application/*+json]
2026-08-19T11:13:22.247-05:00 DEBUG 146089 --- [-auto-1-exec-10] o.s.security.web.FilterChainProxy        : Securing GET /api/subscriptions/plans
2026-08-19T11:13:22.248-05:00 TRACE 146089 --- [-auto-1-exec-10] s.s.w.c.CsrfTokenRequestAttributeHandler : Wrote a CSRF token to the following request attributes: [_csrf, org.springframework.security.web.csrf.CsrfToken]
2026-08-19T11:13:22.248-05:00 TRACE 146089 --- [-auto-1-exec-10] o.s.security.web.csrf.CsrfFilter         : Did not protect against CSRF since request did not match And [CsrfNotRequired [TRACE, HEAD, GET, OPTIONS], Not [Or [Deferred [Mvc [pattern='/api/auth/login'], Ant [pattern='/api/auth/login']], Deferred [Mvc [pattern='/api/auth/register'], Ant [pattern='/api/auth/register']], Deferred [Mvc [pattern='/api/webhooks/**'], Ant [pattern='/api/webhooks/**']]]]]
2026-08-19T11:13:22.259-05:00 DEBUG 146089 --- [-auto-1-exec-10] o.s.security.web.FilterChainProxy        : Secured GET /api/subscriptions/plans
2026-08-19T11:13:22.259-05:00 DEBUG 146089 --- [-auto-1-exec-10] o.s.web.servlet.DispatcherServlet        : GET "/api/subscriptions/plans", parameters={}
2026-08-19T11:13:22.260-05:00 DEBUG 146089 --- [-auto-1-exec-10] s.w.s.m.m.a.RequestMappingHandlerMapping : Mapped to com.menusaas.subscriptions.controller.SubscriptionController#listPlans()
2026-08-19T11:13:22.283-05:00 DEBUG 146089 --- [-auto-1-exec-10] m.m.a.RequestResponseBodyMethodProcessor : Using 'application/json', given [application/json, application/yaml, application/*+json] and supported [application/json, application/*+json, application/yaml]
2026-08-19T11:13:22.285-05:00 DEBUG 146089 --- [-auto-1-exec-10] m.m.a.RequestResponseBodyMethodProcessor : Writing [ApiResponse[success=true, message=OK, data=[PlanResponse[id=1, code=FREE, name=Gratis, description=M (truncated)...]
2026-08-19T11:13:22.301-05:00 DEBUG 146089 --- [-auto-1-exec-10] o.s.web.servlet.DispatcherServlet        : Completed 200 OK
2026-08-19T11:13:22.303-05:00 DEBUG 146089 --- [           main] o.s.web.client.RestTemplate              : Response 200 OK
2026-08-19T11:13:22.304-05:00 DEBUG 146089 --- [           main] o.s.web.client.RestTemplate              : Reading to [com.fasterxml.jackson.databind.JsonNode]
2026-08-19T11:13:22.320-05:00 DEBUG 146089 --- [           main] o.s.web.client.RestTemplate              : HTTP GET http://localhost:35773/api/subscriptions/me
2026-08-19T11:13:22.321-05:00 DEBUG 146089 --- [           main] o.s.web.client.RestTemplate              : Accept=[application/json, application/yaml, application/*+json]
2026-08-19T11:13:22.326-05:00 DEBUG 146089 --- [o-auto-1-exec-1] o.s.security.web.FilterChainProxy        : Securing GET /api/subscriptions/me
2026-08-19T11:13:22.327-05:00 TRACE 146089 --- [o-auto-1-exec-1] s.s.w.c.CsrfTokenRequestAttributeHandler : Wrote a CSRF token to the following request attributes: [_csrf, org.springframework.security.web.csrf.CsrfToken]
2026-08-19T11:13:22.328-05:00 TRACE 146089 --- [o-auto-1-exec-1] o.s.security.web.csrf.CsrfFilter         : Did not protect against CSRF since request did not match And [CsrfNotRequired [TRACE, HEAD, GET, OPTIONS], Not [Or [Deferred [Mvc [pattern='/api/auth/login'], Ant [pattern='/api/auth/login']], Deferred [Mvc [pattern='/api/auth/register'], Ant [pattern='/api/auth/register']], Deferred [Mvc [pattern='/api/webhooks/**'], Ant [pattern='/api/webhooks/**']]]]]
2026-08-19T11:13:22.336-05:00 DEBUG 146089 --- [o-auto-1-exec-1] o.s.security.web.FilterChainProxy        : Secured GET /api/subscriptions/me
2026-08-19T11:13:22.336-05:00 DEBUG 146089 --- [o-auto-1-exec-1] o.s.web.servlet.DispatcherServlet        : GET "/api/subscriptions/me", parameters={}
2026-08-19T11:13:22.337-05:00 DEBUG 146089 --- [o-auto-1-exec-1] s.w.s.m.m.a.RequestMappingHandlerMapping : Mapped to com.menusaas.subscriptions.controller.SubscriptionController#getMine()
2026-08-19T11:13:22.353-05:00 DEBUG 146089 --- [o-auto-1-exec-1] .m.m.a.ExceptionHandlerExceptionResolver : Using @ExceptionHandler com.menusaas.shared.api.GlobalExceptionHandler#handleNotFound(ResourceNotFoundException)
2026-08-19T11:13:22.355-05:00 DEBUG 146089 --- [o-auto-1-exec-1] o.s.w.s.m.m.a.HttpEntityMethodProcessor  : Using 'application/json', given [application/json, application/yaml, application/*+json] and supported [application/json, application/*+json, application/yaml]
2026-08-19T11:13:22.357-05:00 DEBUG 146089 --- [o-auto-1-exec-1] o.s.w.s.m.m.a.HttpEntityMethodProcessor  : Writing [ErrorResponse[message=El restaurante no tiene una suscripción activa, code=NOT_FOUND, status=404, ti (truncated)...]
2026-08-19T11:13:22.359-05:00 DEBUG 146089 --- [o-auto-1-exec-1] .m.m.a.ExceptionHandlerExceptionResolver : Resolved [com.menusaas.shared.api.ResourceNotFoundException: El restaurante no tiene una suscripción activa]
2026-08-19T11:13:22.359-05:00 DEBUG 146089 --- [o-auto-1-exec-1] o.s.web.servlet.DispatcherServlet        : Completed 404 NOT_FOUND
2026-08-19T11:13:22.360-05:00 DEBUG 146089 --- [           main] o.s.web.client.RestTemplate              : Response 404 NOT_FOUND
2026-08-19T11:13:22.360-05:00 DEBUG 146089 --- [           main] o.s.web.client.RestTemplate              : Reading to [com.fasterxml.jackson.databind.JsonNode]
2026-08-19T11:13:22.366-05:00 DEBUG 146089 --- [           main] o.s.web.client.RestTemplate              : HTTP POST http://localhost:35773/api/subscriptions/subscribe
2026-08-19T11:13:22.366-05:00 DEBUG 146089 --- [           main] o.s.web.client.RestTemplate              : Accept=[application/json, application/yaml, application/*+json]
2026-08-19T11:13:22.367-05:00 DEBUG 146089 --- [           main] o.s.web.client.RestTemplate              : Writing [{"planCode":"PRO"}] as "application/json"
2026-08-19T11:13:22.372-05:00 DEBUG 146089 --- [o-auto-1-exec-2] o.s.security.web.FilterChainProxy        : Securing POST /api/subscriptions/subscribe
2026-08-19T11:13:22.373-05:00 TRACE 146089 --- [o-auto-1-exec-2] s.s.w.c.CsrfTokenRequestAttributeHandler : Wrote a CSRF token to the following request attributes: [_csrf, org.springframework.security.web.csrf.CsrfToken]
2026-08-19T11:13:22.373-05:00 TRACE 146089 --- [o-auto-1-exec-2] o.s.security.web.csrf.CsrfFilter         : Found a CSRF token in the request
2026-08-19T11:13:22.381-05:00 DEBUG 146089 --- [o-auto-1-exec-2] o.s.security.web.FilterChainProxy        : Secured POST /api/subscriptions/subscribe
2026-08-19T11:13:22.381-05:00 DEBUG 146089 --- [o-auto-1-exec-2] o.s.web.servlet.DispatcherServlet        : POST "/api/subscriptions/subscribe", parameters={}
2026-08-19T11:13:22.381-05:00 DEBUG 146089 --- [o-auto-1-exec-2] s.w.s.m.m.a.RequestMappingHandlerMapping : Mapped to com.menusaas.subscriptions.controller.SubscriptionController#subscribe(SubscriptionRequest)
2026-08-19T11:13:22.386-05:00 DEBUG 146089 --- [o-auto-1-exec-2] m.m.a.RequestResponseBodyMethodProcessor : Read "application/json;charset=UTF-8" to [SubscriptionRequest[planCode=PRO]]
2026-08-19T11:13:22.463-05:00 DEBUG 146089 --- [o-auto-1-exec-2] m.m.a.RequestResponseBodyMethodProcessor : Using 'application/json', given [application/json, application/yaml, application/*+json] and supported [application/json, application/*+json, application/yaml]
2026-08-19T11:13:22.474-05:00 DEBUG 146089 --- [o-auto-1-exec-2] m.m.a.RequestResponseBodyMethodProcessor : Writing [ApiResponse[success=true, message=Suscripción procesada, data=SubscribeResult[subscription=Subscript (truncated)...]
2026-08-19T11:13:22.480-05:00 DEBUG 146089 --- [o-auto-1-exec-2] o.s.web.servlet.DispatcherServlet        : Completed 200 OK
2026-08-19T11:13:22.481-05:00 DEBUG 146089 --- [           main] o.s.web.client.RestTemplate              : Response 200 OK
2026-08-19T11:13:22.482-05:00 DEBUG 146089 --- [           main] o.s.web.client.RestTemplate              : Reading to [com.fasterxml.jackson.databind.JsonNode]
2026-08-19T11:13:22.487-05:00 DEBUG 146089 --- [           main] o.s.web.client.RestTemplate              : HTTP POST http://localhost:35773/api/subscriptions/subscribe
2026-08-19T11:13:22.489-05:00 DEBUG 146089 --- [           main] o.s.web.client.RestTemplate              : Accept=[application/json, application/yaml, application/*+json]
2026-08-19T11:13:22.489-05:00 DEBUG 146089 --- [           main] o.s.web.client.RestTemplate              : Writing [{"planCode":"FREE"}] as "application/json"
2026-08-19T11:13:22.495-05:00 DEBUG 146089 --- [o-auto-1-exec-3] o.s.security.web.FilterChainProxy        : Securing POST /api/subscriptions/subscribe
2026-08-19T11:13:22.497-05:00 TRACE 146089 --- [o-auto-1-exec-3] s.s.w.c.CsrfTokenRequestAttributeHandler : Wrote a CSRF token to the following request attributes: [_csrf, org.springframework.security.web.csrf.CsrfToken]
2026-08-19T11:13:22.497-05:00 TRACE 146089 --- [o-auto-1-exec-3] o.s.security.web.csrf.CsrfFilter         : Found a CSRF token in the request
2026-08-19T11:13:22.506-05:00 DEBUG 146089 --- [o-auto-1-exec-3] o.s.security.web.FilterChainProxy        : Secured POST /api/subscriptions/subscribe
2026-08-19T11:13:22.507-05:00 DEBUG 146089 --- [o-auto-1-exec-3] o.s.web.servlet.DispatcherServlet        : POST "/api/subscriptions/subscribe", parameters={}
2026-08-19T11:13:22.507-05:00 DEBUG 146089 --- [o-auto-1-exec-3] s.w.s.m.m.a.RequestMappingHandlerMapping : Mapped to com.menusaas.subscriptions.controller.SubscriptionController#subscribe(SubscriptionRequest)
2026-08-19T11:13:22.510-05:00 DEBUG 146089 --- [o-auto-1-exec-3] m.m.a.RequestResponseBodyMethodProcessor : Read "application/json;charset=UTF-8" to [SubscriptionRequest[planCode=FREE]]
2026-08-19T11:13:22.542-05:00 DEBUG 146089 --- [o-auto-1-exec-3] m.m.a.RequestResponseBodyMethodProcessor : Using 'application/json', given [application/json, application/yaml, application/*+json] and supported [application/json, application/*+json, application/yaml]
2026-08-19T11:13:22.543-05:00 DEBUG 146089 --- [o-auto-1-exec-3] m.m.a.RequestResponseBodyMethodProcessor : Writing [ApiResponse[success=true, message=Suscripción procesada, data=SubscribeResult[subscription=Subscript (truncated)...]
2026-08-19T11:13:22.544-05:00 DEBUG 146089 --- [o-auto-1-exec-3] o.s.web.servlet.DispatcherServlet        : Completed 200 OK
2026-08-19T11:13:22.545-05:00 DEBUG 146089 --- [           main] o.s.web.client.RestTemplate              : Response 200 OK
2026-08-19T11:13:22.545-05:00 DEBUG 146089 --- [           main] o.s.web.client.RestTemplate              : Reading to [com.fasterxml.jackson.databind.JsonNode]
2026-08-19T11:13:22.548-05:00 DEBUG 146089 --- [           main] o.s.web.client.RestTemplate              : HTTP GET http://localhost:35773/api/subscriptions/me
2026-08-19T11:13:22.548-05:00 DEBUG 146089 --- [           main] o.s.web.client.RestTemplate              : Accept=[application/json, application/yaml, application/*+json]
2026-08-19T11:13:22.551-05:00 DEBUG 146089 --- [o-auto-1-exec-4] o.s.security.web.FilterChainProxy        : Securing GET /api/subscriptions/me
2026-08-19T11:13:22.552-05:00 TRACE 146089 --- [o-auto-1-exec-4] s.s.w.c.CsrfTokenRequestAttributeHandler : Wrote a CSRF token to the following request attributes: [_csrf, org.springframework.security.web.csrf.CsrfToken]
2026-08-19T11:13:22.552-05:00 TRACE 146089 --- [o-auto-1-exec-4] o.s.security.web.csrf.CsrfFilter         : Did not protect against CSRF since request did not match And [CsrfNotRequired [TRACE, HEAD, GET, OPTIONS], Not [Or [Deferred [Mvc [pattern='/api/auth/login'], Ant [pattern='/api/auth/login']], Deferred [Mvc [pattern='/api/auth/register'], Ant [pattern='/api/auth/register']], Deferred [Mvc [pattern='/api/webhooks/**'], Ant [pattern='/api/webhooks/**']]]]]
2026-08-19T11:13:22.559-05:00 DEBUG 146089 --- [o-auto-1-exec-4] o.s.security.web.FilterChainProxy        : Secured GET /api/subscriptions/me
2026-08-19T11:13:22.560-05:00 DEBUG 146089 --- [o-auto-1-exec-4] o.s.web.servlet.DispatcherServlet        : GET "/api/subscriptions/me", parameters={}
2026-08-19T11:13:22.560-05:00 DEBUG 146089 --- [o-auto-1-exec-4] s.w.s.m.m.a.RequestMappingHandlerMapping : Mapped to com.menusaas.subscriptions.controller.SubscriptionController#getMine()
2026-08-19T11:13:22.569-05:00 DEBUG 146089 --- [o-auto-1-exec-4] m.m.a.RequestResponseBodyMethodProcessor : Using 'application/json', given [application/json, application/yaml, application/*+json] and supported [application/json, application/*+json, application/yaml]
2026-08-19T11:13:22.569-05:00 DEBUG 146089 --- [o-auto-1-exec-4] m.m.a.RequestResponseBodyMethodProcessor : Writing [ApiResponse[success=true, message=OK, data=SubscriptionResponse[id=5, restaurantId=6, plan=PlanRespo (truncated)...]
2026-08-19T11:13:22.571-05:00 DEBUG 146089 --- [o-auto-1-exec-4] o.s.web.servlet.DispatcherServlet        : Completed 200 OK
2026-08-19T11:13:22.572-05:00 DEBUG 146089 --- [           main] o.s.web.client.RestTemplate              : Response 200 OK
2026-08-19T11:13:22.573-05:00 DEBUG 146089 --- [           main] o.s.web.client.RestTemplate              : Reading to [com.fasterxml.jackson.databind.JsonNode]
2026-08-19T11:13:22.575-05:00 DEBUG 146089 --- [           main] o.s.web.client.RestTemplate              : HTTP POST http://localhost:35773/api/subscriptions/subscribe
2026-08-19T11:13:22.576-05:00 DEBUG 146089 --- [           main] o.s.web.client.RestTemplate              : Accept=[application/json, application/yaml, application/*+json]
2026-08-19T11:13:22.576-05:00 DEBUG 146089 --- [           main] o.s.web.client.RestTemplate              : Writing [{"planCode":"NO_EXISTE"}] as "application/json"
2026-08-19T11:13:22.580-05:00 DEBUG 146089 --- [o-auto-1-exec-5] o.s.security.web.FilterChainProxy        : Securing POST /api/subscriptions/subscribe
2026-08-19T11:13:22.581-05:00 TRACE 146089 --- [o-auto-1-exec-5] s.s.w.c.CsrfTokenRequestAttributeHandler : Wrote a CSRF token to the following request attributes: [_csrf, org.springframework.security.web.csrf.CsrfToken]
2026-08-19T11:13:22.581-05:00 TRACE 146089 --- [o-auto-1-exec-5] o.s.security.web.csrf.CsrfFilter         : Found a CSRF token in the request
2026-08-19T11:13:22.588-05:00 DEBUG 146089 --- [o-auto-1-exec-5] o.s.security.web.FilterChainProxy        : Secured POST /api/subscriptions/subscribe
2026-08-19T11:13:22.589-05:00 DEBUG 146089 --- [o-auto-1-exec-5] o.s.web.servlet.DispatcherServlet        : POST "/api/subscriptions/subscribe", parameters={}
2026-08-19T11:13:22.589-05:00 DEBUG 146089 --- [o-auto-1-exec-5] s.w.s.m.m.a.RequestMappingHandlerMapping : Mapped to com.menusaas.subscriptions.controller.SubscriptionController#subscribe(SubscriptionRequest)
2026-08-19T11:13:22.592-05:00 DEBUG 146089 --- [o-auto-1-exec-5] m.m.a.RequestResponseBodyMethodProcessor : Read "application/json;charset=UTF-8" to [SubscriptionRequest[planCode=NO_EXISTE]]
2026-08-19T11:13:22.598-05:00 DEBUG 146089 --- [o-auto-1-exec-5] .m.m.a.ExceptionHandlerExceptionResolver : Using @ExceptionHandler com.menusaas.shared.api.GlobalExceptionHandler#handleNotFound(ResourceNotFoundException)
2026-08-19T11:13:22.598-05:00 DEBUG 146089 --- [o-auto-1-exec-5] o.s.w.s.m.m.a.HttpEntityMethodProcessor  : Using 'application/json', given [application/json, application/yaml, application/*+json] and supported [application/json, application/*+json, application/yaml]
2026-08-19T11:13:22.599-05:00 DEBUG 146089 --- [o-auto-1-exec-5] o.s.w.s.m.m.a.HttpEntityMethodProcessor  : Writing [ErrorResponse[message=Plan no encontrado, code=NOT_FOUND, status=404, timestamp=2026-08-19T16:13:22. (truncated)...]
2026-08-19T11:13:22.600-05:00 DEBUG 146089 --- [o-auto-1-exec-5] .m.m.a.ExceptionHandlerExceptionResolver : Resolved [com.menusaas.shared.api.ResourceNotFoundException: Plan no encontrado]
2026-08-19T11:13:22.600-05:00 DEBUG 146089 --- [o-auto-1-exec-5] o.s.web.servlet.DispatcherServlet        : Completed 404 NOT_FOUND
2026-08-19T11:13:22.600-05:00 DEBUG 146089 --- [           main] o.s.web.client.RestTemplate              : Response 404 NOT_FOUND
2026-08-19T11:13:22.601-05:00 DEBUG 146089 --- [           main] o.s.web.client.RestTemplate              : Reading to [com.fasterxml.jackson.databind.JsonNode]
2026-08-19T11:13:22.603-05:00 DEBUG 146089 --- [           main] o.s.web.client.RestTemplate              : HTTP POST http://localhost:35773/api/subscriptions/cancel
2026-08-19T11:13:22.604-05:00 DEBUG 146089 --- [           main] o.s.web.client.RestTemplate              : Accept=[application/json, application/yaml, application/*+json]
2026-08-19T11:13:22.610-05:00 DEBUG 146089 --- [o-auto-1-exec-6] o.s.security.web.FilterChainProxy        : Securing POST /api/subscriptions/cancel
2026-08-19T11:13:22.611-05:00 TRACE 146089 --- [o-auto-1-exec-6] s.s.w.c.CsrfTokenRequestAttributeHandler : Wrote a CSRF token to the following request attributes: [_csrf, org.springframework.security.web.csrf.CsrfToken]
2026-08-19T11:13:22.611-05:00 TRACE 146089 --- [o-auto-1-exec-6] o.s.security.web.csrf.CsrfFilter         : Found a CSRF token in the request
2026-08-19T11:13:22.617-05:00 DEBUG 146089 --- [o-auto-1-exec-6] o.s.security.web.FilterChainProxy        : Secured POST /api/subscriptions/cancel
2026-08-19T11:13:22.617-05:00 DEBUG 146089 --- [o-auto-1-exec-6] o.s.web.servlet.DispatcherServlet        : POST "/api/subscriptions/cancel", parameters={}
2026-08-19T11:13:22.617-05:00 DEBUG 146089 --- [o-auto-1-exec-6] s.w.s.m.m.a.RequestMappingHandlerMapping : Mapped to com.menusaas.subscriptions.controller.SubscriptionController#cancel()
2026-08-19T11:13:22.636-05:00 DEBUG 146089 --- [o-auto-1-exec-6] m.m.a.RequestResponseBodyMethodProcessor : Using 'application/json', given [application/json, application/yaml, application/*+json] and supported [application/json, application/*+json, application/yaml]
2026-08-19T11:13:22.636-05:00 DEBUG 146089 --- [o-auto-1-exec-6] m.m.a.RequestResponseBodyMethodProcessor : Writing [ApiResponse[success=true, message=Suscripción cancelada, data=SubscriptionResponse[id=5, restaurantI (truncated)...]
2026-08-19T11:13:22.638-05:00 DEBUG 146089 --- [o-auto-1-exec-6] o.s.web.servlet.DispatcherServlet        : Completed 200 OK
2026-08-19T11:13:22.639-05:00 DEBUG 146089 --- [           main] o.s.web.client.RestTemplate              : Response 200 OK
2026-08-19T11:13:22.639-05:00 DEBUG 146089 --- [           main] o.s.web.client.RestTemplate              : Reading to [com.fasterxml.jackson.databind.JsonNode]
2026-08-19T11:13:22.641-05:00 DEBUG 146089 --- [           main] o.s.web.client.RestTemplate              : HTTP POST http://localhost:35773/api/webhooks/stripe
2026-08-19T11:13:22.642-05:00 DEBUG 146089 --- [           main] o.s.web.client.RestTemplate              : Accept=[application/json, application/yaml, application/*+json]
2026-08-19T11:13:22.642-05:00 DEBUG 146089 --- [           main] o.s.web.client.RestTemplate              : Writing [{"type":"checkout.session.completed"}] as "application/json"
2026-08-19T11:13:22.645-05:00 DEBUG 146089 --- [o-auto-1-exec-7] o.s.security.web.FilterChainProxy        : Securing POST /api/webhooks/stripe
2026-08-19T11:13:22.645-05:00 TRACE 146089 --- [o-auto-1-exec-7] s.s.w.c.CsrfTokenRequestAttributeHandler : Wrote a CSRF token to the following request attributes: [_csrf, org.springframework.security.web.csrf.CsrfToken]
2026-08-19T11:13:22.646-05:00 TRACE 146089 --- [o-auto-1-exec-7] o.s.security.web.csrf.CsrfFilter         : Did not protect against CSRF since request did not match And [CsrfNotRequired [TRACE, HEAD, GET, OPTIONS], Not [Or [Deferred [Mvc [pattern='/api/auth/login'], Ant [pattern='/api/auth/login']], Deferred [Mvc [pattern='/api/auth/register'], Ant [pattern='/api/auth/register']], Deferred [Mvc [pattern='/api/webhooks/**'], Ant [pattern='/api/webhooks/**']]]]]
2026-08-19T11:13:22.646-05:00 DEBUG 146089 --- [o-auto-1-exec-7] o.s.s.w.a.AnonymousAuthenticationFilter  : Set SecurityContextHolder to anonymous SecurityContext
2026-08-19T11:13:22.647-05:00 DEBUG 146089 --- [o-auto-1-exec-7] o.s.security.web.FilterChainProxy        : Secured POST /api/webhooks/stripe
2026-08-19T11:13:22.647-05:00 DEBUG 146089 --- [o-auto-1-exec-7] o.s.web.servlet.DispatcherServlet        : POST "/api/webhooks/stripe", parameters={}
2026-08-19T11:13:22.647-05:00 DEBUG 146089 --- [o-auto-1-exec-7] s.w.s.m.m.a.RequestMappingHandlerMapping : Mapped to com.menusaas.subscriptions.controller.WebhookController#stripe(String, String)
2026-08-19T11:13:22.649-05:00 DEBUG 146089 --- [o-auto-1-exec-7] m.m.a.RequestResponseBodyMethodProcessor : Read "application/json;charset=UTF-8" to ["{"type":"checkout.session.completed"}"]
2026-08-19T11:13:22.651-05:00 DEBUG 146089 --- [o-auto-1-exec-7] .m.m.a.ExceptionHandlerExceptionResolver : Using @ExceptionHandler com.menusaas.shared.api.GlobalExceptionHandler#handleBadRequest(BadRequestException)
2026-08-19T11:13:22.652-05:00 DEBUG 146089 --- [o-auto-1-exec-7] o.s.w.s.m.m.a.HttpEntityMethodProcessor  : Using 'application/json', given [application/json, application/yaml, application/*+json] and supported [application/json, application/*+json, application/yaml]
2026-08-19T11:13:22.652-05:00 DEBUG 146089 --- [o-auto-1-exec-7] o.s.w.s.m.m.a.HttpEntityMethodProcessor  : Writing [ErrorResponse[message=No hay pasarela de pagos configurada para recibir webhooks, code=BAD_REQUEST,  (truncated)...]
2026-08-19T11:13:22.653-05:00 DEBUG 146089 --- [o-auto-1-exec-7] .m.m.a.ExceptionHandlerExceptionResolver : Resolved [com.menusaas.shared.api.BadRequestException: No hay pasarela de pagos configurada para recibir webhooks]
2026-08-19T11:13:22.654-05:00 DEBUG 146089 --- [o-auto-1-exec-7] o.s.web.servlet.DispatcherServlet        : Completed 400 BAD_REQUEST
2026-08-19T11:13:22.654-05:00 DEBUG 146089 --- [           main] o.s.web.client.RestTemplate              : Response 400 BAD_REQUEST
2026-08-19T11:13:22.655-05:00 DEBUG 146089 --- [           main] o.s.web.client.RestTemplate              : Reading to [com.fasterxml.jackson.databind.JsonNode]
]]></system-out>
  </testcase>
</testsuite>