<?xml version="1.0" encoding="UTF-8"?>
<testsuite xmlns:xsi="http://www.w3.org/2001/XMLSchema-instance" xsi:noNamespaceSchemaLocation="https://maven.apache.org/surefire/maven-surefire-plugin/xsd/surefire-test-report.xsd" version="3.0.2" name="com.menusaas.subscriptions.StripeWebhookIT" time="5.095" tests="4" errors="0" skipped="0" failures="0" flakes="0">
  <properties>
[...]
</properties>
  <testcase name="webhook_withValidSignature_unknownEvent_isIgnored" classname="com.menusaas.subscriptions.StripeWebhookIT" time="0.216">
    <system-out><![CDATA[2026-08-19T11:13:22.697-05:00  INFO 146089 --- [           main] t.c.s.AnnotationConfigContextLoaderUtils : Could not detect default configuration classes for test class [com.menusaas.subscriptions.StripeWebhookIT]: StripeWebhookIT does not declare any static, non-private, non-final, nested classes annotated with @Configuration.
2026-08-19T11:13:22.707-05:00  INFO 146089 --- [           main] .b.t.c.SpringBootTestContextBootstrapper : Found @SpringBootConfiguration com.menusaas.MenuSaaSApplication for test class com.menusaas.subscriptions.StripeWebhookIT

  .   ____          _            __ _ _
 /\\ / ___'_ __ _ _(_)_ __  __ _ \ \ \ \
( ( )\___ | '_ | '_| | '_ \/ _` | \ \ \ \
 \\/  ___)| |_)| | | | | || (_| |  ) ) ) )
  '  |____| .__|_| |_|_| |_\__, | / / / /
 =========|_|==============|___/=/_/_/_/

 :: Spring Boot ::               (v3.5.16)

2026-08-19T11:13:22.773-05:00  INFO 146089 --- [           main] c.m.subscriptions.StripeWebhookIT        : Starting StripeWebhookIT using Java 21.0.12 with PID 146089 (started by clarent in /home/clarent/Documentos/Menu_restaurant/backend)
2026-08-19T11:13:22.774-05:00  INFO 146089 --- [           main] c.m.subscriptions.StripeWebhookIT        : No active profile set, falling back to 1 default profile: "default"
2026-08-19T11:13:23.667-05:00  INFO 146089 --- [           main] .s.d.r.c.RepositoryConfigurationDelegate : Bootstrapping Spring Data JPA repositories in DEFAULT mode.
2026-08-19T11:13:23.699-05:00  INFO 146089 --- [           main] .s.d.r.c.RepositoryConfigurationDelegate : Finished Spring Data repository scanning in 28 ms. Found 8 JPA repository interfaces.
2026-08-19T11:13:24.007-05:00  INFO 146089 --- [           main] o.s.b.w.embedded.tomcat.TomcatWebServer  : Tomcat initialized with port 0 (http)
2026-08-19T11:13:24.009-05:00  INFO 146089 --- [           main] o.apache.catalina.core.StandardService   : Starting service [Tomcat]
2026-08-19T11:13:24.009-05:00  INFO 146089 --- [           main] o.apache.catalina.core.StandardEngine    : Starting Servlet engine: [Apache Tomcat/10.1.55]
2026-08-19T11:13:24.059-05:00  INFO 146089 --- [           main] o.a.c.c.C.[Tomcat-1].[localhost].[/]     : Initializing Spring embedded WebApplicationContext
2026-08-19T11:13:24.059-05:00  INFO 146089 --- [           main] w.s.c.ServletWebServerApplicationContext : Root WebApplicationContext: initialization completed in 1282 ms
2026-08-19T11:13:24.306-05:00  INFO 146089 --- [           main] com.zaxxer.hikari.HikariDataSource       : HikariPool-2 - Starting...
2026-08-19T11:13:24.376-05:00  INFO 146089 --- [           main] com.zaxxer.hikari.pool.HikariPool        : HikariPool-2 - Added connection org.postgresql.jdbc.PgConnection@6813af0
2026-08-19T11:13:24.376-05:00  INFO 146089 --- [           main] com.zaxxer.hikari.HikariDataSource       : HikariPool-2 - Start completed.
2026-08-19T11:13:24.379-05:00  INFO 146089 --- [           main] org.flywaydb.core.FlywayExecutor         : Database: jdbc:postgresql://localhost:32950/test?loggerLevel=OFF (PostgreSQL 16.15)
2026-08-19T11:13:24.404-05:00  INFO 146089 --- [           main] o.f.core.internal.command.DbValidate     : Successfully validated 3 migrations (execution time 00:00.016s)
2026-08-19T11:13:24.432-05:00  INFO 146089 --- [           main] o.f.core.internal.command.DbMigrate      : Current version of schema "public": 3
2026-08-19T11:13:24.433-05:00  INFO 146089 --- [           main] o.f.core.internal.command.DbMigrate      : Schema "public" is up to date. No migration necessary.
2026-08-19T11:13:24.490-05:00  INFO 146089 --- [           main] o.hibernate.jpa.internal.util.LogHelper  : HHH000204: Processing PersistenceUnitInfo [name: default]
2026-08-19T11:13:24.496-05:00  INFO 146089 --- [           main] o.h.c.internal.RegionFactoryInitiator    : HHH000026: Second-level cache disabled
2026-08-19T11:13:24.519-05:00  INFO 146089 --- [           main] o.s.o.j.p.SpringPersistenceUnitInfo      : No LoadTimeWeaver setup: ignoring JPA class transformer
2026-08-19T11:13:24.527-05:00  INFO 146089 --- [           main] org.hibernate.orm.connections.pooling    : HHH10001005: Database info:
	Database JDBC URL [Connecting through datasource 'HikariDataSource (HikariPool-2)']
	Database driver: undefined/unknown
	Database version: 16.15
	Autocommit mode: undefined/unknown
	Isolation level: undefined/unknown
	Minimum pool size: undefined/unknown
	Maximum pool size: undefined/unknown
2026-08-19T11:13:24.680-05:00  INFO 146089 --- [           main] o.h.e.t.j.p.i.JtaPlatformInitiator       : HHH000489: No JTA platform available (set 'hibernate.transaction.jta.platform' to enable JTA platform integration)
2026-08-19T11:13:24.681-05:00  INFO 146089 --- [           main] j.LocalContainerEntityManagerFactoryBean : Initialized JPA EntityManagerFactory for persistence unit 'default'
2026-08-19T11:13:24.792-05:00 DEBUG 146089 --- [           main] o.s.w.f.ServerHttpObservationFilter      : Filter 'webMvcObservationFilter' configured for use
2026-08-19T11:13:24.935-05:00  INFO 146089 --- [           main] r$InitializeUserDetailsManagerConfigurer : Global AuthenticationManager configured with UserDetailsService bean with name customUserDetailsService
2026-08-19T11:13:25.221-05:00  WARN 146089 --- [           main] JpaBaseConfiguration$JpaWebConfiguration : spring.jpa.open-in-view is enabled by default. Therefore, database queries may be performed during view rendering. Explicitly configure spring.jpa.open-in-view to disable this warning
2026-08-19T11:13:25.317-05:00 DEBUG 146089 --- [           main] s.w.s.m.m.a.RequestMappingHandlerMapping : 44 mappings in 'requestMappingHandlerMapping'
2026-08-19T11:13:25.412-05:00 DEBUG 146089 --- [           main] o.s.w.s.handler.SimpleUrlHandlerMapping  : Patterns [/webjars/**, /**, /swagger-ui*/*swagger-initializer.js, /swagger-ui*/**] in 'resourceHandlerMapping'
2026-08-19T11:13:25.510-05:00  INFO 146089 --- [           main] o.s.b.a.e.web.EndpointLinksResolver      : Exposing 1 endpoint beneath base path '/actuator'
2026-08-19T11:13:25.601-05:00 DEBUG 146089 --- [           main] o.s.s.web.DefaultSecurityFilterChain     : Will secure any request with filters: DisableEncodeUrlFilter, WebAsyncManagerIntegrationFilter, SecurityContextHolderFilter, HeaderWriterFilter, CorsFilter, CsrfFilter, LogoutFilter, JwtAuthenticationFilter, RequestCacheAwareFilter, SecurityContextHolderAwareRequestFilter, AnonymousAuthenticationFilter, SessionManagementFilter, ExceptionTranslationFilter, AuthorizationFilter
2026-08-19T11:13:25.693-05:00 DEBUG 146089 --- [           main] s.w.s.m.m.a.RequestMappingHandlerAdapter : ControllerAdvice beans: 0 @ModelAttribute, 0 @InitBinder, 1 RequestBodyAdvice, 1 ResponseBodyAdvice
2026-08-19T11:13:25.716-05:00 DEBUG 146089 --- [           main] .m.m.a.ExceptionHandlerExceptionResolver : ControllerAdvice beans: 2 @ExceptionHandler, 1 ResponseBodyAdvice
2026-08-19T11:13:25.951-05:00  INFO 146089 --- [           main] o.s.b.w.embedded.tomcat.TomcatWebServer  : Tomcat started on port 46851 (http) with context path '/'
2026-08-19T11:13:25.961-05:00  INFO 146089 --- [           main] c.m.subscriptions.StripeWebhookIT        : Started StripeWebhookIT in 3.245 seconds (process running for 25.852)
2026-08-19T11:13:26.015-05:00 DEBUG 146089 --- [           main] o.s.web.client.RestTemplate              : HTTP POST http://localhost:46851/api/webhooks/stripe
2026-08-19T11:13:26.016-05:00 DEBUG 146089 --- [           main] o.s.web.client.RestTemplate              : Accept=[text/plain, application/json, application/yaml, application/*+json, */*]
2026-08-19T11:13:26.017-05:00 DEBUG 146089 --- [           main] o.s.web.client.RestTemplate              : Writing [{"id":"evt_ignored","type":"invoice.paid","data":{}}] as "application/json"
2026-08-19T11:13:26.021-05:00  INFO 146089 --- [o-auto-2-exec-1] o.a.c.c.C.[Tomcat-1].[localhost].[/]     : Initializing Spring DispatcherServlet 'dispatcherServlet'
2026-08-19T11:13:26.021-05:00  INFO 146089 --- [o-auto-2-exec-1] o.s.web.servlet.DispatcherServlet        : Initializing Servlet 'dispatcherServlet'
2026-08-19T11:13:26.021-05:00 DEBUG 146089 --- [o-auto-2-exec-1] o.s.web.servlet.DispatcherServlet        : Detected StandardServletMultipartResolver
2026-08-19T11:13:26.021-05:00 DEBUG 146089 --- [o-auto-2-exec-1] o.s.web.servlet.DispatcherServlet        : Detected AcceptHeaderLocaleResolver
2026-08-19T11:13:26.021-05:00 DEBUG 146089 --- [o-auto-2-exec-1] o.s.web.servlet.DispatcherServlet        : Detected FixedThemeResolver
2026-08-19T11:13:26.022-05:00 DEBUG 146089 --- [o-auto-2-exec-1] o.s.web.servlet.DispatcherServlet        : Detected org.springframework.web.servlet.view.DefaultRequestToViewNameTranslator@3d26cf42
2026-08-19T11:13:26.023-05:00 DEBUG 146089 --- [o-auto-2-exec-1] o.s.web.servlet.DispatcherServlet        : Detected org.springframework.web.servlet.support.SessionFlashMapManager@5a24b00c
2026-08-19T11:13:26.023-05:00 DEBUG 146089 --- [o-auto-2-exec-1] o.s.web.servlet.DispatcherServlet        : enableLoggingRequestDetails='false': request parameters and headers will be masked to prevent unsafe logging of potentially sensitive data
2026-08-19T11:13:26.023-05:00  INFO 146089 --- [o-auto-2-exec-1] o.s.web.servlet.DispatcherServlet        : Completed initialization in 2 ms
2026-08-19T11:13:26.025-05:00 DEBUG 146089 --- [o-auto-2-exec-1] o.s.security.web.FilterChainProxy        : Securing POST /api/webhooks/stripe
2026-08-19T11:13:26.025-05:00 TRACE 146089 --- [o-auto-2-exec-1] s.s.w.c.CsrfTokenRequestAttributeHandler : Wrote a CSRF token to the following request attributes: [_csrf, org.springframework.security.web.csrf.CsrfToken]
2026-08-19T11:13:26.026-05:00 TRACE 146089 --- [o-auto-2-exec-1] o.s.security.web.csrf.CsrfFilter         : Did not protect against CSRF since request did not match And [CsrfNotRequired [TRACE, HEAD, GET, OPTIONS], Not [Or [Deferred [Mvc [pattern='/api/auth/login'], Ant [pattern='/api/auth/login']], Deferred [Mvc [pattern='/api/auth/register'], Ant [pattern='/api/auth/register']], Deferred [Mvc [pattern='/api/webhooks/**'], Ant [pattern='/api/webhooks/**']]]]]
2026-08-19T11:13:26.027-05:00 DEBUG 146089 --- [o-auto-2-exec-1] o.s.s.w.a.AnonymousAuthenticationFilter  : Set SecurityContextHolder to anonymous SecurityContext
2026-08-19T11:13:26.028-05:00 DEBUG 146089 --- [o-auto-2-exec-1] o.s.security.web.FilterChainProxy        : Secured POST /api/webhooks/stripe
2026-08-19T11:13:26.029-05:00 DEBUG 146089 --- [o-auto-2-exec-1] o.s.web.servlet.DispatcherServlet        : POST "/api/webhooks/stripe", parameters={}
2026-08-19T11:13:26.029-05:00 DEBUG 146089 --- [o-auto-2-exec-1] s.w.s.m.m.a.RequestMappingHandlerMapping : Mapped to com.menusaas.subscriptions.controller.WebhookController#stripe(String, String)
2026-08-19T11:13:26.034-05:00 DEBUG 146089 --- [o-auto-2-exec-1] m.m.a.RequestResponseBodyMethodProcessor : Read "application/json;charset=UTF-8" to ["{"id":"evt_ignored","type":"invoice.paid","data":{}}"]
2026-08-19T11:13:26.133-05:00  INFO 146089 --- [o-auto-2-exec-1] c.m.s.payment.StripePaymentGateway       : Evento Stripe ignorado: invoice.paid
2026-08-19T11:13:26.139-05:00 DEBUG 146089 --- [o-auto-2-exec-1] m.m.a.RequestResponseBodyMethodProcessor : Using 'application/json', given [text/plain, application/json, application/yaml, application/*+json, */*] and supported [application/json, application/*+json, application/yaml]
2026-08-19T11:13:26.139-05:00 DEBUG 146089 --- [o-auto-2-exec-1] m.m.a.RequestResponseBodyMethodProcessor : Writing [ApiResponse[success=true, message=Webhook procesado, data=null, timestamp=2026-08-19T16:13:26.133773 (truncated)...]
2026-08-19T11:13:26.141-05:00 DEBUG 146089 --- [o-auto-2-exec-1] o.s.web.servlet.DispatcherServlet        : Completed 200 OK
2026-08-19T11:13:26.142-05:00 DEBUG 146089 --- [           main] o.s.web.client.RestTemplate              : Response 200 OK
2026-08-19T11:13:26.142-05:00 DEBUG 146089 --- [           main] o.s.web.client.RestTemplate              : Reading to [java.lang.String] as "application/json"
]]></system-out>
  </testcase>
  <testcase name="webhook_subscriptionDeleted_cancelsExisting" classname="com.menusaas.subscriptions.StripeWebhookIT" time="1.329">
    <system-out><![CDATA[2026-08-19T11:13:26.200-05:00 DEBUG 146089 --- [           main] o.s.web.client.RestTemplate              : HTTP POST http://localhost:46851/api/webhooks/stripe
2026-08-19T11:13:26.200-05:00 DEBUG 146089 --- [           main] o.s.web.client.RestTemplate              : Accept=[text/plain, application/json, application/yaml, application/*+json, */*]
2026-08-19T11:13:26.201-05:00 DEBUG 146089 --- [           main] o.s.web.client.RestTemplate              : Writing [{
  "id": "evt_deleted_1",
  "api_version": "2026-07-29.dahlia",
  "type": "customer.subscription.deleted",
  "data": {
    "object": {
      "id": "sub_456",
      "object": "subscription",
      "metadata": {"restaurantId": "1"}
    }
  }
}] as "application/json"
2026-08-19T11:13:26.205-05:00 DEBUG 146089 --- [o-auto-2-exec-2] o.s.security.web.FilterChainProxy        : Securing POST /api/webhooks/stripe
2026-08-19T11:13:26.205-05:00 TRACE 146089 --- [o-auto-2-exec-2] s.s.w.c.CsrfTokenRequestAttributeHandler : Wrote a CSRF token to the following request attributes: [_csrf, org.springframework.security.web.csrf.CsrfToken]
2026-08-19T11:13:26.205-05:00 TRACE 146089 --- [o-auto-2-exec-2] o.s.security.web.csrf.CsrfFilter         : Did not protect against CSRF since request did not match And [CsrfNotRequired [TRACE, HEAD, GET, OPTIONS], Not [Or [Deferred [Mvc [pattern='/api/auth/login'], Ant [pattern='/api/auth/login']], Deferred [Mvc [pattern='/api/auth/register'], Ant [pattern='/api/auth/register']], Deferred [Mvc [pattern='/api/webhooks/**'], Ant [pattern='/api/webhooks/**']]]]]
2026-08-19T11:13:26.206-05:00 DEBUG 146089 --- [o-auto-2-exec-2] o.s.s.w.a.AnonymousAuthenticationFilter  : Set SecurityContextHolder to anonymous SecurityContext
2026-08-19T11:13:26.206-05:00 DEBUG 146089 --- [o-auto-2-exec-2] o.s.security.web.FilterChainProxy        : Secured POST /api/webhooks/stripe
2026-08-19T11:13:26.206-05:00 DEBUG 146089 --- [o-auto-2-exec-2] o.s.web.servlet.DispatcherServlet        : POST "/api/webhooks/stripe", parameters={}
2026-08-19T11:13:26.207-05:00 DEBUG 146089 --- [o-auto-2-exec-2] s.w.s.m.m.a.RequestMappingHandlerMapping : Mapped to com.menusaas.subscriptions.controller.WebhookController#stripe(String, String)
2026-08-19T11:13:26.208-05:00 DEBUG 146089 --- [o-auto-2-exec-2] m.m.a.RequestResponseBodyMethodProcessor : Read "application/json;charset=UTF-8" to ["{<EOL>  "id": "evt_deleted_1",<EOL>  "api_version": "2026-07-29.dahlia",<EOL>  "type": "customer.subscription.de (truncated)..."]
2026-08-19T11:13:27.463-05:00 DEBUG 146089 --- [o-auto-2-exec-2] m.m.a.RequestResponseBodyMethodProcessor : Using 'application/json', given [text/plain, application/json, application/yaml, application/*+json, */*] and supported [application/json, application/*+json, application/yaml]
2026-08-19T11:13:27.463-05:00 DEBUG 146089 --- [o-auto-2-exec-2] m.m.a.RequestResponseBodyMethodProcessor : Writing [ApiResponse[success=true, message=Webhook procesado, data=null, timestamp=2026-08-19T16:13:27.462628 (truncated)...]
2026-08-19T11:13:27.464-05:00 DEBUG 146089 --- [o-auto-2-exec-2] o.s.web.servlet.DispatcherServlet        : Completed 200 OK
2026-08-19T11:13:27.465-05:00 DEBUG 146089 --- [           main] o.s.web.client.RestTemplate              : Response 200 OK
2026-08-19T11:13:27.466-05:00 DEBUG 146089 --- [           main] o.s.web.client.RestTemplate              : Reading to [java.lang.String] as "application/json"
]]></system-out>
  </testcase>
  <testcase name="webhook_withInvalidSignature_isRejected" classname="com.menusaas.subscriptions.StripeWebhookIT" time="0.038">
    <system-out><![CDATA[2026-08-19T11:13:27.526-05:00 DEBUG 146089 --- [           main] o.s.web.client.RestTemplate              : HTTP POST http://localhost:46851/api/webhooks/stripe
2026-08-19T11:13:27.526-05:00 DEBUG 146089 --- [           main] o.s.web.client.RestTemplate              : Accept=[text/plain, application/json, application/yaml, application/*+json, */*]
2026-08-19T11:13:27.527-05:00 DEBUG 146089 --- [           main] o.s.web.client.RestTemplate              : Writing [{"type":"checkout.session.completed","data":{}}] as "application/json"
2026-08-19T11:13:27.529-05:00 DEBUG 146089 --- [o-auto-2-exec-3] o.s.security.web.FilterChainProxy        : Securing POST /api/webhooks/stripe
2026-08-19T11:13:27.530-05:00 TRACE 146089 --- [o-auto-2-exec-3] s.s.w.c.CsrfTokenRequestAttributeHandler : Wrote a CSRF token to the following request attributes: [_csrf, org.springframework.security.web.csrf.CsrfToken]
2026-08-19T11:13:27.530-05:00 TRACE 146089 --- [o-auto-2-exec-3] o.s.security.web.csrf.CsrfFilter         : Did not protect against CSRF since request did not match And [CsrfNotRequired [TRACE, HEAD, GET, OPTIONS], Not [Or [Deferred [Mvc [pattern='/api/auth/login'], Ant [pattern='/api/auth/login']], Deferred [Mvc [pattern='/api/auth/register'], Ant [pattern='/api/auth/register']], Deferred [Mvc [pattern='/api/webhooks/**'], Ant [pattern='/api/webhooks/**']]]]]
2026-08-19T11:13:27.530-05:00 DEBUG 146089 --- [o-auto-2-exec-3] o.s.s.w.a.AnonymousAuthenticationFilter  : Set SecurityContextHolder to anonymous SecurityContext
2026-08-19T11:13:27.531-05:00 DEBUG 146089 --- [o-auto-2-exec-3] o.s.security.web.FilterChainProxy        : Secured POST /api/webhooks/stripe
2026-08-19T11:13:27.531-05:00 DEBUG 146089 --- [o-auto-2-exec-3] o.s.web.servlet.DispatcherServlet        : POST "/api/webhooks/stripe", parameters={}
2026-08-19T11:13:27.531-05:00 DEBUG 146089 --- [o-auto-2-exec-3] s.w.s.m.m.a.RequestMappingHandlerMapping : Mapped to com.menusaas.subscriptions.controller.WebhookController#stripe(String, String)
2026-08-19T11:13:27.532-05:00 DEBUG 146089 --- [o-auto-2-exec-3] m.m.a.RequestResponseBodyMethodProcessor : Read "application/json;charset=UTF-8" to ["{"type":"checkout.session.completed","data":{}}"]
2026-08-19T11:13:27.537-05:00 DEBUG 146089 --- [o-auto-2-exec-3] .m.m.a.ExceptionHandlerExceptionResolver : Using @ExceptionHandler com.menusaas.shared.api.GlobalExceptionHandler#handleBadRequest(BadRequestException)
2026-08-19T11:13:27.541-05:00 DEBUG 146089 --- [o-auto-2-exec-3] o.s.w.s.m.m.a.HttpEntityMethodProcessor  : Using 'application/json', given [text/plain, application/json, application/yaml, application/*+json, */*] and supported [application/json, application/*+json, application/yaml]
2026-08-19T11:13:27.542-05:00 DEBUG 146089 --- [o-auto-2-exec-3] o.s.w.s.m.m.a.HttpEntityMethodProcessor  : Writing [ErrorResponse[message=Firma de webhook inválida, code=BAD_REQUEST, status=400, timestamp=2026-08-19T (truncated)...]
2026-08-19T11:13:27.543-05:00 DEBUG 146089 --- [o-auto-2-exec-3] .m.m.a.ExceptionHandlerExceptionResolver : Resolved [com.menusaas.shared.api.BadRequestException: Firma de webhook inválida]
2026-08-19T11:13:27.544-05:00 DEBUG 146089 --- [o-auto-2-exec-3] o.s.web.servlet.DispatcherServlet        : Completed 400 BAD_REQUEST
2026-08-19T11:13:27.544-05:00 DEBUG 146089 --- [           main] o.s.web.client.RestTemplate              : Response 400 BAD_REQUEST
2026-08-19T11:13:27.544-05:00 DEBUG 146089 --- [           main] o.s.web.client.RestTemplate              : Reading to [java.lang.String] as "application/json"
]]></system-out>
  </testcase>
  <testcase name="webhook_checkoutCompleted_activatesSubscription" classname="com.menusaas.subscriptions.StripeWebhookIT" time="0.233">
    <system-out><![CDATA[2026-08-19T11:13:27.562-05:00 DEBUG 146089 --- [           main] o.s.web.client.RestTemplate              : HTTP POST http://localhost:46851/api/webhooks/stripe
2026-08-19T11:13:27.563-05:00 DEBUG 146089 --- [           main] o.s.web.client.RestTemplate              : Accept=[text/plain, application/json, application/yaml, application/*+json, */*]
2026-08-19T11:13:27.563-05:00 DEBUG 146089 --- [           main] o.s.web.client.RestTemplate              : Writing [{
  "id": "evt_completed_1",
  "api_version": "2026-07-29.dahlia",
  "type": "checkout.session.completed",
  "data": {
    "object": {
      "id": "cs_test_1",
      "object": "checkout.session",
      "payment_status": "paid",
      "metadata": {"restaurantId": "1", "planCode": "PRO"}
    }
  }
}] as "application/json"
2026-08-19T11:13:27.566-05:00 DEBUG 146089 --- [o-auto-2-exec-4] o.s.security.web.FilterChainProxy        : Securing POST /api/webhooks/stripe
2026-08-19T11:13:27.567-05:00 TRACE 146089 --- [o-auto-2-exec-4] s.s.w.c.CsrfTokenRequestAttributeHandler : Wrote a CSRF token to the following request attributes: [_csrf, org.springframework.security.web.csrf.CsrfToken]
2026-08-19T11:13:27.567-05:00 TRACE 146089 --- [o-auto-2-exec-4] o.s.security.web.csrf.CsrfFilter         : Did not protect against CSRF since request did not match And [CsrfNotRequired [TRACE, HEAD, GET, OPTIONS], Not [Or [Deferred [Mvc [pattern='/api/auth/login'], Ant [pattern='/api/auth/login']], Deferred [Mvc [pattern='/api/auth/register'], Ant [pattern='/api/auth/register']], Deferred [Mvc [pattern='/api/webhooks/**'], Ant [pattern='/api/webhooks/**']]]]]
2026-08-19T11:13:27.568-05:00 DEBUG 146089 --- [o-auto-2-exec-4] o.s.s.w.a.AnonymousAuthenticationFilter  : Set SecurityContextHolder to anonymous SecurityContext
2026-08-19T11:13:27.568-05:00 DEBUG 146089 --- [o-auto-2-exec-4] o.s.security.web.FilterChainProxy        : Secured POST /api/webhooks/stripe
2026-08-19T11:13:27.568-05:00 DEBUG 146089 --- [o-auto-2-exec-4] o.s.web.servlet.DispatcherServlet        : POST "/api/webhooks/stripe", parameters={}
2026-08-19T11:13:27.569-05:00 DEBUG 146089 --- [o-auto-2-exec-4] s.w.s.m.m.a.RequestMappingHandlerMapping : Mapped to com.menusaas.subscriptions.controller.WebhookController#stripe(String, String)
2026-08-19T11:13:27.570-05:00 DEBUG 146089 --- [o-auto-2-exec-4] m.m.a.RequestResponseBodyMethodProcessor : Read "application/json;charset=UTF-8" to ["{<EOL>  "id": "evt_completed_1",<EOL>  "api_version": "2026-07-29.dahlia",<EOL>  "type": "checkout.session.compl (truncated)..."]
2026-08-19T11:13:27.774-05:00 DEBUG 146089 --- [o-auto-2-exec-4] m.m.a.RequestResponseBodyMethodProcessor : Using 'application/json', given [text/plain, application/json, application/yaml, application/*+json, */*] and supported [application/json, application/*+json, application/yaml]
2026-08-19T11:13:27.774-05:00 DEBUG 146089 --- [o-auto-2-exec-4] m.m.a.RequestResponseBodyMethodProcessor : Writing [ApiResponse[success=true, message=Webhook procesado, data=null, timestamp=2026-08-19T16:13:27.773681 (truncated)...]
2026-08-19T11:13:27.775-05:00 DEBUG 146089 --- [o-auto-2-exec-4] o.s.web.servlet.DispatcherServlet        : Completed 200 OK
2026-08-19T11:13:27.776-05:00 DEBUG 146089 --- [           main] o.s.web.client.RestTemplate              : Response 200 OK
2026-08-19T11:13:27.776-05:00 DEBUG 146089 --- [           main] o.s.web.client.RestTemplate              : Reading to [java.lang.String] as "application/json"
]]></system-out>
  </testcase>
</testsuite>